
WARNING ⚠️ NMS time limit 0.650s exceeded
0: 640x640 1 rim, 1: 640x640 (no detections), 2: 640x640 (no detections), 1357.0ms
Speed: 219.9ms preprocess, 452.3ms inference, 2515.7ms postprocess per image at shape (1, 3, 640, 640)

0: 640x640 1 rim, 1: 640x640 (no detections), 2: 640x640 1 rim, 77.7ms
Speed: 3.0ms preprocess, 25.9ms inference, 0.6ms postprocess per image at shape (1, 3, 640, 640)

0: 640x640 1 rim, 1: 640x640 (no detections), 2: 640x640 1 rim, 78.0ms
Speed: 1.4ms preprocess, 26.0ms inference, 0.6ms postprocess per image at shape (1, 3, 640, 640)

0: 640x640 1 rim, 1: 640x640 (no detections), 2: 640x640 1 rim, 76.5ms
Speed: 1.2ms preprocess, 25.5ms inference, 0.5ms postprocess per image at shape (1, 3, 640, 640)

0: 640x640 1 rim, 1: 640x640 (no detections), 2: 640x640 1 rim, 65.5ms
Speed: 0.9ms preprocess, 21.8ms inference, 0.6ms postprocess per image at shape (1, 3, 640, 640)

0: 640x640 1 ball, 1 rim, 1: 640x640 (no detections), 2: 640x640 1 ball, 1 rim, 66.6ms
Speed: 0.9ms preprocess, 22.2ms inference, 0.6ms postprocess per image at shape (1, 3, 640, 640)

0: 640x640 1 rim, 1: 640x640 (no detections), 2: 640x640 1 ball, 1 rim, 64.6ms
Speed: 0.9ms preprocess, 21.5ms inference, 0.6ms postprocess per image at shape (1, 3, 640, 640)

0: 640x640 1 rim, 1: 640x640 (no detections), 2: 640x640 1 ball, 1 rim, 66.5ms
Speed: 1.2ms preprocess, 22.2ms inference, 0.6ms postprocess per image at shape (1, 3, 640, 640)

0: 640x640 1 rim, 1: 640x640 (no detections), 2: 640x640 1 ball, 1 rim, 65.4ms
Speed: 0.9ms preprocess, 21.8ms inference, 0.6ms postprocess per image at shape (1, 3, 640, 640)

0: 640x640 1 rim, 1: 640x640 (no detections), 2: 640x640 1 ball, 1 rim, 67.2ms
Speed: 1.2ms preprocess, 22.4ms inference, 0.6ms postprocess per image at shape (1, 3, 640, 640)

0: 640x640 1 rim, 1: 640x640 (no detections), 2: 640x640 1 rim, 67.2ms
Speed: 0.9ms preprocess, 22.4ms inference, 0.6ms postprocess per image at shape (1, 3, 640, 640)

0: 640x640 1 rim, 1: 640x640 (no detections), 2: 640x640 1 rim, 66.1ms
Speed: 0.9ms preprocess, 22.0ms inference, 0.6ms postprocess per image at shape (1, 3, 640, 640)

0: 640x640 1 rim, 1: 640x640 (no detections), 2: 640x640 1 rim, 66.2ms
Speed: 0.9ms preprocess, 22.1ms inference, 0.6ms postprocess per image at shape (1, 3, 640, 640)

0: 640x640 1 ball, 1 rim, 1: 640x640 (no detections), 2: 640x640 1 rim, 66.8ms
Speed: 1.2ms preprocess, 22.3ms inference, 0.6ms postprocess per image at shape (1, 3, 640, 640)

0: 640x640 1 ball, 1 rim, 1: 640x640 (no detections), 2: 640x640 1 rim, 66.2ms
Speed: 0.9ms preprocess, 22.1ms inference, 0.6ms postprocess per image at shape (1, 3, 640, 640)

0: 640x640 1 ball, 1 rim, 1: 640x640 (no detections), 2: 640x640 1 rim, 66.0ms
Speed: 1.2ms preprocess, 22.0ms inference, 0.6ms postprocess per image at shape (1, 3, 640, 640)

0: 640x640 1 ball, 1 rim, 1: 640x640 (no detections), 2: 640x640 1 rim, 67.0ms
Speed: 0.9ms preprocess, 22.3ms inference, 0.6ms postprocess per image at shape (1, 3, 640, 640)

0: 640x640 1 rim, 1: 640x640 (no detections), 2: 640x640 1 rim, 67.4ms
Speed: 0.9ms preprocess, 22.5ms inference, 0.6ms postprocess per image at shape (1, 3, 640, 640)

0: 640x640 1 ball, 1 rim, 1: 640x640 (no detections), 2: 640x640 1 rim, 66.3ms
Speed: 0.9ms preprocess, 22.1ms inference, 0.6ms postprocess per image at shape (1, 3, 640, 640)

0: 640x640 1 rim, 1: 640x640 (no detections), 2: 640x640 1 ball, 1 rim, 66.3ms
Speed: 1.2ms preprocess, 22.1ms inference, 0.6ms postprocess per image at shape (1, 3, 640, 640)

0: 640x640 1 ball, 1 rim, 1: 640x640 (no detections), 2: 640x640 1 ball, 1 rim, 66.5ms
Speed: 0.9ms preprocess, 22.2ms inference, 0.6ms postprocess per image at shape (1, 3, 640, 640)

0: 640x640 1 rim, 1: 640x640 (no detections), 2: 640x640 1 ball, 1 rim, 67.0ms
Speed: 1.1ms preprocess, 22.3ms inference, 0.6ms postprocess per image at shape (1, 3, 640, 640)

0: 640x640 1 ball, 1 rim, 1: 640x640 (no detections), 2: 640x640 1 rim, 66.1ms
Speed: 0.9ms preprocess, 22.0ms inference, 0.6ms postprocess per image at shape (1, 3, 640, 640)

0: 640x640 1 rim, 1: 640x640 (no detections), 2: 640x640 1 rim, 66.4ms
Speed: 0.9ms preprocess, 22.1ms inference, 0.6ms postprocess per image at shape (1, 3, 640, 640)

0: 640x640 1 ball, 1 rim, 1: 640x640 (no detections), 2: 640x640 1 rim, 66.9ms
Speed: 0.9ms preprocess, 22.3ms inference, 0.6ms postprocess per image at shape (1, 3, 640, 640)

0: 640x640 1 ball, 1 rim, 1: 640x640 (no detections), 2: 640x640 1 rim, 66.1ms
Speed: 1.2ms preprocess, 22.0ms inference, 0.6ms postprocess per image at shape (1, 3, 640, 640)

0: 640x640 1 ball, 1 rim, 1: 640x640 (no detections), 2: 640x640 1 rim, 66.4ms
Speed: 0.9ms preprocess, 22.1ms inference, 0.6ms postprocess per image at shape (1, 3, 640, 640)

0: 640x640 1 ball, 1 rim, 1: 640x640 (no detections), 2: 640x640 1 rim, 66.9ms
Speed: 1.2ms preprocess, 22.3ms inference, 0.6ms postprocess per image at shape (1, 3, 640, 640)

0: 640x640 1 ball, 1 rim, 1: 640x640 (no detections), 2: 640x640 1 rim, 67.3ms
Speed: 0.9ms preprocess, 22.4ms inference, 0.6ms postprocess per image at shape (1, 3, 640, 640)

0: 640x640 1 rim, 1: 640x640 (no detections), 2: 640x640 1 rim, 66.0ms
Speed: 0.9ms preprocess, 22.0ms inference, 0.6ms postprocess per image at shape (1, 3, 640, 640)

0: 640x640 1 rim, 1: 640x640 (no detections), 2: 640x640 1 rim, 66.5ms
Speed: 0.9ms preprocess, 22.2ms inference, 0.6ms postprocess per image at shape (1, 3, 640, 640)

0: 640x640 1 rim, 1: 640x640 (no detections), 2: 640x640 1 rim, 67.0ms
Speed: 1.2ms preprocess, 22.3ms inference, 0.6ms postprocess per image at shape (1, 3, 640, 640)

0: 640x640 1 rim, 1: 640x640 (no detections), 2: 640x640 1 rim, 67.3ms
Speed: 0.9ms preprocess, 22.4ms inference, 0.6ms postprocess per image at shape (1, 3, 640, 640)

0: 640x640 1 rim, 1: 640x640 (no detections), 2: 640x640 1 rim, 66.2ms
Speed: 1.2ms preprocess, 22.1ms inference, 0.6ms postprocess per image at shape (1, 3, 640, 640)

0: 640x640 1 rim, 1: 640x640 (no detections), 2: 640x640 1 rim, 66.7ms
Speed: 0.9ms preprocess, 22.2ms inference, 0.5ms postprocess per image at shape (1, 3, 640, 640)

0: 640x640 1 rim, 1: 640x640 (no detections), 2: 640x640 1 rim, 66.9ms
Speed: 0.9ms preprocess, 22.3ms inference, 0.5ms postprocess per image at shape (1, 3, 640, 640)

0: 640x640 1 rim, 1: 640x640 (no detections), 2: 640x640 1 rim, 67.3ms
Speed: 0.9ms preprocess, 22.4ms inference, 0.6ms postprocess per image at shape (1, 3, 640, 640)

0: 640x640 1 rim, 1: 640x640 (no detections), 2: 640x640 1 rim, 66.0ms
Speed: 1.2ms preprocess, 22.0ms inference, 0.5ms postprocess per image at shape (1, 3, 640, 640)

0: 640x640 1 rim, 1: 640x640 (no detections), 2: 640x640 1 rim, 66.8ms
Speed: 0.9ms preprocess, 22.3ms inference, 0.6ms postprocess per image at shape (1, 3, 640, 640)

0: 640x640 1 rim, 1: 640x640 (no detections), 2: 640x640 1 rim, 66.9ms
Speed: 1.2ms preprocess, 22.3ms inference, 0.6ms postprocess per image at shape (1, 3, 640, 640)

0: 640x640 1 ball, 1 rim, 1: 640x640 1 ball, 2: 640x640 1 rim, 66.3ms
Speed: 0.9ms preprocess, 22.1ms inference, 0.7ms postprocess per image at shape (1, 3, 640, 640)

0: 640x640 1 ball, 1 rim, 1: 640x640 1 ball, 2: 640x640 1 rim, 66.7ms
Speed: 0.9ms preprocess, 22.2ms inference, 0.7ms postprocess per image at shape (1, 3, 640, 640)

0: 640x640 1 rim, 1: 640x640 1 ball, 2: 640x640 1 rim, 67.0ms
Speed: 0.9ms preprocess, 22.3ms inference, 0.7ms postprocess per image at shape (1, 3, 640, 640)

0: 640x640 1 rim, 1: 640x640 1 ball, 2: 640x640 1 rim, 66.5ms
Speed: 1.2ms preprocess, 22.2ms inference, 0.7ms postprocess per image at shape (1, 3, 640, 640)

0: 640x640 1 rim, 1: 640x640 1 ball, 2: 640x640 1 rim, 66.4ms
Speed: 0.9ms preprocess, 22.1ms inference, 0.7ms postprocess per image at shape (1, 3, 640, 640)

0: 640x640 1 rim, 1: 640x640 1 ball, 2: 640x640 1 rim, 67.0ms
Speed: 1.2ms preprocess, 22.3ms inference, 0.7ms postprocess per image at shape (1, 3, 640, 640)

0: 640x640 1 rim, 1: 640x640 (no detections), 2: 640x640 1 rim, 66.2ms
Speed: 1.1ms preprocess, 22.1ms inference, 0.6ms postprocess per image at shape (1, 3, 640, 640)

0: 640x640 1 rim, 1: 640x640 (no detections), 2: 640x640 1 rim, 67.1ms
Speed: 0.9ms preprocess, 22.4ms inference, 0.6ms postprocess per image at shape (1, 3, 640, 640)

0: 640x640 1 rim, 1: 640x640 (no detections), 2: 640x640 1 rim, 67.0ms
Speed: 0.9ms preprocess, 22.3ms inference, 0.6ms postprocess per image at shape (1, 3, 640, 640)

0: 640x640 1 rim, 1: 640x640 (no detections), 2: 640x640 1 rim, 66.3ms
Speed: 1.1ms preprocess, 22.1ms inference, 0.6ms postprocess per image at shape (1, 3, 640, 640)

0: 640x640 1 rim, 1: 640x640 (no detections), 2: 640x640 1 rim, 66.9ms
Speed: 0.9ms preprocess, 22.3ms inference, 0.6ms postprocess per image at shape (1, 3, 640, 640)

0: 640x640 1 rim, 1: 640x640 (no detections), 2: 640x640 1 rim, 66.2ms
Speed: 1.1ms preprocess, 22.1ms inference, 0.6ms postprocess per image at shape (1, 3, 640, 640)

0: 640x640 1 rim, 1: 640x640 (no detections), 2: 640x640 1 rim, 66.8ms
Speed: 0.9ms preprocess, 22.3ms inference, 0.5ms postprocess per image at shape (1, 3, 640, 640)

0: 640x640 1 rim, 1: 640x640 (no detections), 2: 640x640 1 rim, 67.1ms
Speed: 0.9ms preprocess, 22.4ms inference, 0.5ms postprocess per image at shape (1, 3, 640, 640)

0: 640x640 1 rim, 1: 640x640 (no detections), 2: 640x640 1 rim, 67.2ms
Speed: 0.9ms preprocess, 22.4ms inference, 0.6ms postprocess per image at shape (1, 3, 640, 640)

0: 640x640 1 rim, 1: 640x640 (no detections), 2: 640x640 1 rim, 66.2ms
Speed: 1.2ms preprocess, 22.1ms inference, 0.6ms postprocess per image at shape (1, 3, 640, 640)

0: 640x640 1 rim, 1: 640x640 (no detections), 2: 640x640 1 rim, 67.1ms
Speed: 0.9ms preprocess, 22.4ms inference, 0.6ms postprocess per image at shape (1, 3, 640, 640)

0: 640x640 1 rim, 1: 640x640 (no detections), 2: 640x640 1 rim, 67.5ms
Speed: 1.2ms preprocess, 22.5ms inference, 0.6ms postprocess per image at shape (1, 3, 640, 640)

0: 640x640 1 rim, 1: 640x640 (no detections), 2: 640x640 1 rim, 66.6ms
Speed: 0.9ms preprocess, 22.2ms inference, 0.6ms postprocess per image at shape (1, 3, 640, 640)

0: 640x640 1 rim, 1: 640x640 (no detections), 2: 640x640 1 rim, 66.3ms
Speed: 0.9ms preprocess, 22.1ms inference, 0.6ms postprocess per image at shape (1, 3, 640, 640)

0: 640x640 1 rim, 1: 640x640 (no detections), 2: 640x640 1 rim, 69.7ms
Speed: 0.9ms preprocess, 23.2ms inference, 0.6ms postprocess per image at shape (1, 3, 640, 640)

0: 640x640 1 rim, 1: 640x640 (no detections), 2: 640x640 1 rim, 66.3ms
Speed: 1.2ms preprocess, 22.1ms inference, 0.6ms postprocess per image at shape (1, 3, 640, 640)

0: 640x640 1 rim, 1: 640x640 (no detections), 2: 640x640 1 rim, 66.6ms
Speed: 0.9ms preprocess, 22.2ms inference, 0.6ms postprocess per image at shape (1, 3, 640, 640)

0: 640x640 1 rim, 1: 640x640 (no detections), 2: 640x640 1 rim, 66.8ms
Speed: 1.2ms preprocess, 22.3ms inference, 0.6ms postprocess per image at shape (1, 3, 640, 640)

0: 640x640 1 rim, 1: 640x640 (no detections), 2: 640x640 1 rim, 67.7ms
Speed: 0.9ms preprocess, 22.6ms inference, 0.5ms postprocess per image at shape (1, 3, 640, 640)

0: 640x640 1 rim, 1: 640x640 (no detections), 2: 640x640 1 rim, 66.6ms
Speed: 0.9ms preprocess, 22.2ms inference, 0.6ms postprocess per image at shape (1, 3, 640, 640)

0: 640x640 1 rim, 1: 640x640 (no detections), 2: 640x640 1 rim, 66.5ms
Speed: 0.9ms preprocess, 22.2ms inference, 0.6ms postprocess per image at shape (1, 3, 640, 640)

0: 640x640 1 rim, 1: 640x640 (no detections), 2: 640x640 1 rim, 66.7ms
Speed: 1.2ms preprocess, 22.2ms inference, 0.6ms postprocess per image at shape (1, 3, 640, 640)

0: 640x640 1 rim, 1: 640x640 (no detections), 2: 640x640 1 rim, 67.7ms
Speed: 0.9ms preprocess, 22.6ms inference, 0.6ms postprocess per image at shape (1, 3, 640, 640)

0: 640x640 1 rim, 1: 640x640 (no detections), 2: 640x640 1 rim, 66.6ms
Speed: 1.2ms preprocess, 22.2ms inference, 0.6ms postprocess per image at shape (1, 3, 640, 640)

0: 640x640 1 rim, 1: 640x640 (no detections), 2: 640x640 1 rim, 66.6ms
Speed: 0.9ms preprocess, 22.2ms inference, 0.6ms postprocess per image at shape (1, 3, 640, 640)

0: 640x640 1 rim, 1: 640x640 (no detections), 2: 640x640 1 rim, 67.2ms
Speed: 0.9ms preprocess, 22.4ms inference, 0.6ms postprocess per image at shape (1, 3, 640, 640)

0: 640x640 1 rim, 1: 640x640 (no detections), 2: 640x640 1 rim, 67.7ms
Speed: 0.9ms preprocess, 22.6ms inference, 0.6ms postprocess per image at shape (1, 3, 640, 640)

0: 640x640 1 rim, 1: 640x640 (no detections), 2: 640x640 1 rim, 66.4ms
Speed: 1.2ms preprocess, 22.1ms inference, 0.6ms postprocess per image at shape (1, 3, 640, 640)

0: 640x640 1 rim, 1: 640x640 (no detections), 2: 640x640 1 rim, 67.6ms
Speed: 0.9ms preprocess, 22.5ms inference, 0.6ms postprocess per image at shape (1, 3, 640, 640)

0: 640x640 1 rim, 1: 640x640 (no detections), 2: 640x640 1 rim, 66.5ms
Speed: 1.1ms preprocess, 22.2ms inference, 0.5ms postprocess per image at shape (1, 3, 640, 640)

0: 640x640 1 rim, 1: 640x640 (no detections), 2: 640x640 1 rim, 66.6ms
Speed: 0.9ms preprocess, 22.2ms inference, 0.6ms postprocess per image at shape (1, 3, 640, 640)

0: 640x640 1 rim, 1: 640x640 (no detections), 2: 640x640 1 rim, 66.9ms
Speed: 0.9ms preprocess, 22.3ms inference, 0.6ms postprocess per image at shape (1, 3, 640, 640)

0: 640x640 1 rim, 1: 640x640 (no detections), 2: 640x640 1 rim, 67.7ms
Speed: 0.9ms preprocess, 22.6ms inference, 0.6ms postprocess per image at shape (1, 3, 640, 640)

0: 640x640 1 rim, 1: 640x640 (no detections), 2: 640x640 1 rim, 66.5ms
Speed: 1.2ms preprocess, 22.2ms inference, 0.6ms postprocess per image at shape (1, 3, 640, 640)

0: 640x640 1 rim, 1: 640x640 (no detections), 2: 640x640 1 rim, 66.5ms
Speed: 0.9ms preprocess, 22.2ms inference, 0.6ms postprocess per image at shape (1, 3, 640, 640)

0: 640x640 1 rim, 1: 640x640 (no detections), 2: 640x640 1 rim, 67.0ms
Speed: 1.1ms preprocess, 22.3ms inference, 0.5ms postprocess per image at shape (1, 3, 640, 640)

0: 640x640 1 rim, 1: 640x640 (no detections), 2: 640x640 1 rim, 67.8ms
Speed: 0.9ms preprocess, 22.6ms inference, 0.6ms postprocess per image at shape (1, 3, 640, 640)

0: 640x640 1 rim, 1: 640x640 (no detections), 2: 640x640 1 rim, 66.4ms
Speed: 0.9ms preprocess, 22.1ms inference, 0.5ms postprocess per image at shape (1, 3, 640, 640)

0: 640x640 1 rim, 1: 640x640 (no detections), 2: 640x640 1 rim, 66.5ms
Speed: 0.9ms preprocess, 22.2ms inference, 0.6ms postprocess per image at shape (1, 3, 640, 640)

0: 640x640 1 rim, 1: 640x640 (no detections), 2: 640x640 1 rim, 67.4ms
Speed: 1.2ms preprocess, 22.5ms inference, 0.6ms postprocess per image at shape (1, 3, 640, 640)

0: 640x640 1 rim, 1: 640x640 (no detections), 2: 640x640 1 rim, 66.8ms
Speed: 0.9ms preprocess, 22.3ms inference, 0.6ms postprocess per image at shape (1, 3, 640, 640)

0: 640x640 1 rim, 1: 640x640 (no detections), 2: 640x640 1 rim, 66.9ms
Speed: 1.2ms preprocess, 22.3ms inference, 0.6ms postprocess per image at shape (1, 3, 640, 640)

0: 640x640 1 rim, 1: 640x640 (no detections), 2: 640x640 1 rim, 67.3ms
Speed: 0.9ms preprocess, 22.4ms inference, 0.6ms postprocess per image at shape (1, 3, 640, 640)

0: 640x640 1 rim, 1: 640x640 (no detections), 2: 640x640 1 rim, 67.4ms
Speed: 0.9ms preprocess, 22.5ms inference, 0.6ms postprocess per image at shape (1, 3, 640, 640)

0: 640x640 1 rim, 1: 640x640 (no detections), 2: 640x640 1 rim, 66.6ms
Speed: 0.9ms preprocess, 22.2ms inference, 0.6ms postprocess per image at shape (1, 3, 640, 640)

0: 640x640 1 rim, 1: 640x640 (no detections), 2: 640x640 1 rim, 66.8ms
Speed: 1.2ms preprocess, 22.3ms inference, 0.6ms postprocess per image at shape (1, 3, 640, 640)

0: 640x640 1 rim, 1: 640x640 (no detections), 2: 640x640 1 rim, 67.6ms
Speed: 0.9ms preprocess, 22.5ms inference, 0.5ms postprocess per image at shape (1, 3, 640, 640)

0: 640x640 1 rim, 1: 640x640 (no detections), 2: 640x640 1 rim, 66.8ms
Speed: 1.2ms preprocess, 22.3ms inference, 0.6ms postprocess per image at shape (1, 3, 640, 640)

0: 640x640 1 rim, 1: 640x640 (no detections), 2: 640x640 1 rim, 66.5ms
Speed: 0.9ms preprocess, 22.2ms inference, 0.5ms postprocess per image at shape (1, 3, 640, 640)

0: 640x640 1 rim, 1: 640x640 (no detections), 2: 640x640 1 rim, 66.9ms
Speed: 0.9ms preprocess, 22.3ms inference, 0.6ms postprocess per image at shape (1, 3, 640, 640)

0: 640x640 1 rim, 1: 640x640 (no detections), 2: 640x640 1 rim, 67.7ms
Speed: 0.9ms preprocess, 22.6ms inference, 0.6ms postprocess per image at shape (1, 3, 640, 640)

0: 640x640 1 rim, 1: 640x640 (no detections), 2: 640x640 1 rim, 66.3ms
Speed: 1.2ms preprocess, 22.1ms inference, 0.6ms postprocess per image at shape (1, 3, 640, 640)

0: 640x640 1 rim, 1: 640x640 (no detections), 2: 640x640 1 rim, 67.1ms
Speed: 0.9ms preprocess, 22.4ms inference, 0.6ms postprocess per image at shape (1, 3, 640, 640)

0: 640x640 1 rim, 1: 640x640 (no detections), 2: 640x640 1 rim, 67.8ms
Speed: 1.1ms preprocess, 22.6ms inference, 0.6ms postprocess per image at shape (1, 3, 640, 640)

0: 640x640 1 rim, 1: 640x640 (no detections), 2: 640x640 1 rim, 66.6ms
Speed: 0.9ms preprocess, 22.2ms inference, 0.5ms postprocess per image at shape (1, 3, 640, 640)

0: 640x640 1 rim, 1: 640x640 (no detections), 2: 640x640 1 rim, 66.8ms
Speed: 0.9ms preprocess, 22.3ms inference, 0.6ms postprocess per image at shape (1, 3, 640, 640)

0: 640x640 1 rim, 1: 640x640 (no detections), 2: 640x640 1 rim, 67.3ms
Speed: 0.9ms preprocess, 22.4ms inference, 0.6ms postprocess per image at shape (1, 3, 640, 640)

0: 640x640 1 rim, 1: 640x640 (no detections), 2: 640x640 1 rim, 67.4ms
Speed: 1.2ms preprocess, 22.5ms inference, 0.6ms postprocess per image at shape (1, 3, 640, 640)

0: 640x640 1 rim, 1: 640x640 (no detections), 2: 640x640 1 rim, 66.5ms
Speed: 0.9ms preprocess, 22.2ms inference, 0.6ms postprocess per image at shape (1, 3, 640, 640)

0: 640x640 1 rim, 1: 640x640 (no detections), 2: 640x640 1 rim, 67.0ms
Speed: 1.1ms preprocess, 22.3ms inference, 0.5ms postprocess per image at shape (1, 3, 640, 640)

0: 640x640 1 rim, 1: 640x640 (no detections), 2: 640x640 1 rim, 67.7ms
Speed: 0.9ms preprocess, 22.6ms inference, 0.6ms postprocess per image at shape (1, 3, 640, 640)

0: 640x640 1 rim, 1: 640x640 (no detections), 2: 640x640 1 rim, 66.9ms
Speed: 0.9ms preprocess, 22.3ms inference, 0.6ms postprocess per image at shape (1, 3, 640, 640)

0: 640x640 1 rim, 1: 640x640 (no detections), 2: 640x640 1 rim, 66.6ms
Speed: 0.9ms preprocess, 22.2ms inference, 0.6ms postprocess per image at shape (1, 3, 640, 640)

0: 640x640 1 rim, 1: 640x640 (no detections), 2: 640x640 1 rim, 67.1ms
Speed: 1.2ms preprocess, 22.4ms inference, 0.6ms postprocess per image at shape (1, 3, 640, 640)

0: 640x640 1 rim, 1: 640x640 (no detections), 2: 640x640 1 rim, 66.7ms
Speed: 0.9ms preprocess, 22.2ms inference, 0.6ms postprocess per image at shape (1, 3, 640, 640)

0: 640x640 1 rim, 1: 640x640 (no detections), 2: 640x640 1 rim, 66.3ms
Speed: 1.1ms preprocess, 22.1ms inference, 0.6ms postprocess per image at shape (1, 3, 640, 640)

0: 640x640 1 rim, 1: 640x640 (no detections), 2: 640x640 1 rim, 67.4ms
Speed: 0.9ms preprocess, 22.5ms inference, 0.5ms postprocess per image at shape (1, 3, 640, 640)

0: 640x640 1 rim, 1: 640x640 (no detections), 2: 640x640 1 rim, 67.8ms
Speed: 0.9ms preprocess, 22.6ms inference, 0.6ms postprocess per image at shape (1, 3, 640, 640)

0: 640x640 1 rim, 1: 640x640 (no detections), 2: 640x640 1 rim, 66.7ms
Speed: 0.9ms preprocess, 22.2ms inference, 0.5ms postprocess per image at shape (1, 3, 640, 640)

0: 640x640 1 rim, 1: 640x640 (no detections), 2: 640x640 1 rim, 66.5ms
Speed: 1.1ms preprocess, 22.2ms inference, 0.5ms postprocess per image at shape (1, 3, 640, 640)

0: 640x640 1 rim, 1: 640x640 (no detections), 2: 640x640 1 rim, 67.3ms
Speed: 0.9ms preprocess, 22.4ms inference, 0.6ms postprocess per image at shape (1, 3, 640, 640)

0: 640x640 1 rim, 1: 640x640 (no detections), 2: 640x640 1 rim, 67.4ms
Speed: 1.1ms preprocess, 22.5ms inference, 0.6ms postprocess per image at shape (1, 3, 640, 640)

0: 640x640 1 rim, 1: 640x640 (no detections), 2: 640x640 1 rim, 66.6ms
Speed: 0.9ms preprocess, 22.2ms inference, 0.6ms postprocess per image at shape (1, 3, 640, 640)

0: 640x640 1 rim, 1: 640x640 (no detections), 2: 640x640 1 rim, 67.1ms
Speed: 0.9ms preprocess, 22.4ms inference, 0.6ms postprocess per image at shape (1, 3, 640, 640)

0: 640x640 1 rim, 1: 640x640 (no detections), 2: 640x640 1 rim, 67.7ms
Speed: 0.9ms preprocess, 22.6ms inference, 0.6ms postprocess per image at shape (1, 3, 640, 640)

0: 640x640 1 rim, 1: 640x640 (no detections), 2: 640x640 1 rim, 66.2ms
Speed: 1.2ms preprocess, 22.1ms inference, 0.6ms postprocess per image at shape (1, 3, 640, 640)

0: 640x640 1 rim, 1: 640x640 (no detections), 2: 640x640 1 rim, 67.1ms
Speed: 0.9ms preprocess, 22.4ms inference, 0.6ms postprocess per image at shape (1, 3, 640, 640)

0: 640x640 1 rim, 1: 640x640 (no detections), 2: 640x640 1 rim, 67.8ms
Speed: 1.1ms preprocess, 22.6ms inference, 0.6ms postprocess per image at shape (1, 3, 640, 640)

0: 640x640 1 rim, 1: 640x640 (no detections), 2: 640x640 1 rim, 66.5ms
Speed: 0.9ms preprocess, 22.2ms inference, 0.6ms postprocess per image at shape (1, 3, 640, 640)

0: 640x640 1 rim, 1: 640x640 (no detections), 2: 640x640 1 rim, 66.7ms
Speed: 0.9ms preprocess, 22.2ms inference, 0.6ms postprocess per image at shape (1, 3, 640, 640)

0: 640x640 1 rim, 1: 640x640 (no detections), 2: 640x640 1 rim, 67.4ms
Speed: 0.9ms preprocess, 22.5ms inference, 0.6ms postprocess per image at shape (1, 3, 640, 640)

0: 640x640 1 rim, 1: 640x640 (no detections), 2: 640x640 1 rim, 67.7ms
Speed: 1.2ms preprocess, 22.6ms inference, 0.6ms postprocess per image at shape (1, 3, 640, 640)

0: 640x640 1 rim, 1: 640x640 (no detections), 2: 640x640 1 rim, 66.6ms
Speed: 0.9ms preprocess, 22.2ms inference, 0.6ms postprocess per image at shape (1, 3, 640, 640)

0: 640x640 1 rim, 1: 640x640 (no detections), 2: 640x640 1 rim, 67.1ms
Speed: 1.2ms preprocess, 22.4ms inference, 0.5ms postprocess per image at shape (1, 3, 640, 640)

0: 640x640 1 rim, 1: 640x640 (no detections), 2: 640x640 1 rim, 67.8ms
Speed: 0.9ms preprocess, 22.6ms inference, 0.5ms postprocess per image at shape (1, 3, 640, 640)

0: 640x640 1 rim, 1: 640x640 (no detections), 2: 640x640 1 rim, 66.6ms
Speed: 0.9ms preprocess, 22.2ms inference, 0.6ms postprocess per image at shape (1, 3, 640, 640)

0: 640x640 1 rim, 1: 640x640 (no detections), 2: 640x640 1 rim, 66.7ms
Speed: 0.9ms preprocess, 22.2ms inference, 0.6ms postprocess per image at shape (1, 3, 640, 640)

0: 640x640 1 rim, 1: 640x640 (no detections), 2: 640x640 1 rim, 67.7ms
Speed: 1.2ms preprocess, 22.6ms inference, 0.6ms postprocess per image at shape (1, 3, 640, 640)

0: 640x640 1 rim, 1: 640x640 (no detections), 2: 640x640 1 rim, 66.7ms
Speed: 0.9ms preprocess, 22.2ms inference, 0.6ms postprocess per image at shape (1, 3, 640, 640)

0: 640x640 1 rim, 1: 640x640 (no detections), 2: 640x640 1 rim, 66.9ms
Speed: 1.2ms preprocess, 22.3ms inference, 0.6ms postprocess per image at shape (1, 3, 640, 640)

0: 640x640 1 rim, 1: 640x640 (no detections), 2: 640x640 1 rim, 67.7ms
Speed: 0.9ms preprocess, 22.6ms inference, 0.6ms postprocess per image at shape (1, 3, 640, 640)

0: 640x640 1 rim, 1: 640x640 (no detections), 2: 640x640 1 rim, 67.0ms
Speed: 0.9ms preprocess, 22.3ms inference, 0.6ms postprocess per image at shape (1, 3, 640, 640)

0: 640x640 1 rim, 1: 640x640 (no detections), 2: 640x640 1 rim, 66.6ms
Speed: 0.9ms preprocess, 22.2ms inference, 0.6ms postprocess per image at shape (1, 3, 640, 640)

0: 640x640 1 rim, 1: 640x640 (no detections), 2: 640x640 1 rim, 67.1ms
Speed: 1.2ms preprocess, 22.4ms inference, 0.6ms postprocess per image at shape (1, 3, 640, 640)

0: 640x640 1 rim, 1: 640x640 (no detections), 2: 640x640 1 rim, 67.8ms
Speed: 0.9ms preprocess, 22.6ms inference, 0.6ms postprocess per image at shape (1, 3, 640, 640)

0: 640x640 1 rim, 1: 640x640 (no detections), 2: 640x640 1 rim, 66.6ms
Speed: 1.1ms preprocess, 22.2ms inference, 0.6ms postprocess per image at shape (1, 3, 640, 640)

0: 640x640 1 rim, 1: 640x640 (no detections), 2: 640x640 1 rim, 67.0ms
Speed: 0.9ms preprocess, 22.3ms inference, 0.6ms postprocess per image at shape (1, 3, 640, 640)

0: 640x640 1 rim, 1: 640x640 (no detections), 2: 640x640 1 rim, 67.3ms
Speed: 0.9ms preprocess, 22.4ms inference, 0.5ms postprocess per image at shape (1, 3, 640, 640)

0: 640x640 1 rim, 1: 640x640 (no detections), 2: 640x640 1 rim, 67.8ms
Speed: 0.9ms preprocess, 22.6ms inference, 0.6ms postprocess per image at shape (1, 3, 640, 640)

0: 640x640 1 rim, 1: 640x640 (no detections), 2: 640x640 1 rim, 66.4ms
Speed: 1.2ms preprocess, 22.1ms inference, 0.6ms postprocess per image at shape (1, 3, 640, 640)

0: 640x640 1 rim, 1: 640x640 (no detections), 2: 640x640 1 rim, 67.3ms
Speed: 0.9ms preprocess, 22.4ms inference, 0.6ms postprocess per image at shape (1, 3, 640, 640)

0: 640x640 1 rim, 1: 640x640 (no detections), 2: 640x640 1 rim, 67.1ms
Speed: 1.2ms preprocess, 22.4ms inference, 0.6ms postprocess per image at shape (1, 3, 640, 640)

0: 640x640 1 rim, 1: 640x640 (no detections), 2: 640x640 1 rim, 66.7ms
Speed: 0.9ms preprocess, 22.2ms inference, 0.6ms postprocess per image at shape (1, 3, 640, 640)

0: 640x640 1 rim, 1: 640x640 (no detections), 2: 640x640 1 rim, 67.4ms
Speed: 0.9ms preprocess, 22.5ms inference, 0.6ms postprocess per image at shape (1, 3, 640, 640)

0: 640x640 1 rim, 1: 640x640 (no detections), 2: 640x640 1 rim, 67.8ms
Speed: 0.9ms preprocess, 22.6ms inference, 0.6ms postprocess per image at shape (1, 3, 640, 640)

0: 640x640 1 rim, 1: 640x640 (no detections), 2: 640x640 1 rim, 66.7ms
Speed: 1.2ms preprocess, 22.2ms inference, 0.5ms postprocess per image at shape (1, 3, 640, 640)

0: 640x640 1 rim, 1: 640x640 (no detections), 2: 640x640 1 ball, 1 rim, 66.8ms
Speed: 0.9ms preprocess, 22.3ms inference, 0.5ms postprocess per image at shape (1, 3, 640, 640)

0: 640x640 1 rim, 1: 640x640 (no detections), 2: 640x640 1 ball, 1 rim, 67.3ms
Speed: 1.1ms preprocess, 22.4ms inference, 0.6ms postprocess per image at shape (1, 3, 640, 640)

0: 640x640 1 rim, 1: 640x640 (no detections), 2: 640x640 1 ball, 1 rim, 67.5ms
Speed: 0.9ms preprocess, 22.5ms inference, 0.6ms postprocess per image at shape (1, 3, 640, 640)

0: 640x640 1 rim, 1: 640x640 (no detections), 2: 640x640 1 ball, 1 rim, 66.7ms
Speed: 0.9ms preprocess, 22.2ms inference, 0.6ms postprocess per image at shape (1, 3, 640, 640)

0: 640x640 1 rim, 1: 640x640 (no detections), 2: 640x640 1 rim, 67.0ms
Speed: 0.9ms preprocess, 22.3ms inference, 0.6ms postprocess per image at shape (1, 3, 640, 640)

0: 640x640 1 ball, 1 rim, 1: 640x640 (no detections), 2: 640x640 1 rim, 67.4ms
Speed: 1.2ms preprocess, 22.5ms inference, 0.6ms postprocess per image at shape (1, 3, 640, 640)

0: 640x640 1 rim, 1: 640x640 (no detections), 2: 640x640 1 ball, 1 rim, 66.6ms
Speed: 0.9ms preprocess, 22.2ms inference, 0.6ms postprocess per image at shape (1, 3, 640, 640)

0: 640x640 1 rim, 1: 640x640 (no detections), 2: 640x640 1 ball, 1 rim, 67.1ms
Speed: 1.1ms preprocess, 22.4ms inference, 0.6ms postprocess per image at shape (1, 3, 640, 640)

0: 640x640 1 rim, 1: 640x640 (no detections), 2: 640x640 1 ball, 1 rim, 67.9ms
Speed: 0.9ms preprocess, 22.6ms inference, 0.6ms postprocess per image at shape (1, 3, 640, 640)

0: 640x640 1 rim, 1: 640x640 (no detections), 2: 640x640 1 rim, 66.5ms
Speed: 0.9ms preprocess, 22.2ms inference, 0.5ms postprocess per image at shape (1, 3, 640, 640)

0: 640x640 1 rim, 1: 640x640 (no detections), 2: 640x640 1 rim, 66.9ms
Speed: 0.9ms preprocess, 22.3ms inference, 0.6ms postprocess per image at shape (1, 3, 640, 640)

0: 640x640 1 rim, 1: 640x640 (no detections), 2: 640x640 1 rim, 67.4ms
Speed: 1.2ms preprocess, 22.5ms inference, 0.6ms postprocess per image at shape (1, 3, 640, 640)

0: 640x640 1 rim, 1: 640x640 (no detections), 2: 640x640 1 rim, 67.3ms
Speed: 0.9ms preprocess, 22.4ms inference, 0.6ms postprocess per image at shape (1, 3, 640, 640)

0: 640x640 1 rim, 1: 640x640 (no detections), 2: 640x640 1 ball, 1 rim, 69.3ms
Speed: 1.1ms preprocess, 23.1ms inference, 0.6ms postprocess per image at shape (1, 3, 640, 640)

0: 640x640 1 rim, 1: 640x640 (no detections), 2: 640x640 1 ball, 1 rim, 67.0ms
Speed: 0.9ms preprocess, 22.3ms inference, 0.6ms postprocess per image at shape (1, 3, 640, 640)

0: 640x640 1 rim, 1: 640x640 (no detections), 2: 640x640 1 rim, 67.7ms
Speed: 0.9ms preprocess, 22.6ms inference, 0.5ms postprocess per image at shape (1, 3, 640, 640)

0: 640x640 1 rim, 1: 640x640 (no detections), 2: 640x640 1 rim, 67.1ms
Speed: 0.9ms preprocess, 22.4ms inference, 0.5ms postprocess per image at shape (1, 3, 640, 640)

0: 640x640 1 rim, 1: 640x640 (no detections), 2: 640x640 1 rim, 66.7ms
Speed: 1.2ms preprocess, 22.2ms inference, 0.6ms postprocess per image at shape (1, 3, 640, 640)

0: 640x640 1 rim, 1: 640x640 (no detections), 2: 640x640 1 rim, 68.0ms
Speed: 0.9ms preprocess, 22.7ms inference, 0.6ms postprocess per image at shape (1, 3, 640, 640)

0: 640x640 1 rim, 1: 640x640 (no detections), 2: 640x640 1 rim, 66.3ms
Speed: 1.1ms preprocess, 22.1ms inference, 0.6ms postprocess per image at shape (1, 3, 640, 640)

0: 640x640 1 rim, 1: 640x640 (no detections), 2: 640x640 1 rim, 67.9ms
Speed: 0.9ms preprocess, 22.6ms inference, 0.6ms postprocess per image at shape (1, 3, 640, 640)

0: 640x640 1 rim, 1: 640x640 (no detections), 2: 640x640 1 rim, 67.3ms
Speed: 0.9ms preprocess, 22.4ms inference, 0.6ms postprocess per image at shape (1, 3, 640, 640)

0: 640x640 1 rim, 1: 640x640 (no detections), 2: 640x640 1 ball, 1 rim, 67.8ms
Speed: 0.9ms preprocess, 22.6ms inference, 0.6ms postprocess per image at shape (1, 3, 640, 640)

0: 640x640 1 rim, 1: 640x640 (no detections), 2: 640x640 1 rim, 66.9ms
Speed: 1.2ms preprocess, 22.3ms inference, 0.6ms postprocess per image at shape (1, 3, 640, 640)

0: 640x640 1 rim, 1: 640x640 (no detections), 2: 640x640 1 ball, 1 rim, 67.4ms
Speed: 0.9ms preprocess, 22.5ms inference, 0.6ms postprocess per image at shape (1, 3, 640, 640)

0: 640x640 1 rim, 1: 640x640 (no detections), 2: 640x640 1 rim, 68.2ms
Speed: 1.1ms preprocess, 22.7ms inference, 0.6ms postprocess per image at shape (1, 3, 640, 640)

0: 640x640 1 rim, 1: 640x640 (no detections), 2: 640x640 1 rim, 67.0ms
Speed: 0.9ms preprocess, 22.3ms inference, 0.6ms postprocess per image at shape (1, 3, 640, 640)

0: 640x640 1 rim, 1: 640x640 (no detections), 2: 640x640 1 rim, 67.3ms
Speed: 1.5ms preprocess, 22.4ms inference, 0.6ms postprocess per image at shape (1, 3, 640, 640)

0: 640x640 1 rim, 1: 640x640 (no detections), 2: 640x640 1 rim, 68.2ms
Speed: 0.9ms preprocess, 22.7ms inference, 0.6ms postprocess per image at shape (1, 3, 640, 640)

0: 640x640 1 rim, 1: 640x640 (no detections), 2: 640x640 1 rim, 66.9ms
Speed: 1.2ms preprocess, 22.3ms inference, 0.6ms postprocess per image at shape (1, 3, 640, 640)

0: 640x640 1 rim, 1: 640x640 (no detections), 2: 640x640 1 rim, 68.1ms
Speed: 0.9ms preprocess, 22.7ms inference, 0.6ms postprocess per image at shape (1, 3, 640, 640)

0: 640x640 1 rim, 1: 640x640 (no detections), 2: 640x640 1 rim, 66.8ms
Speed: 1.1ms preprocess, 22.3ms inference, 0.6ms postprocess per image at shape (1, 3, 640, 640)

0: 640x640 1 rim, 1: 640x640 (no detections), 2: 640x640 1 rim, 67.0ms
Speed: 0.9ms preprocess, 22.3ms inference, 0.6ms postprocess per image at shape (1, 3, 640, 640)

0: 640x640 1 rim, 1: 640x640 (no detections), 2: 640x640 1 rim, 67.8ms
Speed: 0.9ms preprocess, 22.6ms inference, 0.6ms postprocess per image at shape (1, 3, 640, 640)

0: 640x640 1 rim, 1: 640x640 (no detections), 2: 640x640 1 ball, 1 rim, 67.8ms
Speed: 0.9ms preprocess, 22.6ms inference, 0.6ms postprocess per image at shape (1, 3, 640, 640)

0: 640x640 1 ball, 1 rim, 1: 640x640 (no detections), 2: 640x640 1 ball, 1 rim, 67.1ms
Speed: 1.2ms preprocess, 22.4ms inference, 0.6ms postprocess per image at shape (1, 3, 640, 640)

0: 640x640 1 rim, 1: 640x640 (no detections), 2: 640x640 1 ball, 1 rim, 67.4ms
Speed: 0.9ms preprocess, 22.5ms inference, 0.6ms postprocess per image at shape (1, 3, 640, 640)

0: 640x640 1 ball, 1 rim, 1: 640x640 (no detections), 2: 640x640 1 ball, 1 rim, 67.8ms
Speed: 1.1ms preprocess, 22.6ms inference, 0.6ms postprocess per image at shape (1, 3, 640, 640)

0: 640x640 1 ball, 1 rim, 1: 640x640 (no detections), 2: 640x640 1 ball, 1 rim, 67.0ms
Speed: 0.9ms preprocess, 22.3ms inference, 0.6ms postprocess per image at shape (1, 3, 640, 640)

0: 640x640 1 rim, 1: 640x640 (no detections), 2: 640x640 1 ball, 1 rim, 67.5ms
Speed: 0.9ms preprocess, 22.5ms inference, 0.6ms postprocess per image at shape (1, 3, 640, 640)

0: 640x640 1 rim, 1: 640x640 (no detections), 2: 640x640 1 ball, 1 rim, 68.2ms
Speed: 0.9ms preprocess, 22.7ms inference, 0.6ms postprocess per image at shape (1, 3, 640, 640)

0: 640x640 1 ball, 1 rim, 1: 640x640 (no detections), 2: 640x640 1 rim, 66.7ms
Speed: 1.2ms preprocess, 22.2ms inference, 0.6ms postprocess per image at shape (1, 3, 640, 640)

0: 640x640 1 rim, 1: 640x640 (no detections), 2: 640x640 1 rim, 67.6ms
Speed: 0.9ms preprocess, 22.5ms inference, 0.5ms postprocess per image at shape (1, 3, 640, 640)

0: 640x640 1 rim, 1: 640x640 (no detections), 2: 640x640 1 rim, 67.4ms
Speed: 1.1ms preprocess, 22.5ms inference, 0.6ms postprocess per image at shape (1, 3, 640, 640)

0: 640x640 1 rim, 1: 640x640 (no detections), 2: 640x640 1 rim, 67.1ms
Speed: 0.9ms preprocess, 22.4ms inference, 0.6ms postprocess per image at shape (1, 3, 640, 640)

0: 640x640 1 rim, 1: 640x640 (no detections), 2: 640x640 1 rim, 67.5ms
Speed: 0.9ms preprocess, 22.5ms inference, 0.6ms postprocess per image at shape (1, 3, 640, 640)

0: 640x640 1 rim, 1: 640x640 (no detections), 2: 640x640 1 rim, 68.2ms
Speed: 0.9ms preprocess, 22.7ms inference, 0.6ms postprocess per image at shape (1, 3, 640, 640)

0: 640x640 1 rim, 1: 640x640 (no detections), 2: 640x640 1 rim, 66.8ms
Speed: 1.2ms preprocess, 22.3ms inference, 0.6ms postprocess per image at shape (1, 3, 640, 640)

0: 640x640 1 rim, 1: 640x640 (no detections), 2: 640x640 1 ball, 1 rim, 67.2ms
Speed: 0.9ms preprocess, 22.4ms inference, 0.6ms postprocess per image at shape (1, 3, 640, 640)

0: 640x640 1 ball, 1 rim, 1: 640x640 (no detections), 2: 640x640 1 rim, 67.9ms
Speed: 1.1ms preprocess, 22.6ms inference, 0.6ms postprocess per image at shape (1, 3, 640, 640)

0: 640x640 1 ball, 1 rim, 1: 640x640 (no detections), 2: 640x640 1 rim, 67.4ms
Speed: 0.9ms preprocess, 22.5ms inference, 0.6ms postprocess per image at shape (1, 3, 640, 640)

0: 640x640 1 ball, 1 rim, 1: 640x640 (no detections), 2: 640x640 1 rim, 67.1ms
Speed: 0.9ms preprocess, 22.4ms inference, 0.6ms postprocess per image at shape (1, 3, 640, 640)

0: 640x640 1 rim, 1: 640x640 (no detections), 2: 640x640 1 rim, 67.6ms
Speed: 0.9ms preprocess, 22.5ms inference, 0.5ms postprocess per image at shape (1, 3, 640, 640)

0: 640x640 1 rim, 1: 640x640 (no detections), 2: 640x640 1 rim, 67.2ms
Speed: 1.1ms preprocess, 22.4ms inference, 0.5ms postprocess per image at shape (1, 3, 640, 640)

0: 640x640 1 rim, 1: 640x640 (no detections), 2: 640x640 1 rim, 67.1ms
Speed: 0.9ms preprocess, 22.4ms inference, 0.5ms postprocess per image at shape (1, 3, 640, 640)

0: 640x640 1 rim, 1: 640x640 (no detections), 2: 640x640 1 rim, 67.9ms
Speed: 1.2ms preprocess, 22.6ms inference, 0.6ms postprocess per image at shape (1, 3, 640, 640)

0: 640x640 1 rim, 1: 640x640 (no detections), 2: 640x640 1 rim, 67.7ms
Speed: 0.9ms preprocess, 22.6ms inference, 0.6ms postprocess per image at shape (1, 3, 640, 640)

0: 640x640 1 rim, 1: 640x640 (no detections), 2: 640x640 1 rim, 67.0ms
Speed: 0.9ms preprocess, 22.3ms inference, 0.6ms postprocess per image at shape (1, 3, 640, 640)

0: 640x640 1 rim, 1: 640x640 (no detections), 2: 640x640 1 rim, 67.2ms
Speed: 0.9ms preprocess, 22.4ms inference, 0.5ms postprocess per image at shape (1, 3, 640, 640)

0: 640x640 1 rim, 1: 640x640 (no detections), 2: 640x640 1 rim, 68.3ms
Speed: 1.2ms preprocess, 22.8ms inference, 0.6ms postprocess per image at shape (1, 3, 640, 640)

0: 640x640 1 rim, 1: 640x640 (no detections), 2: 640x640 1 ball, 1 rim, 67.3ms
Speed: 0.9ms preprocess, 22.4ms inference, 0.6ms postprocess per image at shape (1, 3, 640, 640)

0: 640x640 1 rim, 1: 640x640 (no detections), 2: 640x640 1 ball, 1 rim, 67.4ms
Speed: 1.1ms preprocess, 22.5ms inference, 0.5ms postprocess per image at shape (1, 3, 640, 640)

0: 640x640 1 rim, 1: 640x640 (no detections), 2: 640x640 1 ball, 1 rim, 68.2ms
Speed: 0.9ms preprocess, 22.7ms inference, 0.6ms postprocess per image at shape (1, 3, 640, 640)

0: 640x640 1 rim, 1: 640x640 (no detections), 2: 640x640 1 ball, 1 rim, 67.3ms
Speed: 0.9ms preprocess, 22.4ms inference, 0.6ms postprocess per image at shape (1, 3, 640, 640)

0: 640x640 1 rim, 1: 640x640 (no detections), 2: 640x640 1 ball, 1 rim, 67.2ms
Speed: 0.9ms preprocess, 22.4ms inference, 0.5ms postprocess per image at shape (1, 3, 640, 640)

0: 640x640 1 rim, 1: 640x640 (no detections), 2: 640x640 1 rim, 67.9ms
Speed: 1.2ms preprocess, 22.6ms inference, 0.6ms postprocess per image at shape (1, 3, 640, 640)

0: 640x640 1 rim, 1: 640x640 (no detections), 2: 640x640 1 rim, 67.3ms
Speed: 0.9ms preprocess, 22.4ms inference, 0.6ms postprocess per image at shape (1, 3, 640, 640)

0: 640x640 1 rim, 1: 640x640 (no detections), 2: 640x640 1 ball, 1 rim, 67.5ms
Speed: 1.1ms preprocess, 22.5ms inference, 0.6ms postprocess per image at shape (1, 3, 640, 640)

0: 640x640 1 rim, 1: 640x640 (no detections), 2: 640x640 1 rim, 68.3ms
Speed: 0.9ms preprocess, 22.8ms inference, 0.6ms postprocess per image at shape (1, 3, 640, 640)

0: 640x640 1 rim, 1: 640x640 (no detections), 2: 640x640 1 rim, 67.2ms
Speed: 0.9ms preprocess, 22.4ms inference, 0.6ms postprocess per image at shape (1, 3, 640, 640)

0: 640x640 1 rim, 1: 640x640 (no detections), 2: 640x640 1 rim, 67.4ms
Speed: 0.9ms preprocess, 22.5ms inference, 0.6ms postprocess per image at shape (1, 3, 640, 640)

0: 640x640 1 rim, 1: 640x640 (no detections), 2: 640x640 1 rim, 67.9ms
Speed: 1.2ms preprocess, 22.6ms inference, 0.6ms postprocess per image at shape (1, 3, 640, 640)

0: 640x640 1 rim, 1: 640x640 (no detections), 2: 640x640 1 rim, 67.5ms
Speed: 0.9ms preprocess, 22.5ms inference, 0.6ms postprocess per image at shape (1, 3, 640, 640)

0: 640x640 1 rim, 1: 640x640 (no detections), 2: 640x640 1 rim, 66.8ms
Speed: 1.1ms preprocess, 22.3ms inference, 0.6ms postprocess per image at shape (1, 3, 640, 640)

0: 640x640 1 rim, 1: 640x640 (no detections), 2: 640x640 1 rim, 67.8ms
Speed: 0.9ms preprocess, 22.6ms inference, 0.6ms postprocess per image at shape (1, 3, 640, 640)

0: 640x640 1 rim, 1: 640x640 (no detections), 2: 640x640 1 rim, 68.4ms
Speed: 0.9ms preprocess, 22.8ms inference, 0.6ms postprocess per image at shape (1, 3, 640, 640)

0: 640x640 1 rim, 1: 640x640 (no detections), 2: 640x640 1 rim, 67.2ms
Speed: 0.9ms preprocess, 22.4ms inference, 0.6ms postprocess per image at shape (1, 3, 640, 640)

0: 640x640 1 rim, 1: 640x640 (no detections), 2: 640x640 1 rim, 67.8ms
Speed: 1.1ms preprocess, 22.6ms inference, 0.6ms postprocess per image at shape (1, 3, 640, 640)

0: 640x640 1 rim, 1: 640x640 (no detections), 2: 640x640 1 rim, 67.5ms
Speed: 0.9ms preprocess, 22.5ms inference, 0.6ms postprocess per image at shape (1, 3, 640, 640)

0: 640x640 1 ball, 1 rim, 1: 640x640 (no detections), 2: 640x640 1 rim, 67.2ms
Speed: 1.1ms preprocess, 22.4ms inference, 0.6ms postprocess per image at shape (1, 3, 640, 640)

0: 640x640 1 ball, 1 rim, 1: 640x640 (no detections), 2: 640x640 1 ball, 1 rim, 67.9ms
Speed: 0.9ms preprocess, 22.6ms inference, 0.6ms postprocess per image at shape (1, 3, 640, 640)

0: 640x640 1 ball, 1 rim, 1: 640x640 (no detections), 2: 640x640 1 ball, 1 rim, 67.5ms
Speed: 0.9ms preprocess, 22.5ms inference, 0.6ms postprocess per image at shape (1, 3, 640, 640)

0: 640x640 1 ball, 1 rim, 1: 640x640 (no detections), 2: 640x640 1 rim, 67.2ms
Speed: 0.9ms preprocess, 22.4ms inference, 0.6ms postprocess per image at shape (1, 3, 640, 640)

0: 640x640 1 rim, 1: 640x640 (no detections), 2: 640x640 1 rim, 67.7ms
Speed: 1.0ms preprocess, 22.6ms inference, 0.6ms postprocess per image at shape (1, 3, 640, 640)

0: 640x640 1 rim, 1: 640x640 (no detections), 2: 640x640 1 rim, 68.5ms
Speed: 0.9ms preprocess, 22.8ms inference, 0.6ms postprocess per image at shape (1, 3, 640, 640)

0: 640x640 1 rim, 1: 640x640 (no detections), 2: 640x640 1 rim, 66.9ms
Speed: 1.1ms preprocess, 22.3ms inference, 0.6ms postprocess per image at shape (1, 3, 640, 640)

0: 640x640 1 rim, 1: 640x640 (no detections), 2: 640x640 1 rim, 67.9ms
Speed: 0.9ms preprocess, 22.6ms inference, 0.6ms postprocess per image at shape (1, 3, 640, 640)

0: 640x640 1 rim, 1: 640x640 (no detections), 2: 640x640 1 ball, 1 rim, 68.3ms
Speed: 0.9ms preprocess, 22.8ms inference, 0.6ms postprocess per image at shape (1, 3, 640, 640)

0: 640x640 1 rim, 1: 640x640 (no detections), 2: 640x640 1 ball, 1 rim, 67.0ms
Speed: 0.9ms preprocess, 22.3ms inference, 0.6ms postprocess per image at shape (1, 3, 640, 640)

0: 640x640 1 rim, 1: 640x640 (no detections), 2: 640x640 1 ball, 1 rim, 67.6ms
Speed: 1.2ms preprocess, 22.5ms inference, 0.6ms postprocess per image at shape (1, 3, 640, 640)

0: 640x640 1 ball, 1 rim, 1: 640x640 (no detections), 2: 640x640 1 ball, 1 rim, 67.9ms
Speed: 0.9ms preprocess, 22.6ms inference, 0.6ms postprocess per image at shape (1, 3, 640, 640)

0: 640x640 1 rim, 1: 640x640 (no detections), 2: 640x640 1 rim, 66.6ms
Speed: 2.4ms preprocess, 22.2ms inference, 0.6ms postprocess per image at shape (1, 3, 640, 640)

0: 640x640 1 rim, 1: 640x640 (no detections), 2: 640x640 1 ball, 1 rim, 68.2ms
Speed: 0.9ms preprocess, 22.7ms inference, 0.6ms postprocess per image at shape (1, 3, 640, 640)

0: 640x640 1 rim, 1: 640x640 (no detections), 2: 640x640 1 ball, 1 rim, 67.5ms
Speed: 0.9ms preprocess, 22.5ms inference, 0.6ms postprocess per image at shape (1, 3, 640, 640)

0: 640x640 1 rim, 1: 640x640 (no detections), 2: 640x640 1 ball, 1 rim, 66.9ms
Speed: 0.9ms preprocess, 22.3ms inference, 0.5ms postprocess per image at shape (1, 3, 640, 640)

0: 640x640 1 rim, 1: 640x640 (no detections), 2: 640x640 1 ball, 1 rim, 67.6ms
Speed: 1.1ms preprocess, 22.5ms inference, 0.6ms postprocess per image at shape (1, 3, 640, 640)

0: 640x640 1 rim, 1: 640x640 (no detections), 2: 640x640 1 rim, 68.3ms
Speed: 0.9ms preprocess, 22.8ms inference, 0.5ms postprocess per image at shape (1, 3, 640, 640)

0: 640x640 1 rim, 1: 640x640 (no detections), 2: 640x640 1 rim, 67.2ms
Speed: 1.1ms preprocess, 22.4ms inference, 0.6ms postprocess per image at shape (1, 3, 640, 640)

0: 640x640 1 rim, 1: 640x640 (no detections), 2: 640x640 1 rim, 67.8ms
Speed: 0.9ms preprocess, 22.6ms inference, 0.5ms postprocess per image at shape (1, 3, 640, 640)

0: 640x640 1 rim, 1: 640x640 (no detections), 2: 640x640 1 rim, 67.7ms
Speed: 0.9ms preprocess, 22.6ms inference, 0.6ms postprocess per image at shape (1, 3, 640, 640)

0: 640x640 1 rim, 1: 640x640 (no detections), 2: 640x640 1 rim, 67.1ms
Speed: 0.9ms preprocess, 22.4ms inference, 0.5ms postprocess per image at shape (1, 3, 640, 640)

0: 640x640 1 rim, 1: 640x640 (no detections), 2: 640x640 1 rim, 67.8ms
Speed: 1.2ms preprocess, 22.6ms inference, 0.6ms postprocess per image at shape (1, 3, 640, 640)

0: 640x640 1 rim, 1: 640x640 (no detections), 2: 640x640 1 ball, 1 rim, 67.3ms
Speed: 0.9ms preprocess, 22.4ms inference, 0.6ms postprocess per image at shape (1, 3, 640, 640)

0: 640x640 1 rim, 1: 640x640 (no detections), 2: 640x640 1 ball, 1 rim, 67.5ms
Speed: 1.1ms preprocess, 22.5ms inference, 0.6ms postprocess per image at shape (1, 3, 640, 640)

0: 640x640 1 rim, 1: 640x640 (no detections), 2: 640x640 1 ball, 1 rim, 68.1ms
Speed: 0.9ms preprocess, 22.7ms inference, 0.6ms postprocess per image at shape (1, 3, 640, 640)

0: 640x640 1 rim, 1: 640x640 (no detections), 2: 640x640 1 ball, 1 rim, 67.7ms
Speed: 0.9ms preprocess, 22.6ms inference, 0.6ms postprocess per image at shape (1, 3, 640, 640)

0: 640x640 1 rim, 1: 640x640 (no detections), 2: 640x640 1 rim, 67.1ms
Speed: 0.9ms preprocess, 22.4ms inference, 0.6ms postprocess per image at shape (1, 3, 640, 640)

0: 640x640 1 rim, 1: 640x640 (no detections), 2: 640x640 1 rim, 67.7ms
Speed: 1.2ms preprocess, 22.6ms inference, 0.6ms postprocess per image at shape (1, 3, 640, 640)

0: 640x640 1 rim, 1: 640x640 (no detections), 2: 640x640 1 rim, 68.6ms
Speed: 0.9ms preprocess, 22.9ms inference, 0.6ms postprocess per image at shape (1, 3, 640, 640)

0: 640x640 1 rim, 1: 640x640 (no detections), 2: 640x640 1 rim, 67.2ms
Speed: 1.1ms preprocess, 22.4ms inference, 0.6ms postprocess per image at shape (1, 3, 640, 640)

0: 640x640 1 rim, 1: 640x640 (no detections), 2: 640x640 1 rim, 67.9ms
Speed: 0.9ms preprocess, 22.6ms inference, 0.6ms postprocess per image at shape (1, 3, 640, 640)

0: 640x640 1 rim, 1: 640x640 (no detections), 2: 640x640 1 ball, 1 rim, 68.3ms
Speed: 0.9ms preprocess, 22.8ms inference, 0.6ms postprocess per image at shape (1, 3, 640, 640)

0: 640x640 1 rim, 1: 640x640 (no detections), 2: 640x640 1 ball, 1 rim, 67.0ms
Speed: 0.9ms preprocess, 22.3ms inference, 0.5ms postprocess per image at shape (1, 3, 640, 640)

0: 640x640 1 rim, 1: 640x640 (no detections), 2: 640x640 1 ball, 1 rim, 67.6ms
Speed: 1.2ms preprocess, 22.5ms inference, 0.6ms postprocess per image at shape (1, 3, 640, 640)

0: 640x640 1 rim, 1: 640x640 (no detections), 2: 640x640 1 rim, 67.9ms
Speed: 0.9ms preprocess, 22.6ms inference, 0.6ms postprocess per image at shape (1, 3, 640, 640)

0: 640x640 1 rim, 1: 640x640 (no detections), 2: 640x640 1 rim, 67.0ms
Speed: 1.1ms preprocess, 22.3ms inference, 0.6ms postprocess per image at shape (1, 3, 640, 640)

0: 640x640 1 rim, 1: 640x640 (no detections), 2: 640x640 1 rim, 67.9ms
Speed: 0.9ms preprocess, 22.6ms inference, 0.6ms postprocess per image at shape (1, 3, 640, 640)

0: 640x640 1 rim, 1: 640x640 (no detections), 2: 640x640 1 rim, 68.4ms
Speed: 0.9ms preprocess, 22.8ms inference, 0.6ms postprocess per image at shape (1, 3, 640, 640)

0: 640x640 1 ball, 1 rim, 1: 640x640 (no detections), 2: 640x640 1 ball, 1 rim, 67.2ms
Speed: 0.9ms preprocess, 22.4ms inference, 0.6ms postprocess per image at shape (1, 3, 640, 640)

0: 640x640 1 rim, 1: 640x640 (no detections), 2: 640x640 1 ball, 1 rim, 67.6ms
Speed: 1.1ms preprocess, 22.5ms inference, 0.5ms postprocess per image at shape (1, 3, 640, 640)

0: 640x640 1 rim, 1: 640x640 (no detections), 2: 640x640 1 ball, 1 rim, 68.3ms
Speed: 0.9ms preprocess, 22.8ms inference, 0.5ms postprocess per image at shape (1, 3, 640, 640)

0: 640x640 1 rim, 1: 640x640 (no detections), 2: 640x640 1 rim, 66.9ms
Speed: 1.1ms preprocess, 22.3ms inference, 0.6ms postprocess per image at shape (1, 3, 640, 640)

0: 640x640 1 rim, 1: 640x640 (no detections), 2: 640x640 1 rim, 67.8ms
Speed: 0.9ms preprocess, 22.6ms inference, 0.6ms postprocess per image at shape (1, 3, 640, 640)

0: 640x640 1 rim, 1: 640x640 (no detections), 2: 640x640 1 rim, 67.9ms
Speed: 0.9ms preprocess, 22.6ms inference, 0.6ms postprocess per image at shape (1, 3, 640, 640)

0: 640x640 1 rim, 1: 640x640 (no detections), 2: 640x640 1 rim, 67.7ms
Speed: 0.9ms preprocess, 22.6ms inference, 0.6ms postprocess per image at shape (1, 3, 640, 640)

0: 640x640 1 rim, 1: 640x640 (no detections), 2: 640x640 1 rim, 67.2ms
Speed: 1.2ms preprocess, 22.4ms inference, 0.6ms postprocess per image at shape (1, 3, 640, 640)

0: 640x640 1 rim, 1: 640x640 (no detections), 2: 640x640 1 rim, 68.5ms
Speed: 0.9ms preprocess, 22.8ms inference, 0.6ms postprocess per image at shape (1, 3, 640, 640)

0: 640x640 1 rim, 1: 640x640 (no detections), 2: 640x640 1 rim, 67.1ms
Speed: 1.2ms preprocess, 22.4ms inference, 0.6ms postprocess per image at shape (1, 3, 640, 640)

0: 640x640 1 rim, 1: 640x640 (no detections), 2: 640x640 1 rim, 67.7ms
Speed: 0.9ms preprocess, 22.6ms inference, 0.6ms postprocess per image at shape (1, 3, 640, 640)

0: 640x640 1 rim, 1: 640x640 (no detections), 2: 640x640 1 rim, 68.6ms
Speed: 0.9ms preprocess, 22.9ms inference, 0.6ms postprocess per image at shape (1, 3, 640, 640)

0: 640x640 1 rim, 1: 640x640 (no detections), 2: 640x640 1 rim, 67.2ms
Speed: 0.9ms preprocess, 22.4ms inference, 0.6ms postprocess per image at shape (1, 3, 640, 640)

0: 640x640 1 rim, 1: 640x640 (no detections), 2: 640x640 1 rim, 67.6ms
Speed: 1.2ms preprocess, 22.5ms inference, 0.6ms postprocess per image at shape (1, 3, 640, 640)

0: 640x640 1 rim, 1: 640x640 (no detections), 2: 640x640 1 rim, 68.5ms
Speed: 0.9ms preprocess, 22.8ms inference, 0.6ms postprocess per image at shape (1, 3, 640, 640)

0: 640x640 1 rim, 1: 640x640 (no detections), 2: 640x640 1 rim, 67.3ms
Speed: 1.2ms preprocess, 22.4ms inference, 0.5ms postprocess per image at shape (1, 3, 640, 640)

0: 640x640 1 rim, 1: 640x640 (no detections), 2: 640x640 1 rim, 68.0ms
Speed: 0.9ms preprocess, 22.7ms inference, 0.6ms postprocess per image at shape (1, 3, 640, 640)

0: 640x640 1 rim, 1: 640x640 (no detections), 2: 640x640 1 rim, 68.5ms
Speed: 0.9ms preprocess, 22.8ms inference, 0.6ms postprocess per image at shape (1, 3, 640, 640)

0: 640x640 1 rim, 1: 640x640 (no detections), 2: 640x640 1 rim, 67.2ms
Speed: 0.9ms preprocess, 22.4ms inference, 0.6ms postprocess per image at shape (1, 3, 640, 640)

0: 640x640 1 ball, 1 rim, 1: 640x640 (no detections), 2: 640x640 1 rim, 67.6ms
Speed: 1.2ms preprocess, 22.5ms inference, 0.6ms postprocess per image at shape (1, 3, 640, 640)

0: 640x640 1 ball, 1 rim, 1: 640x640 (no detections), 2: 640x640 1 rim, 67.5ms
Speed: 0.9ms preprocess, 22.5ms inference, 0.6ms postprocess per image at shape (1, 3, 640, 640)

0: 640x640 1 ball, 1 rim, 1: 640x640 (no detections), 2: 640x640 1 rim, 67.2ms
Speed: 1.2ms preprocess, 22.4ms inference, 0.6ms postprocess per image at shape (1, 3, 640, 640)

0: 640x640 1 ball, 1 rim, 1: 640x640 (no detections), 2: 640x640 1 rim, 68.1ms
Speed: 0.9ms preprocess, 22.7ms inference, 0.6ms postprocess per image at shape (1, 3, 640, 640)

0: 640x640 1 ball, 1 rim, 1: 640x640 (no detections), 2: 640x640 1 rim, 67.5ms
Speed: 0.9ms preprocess, 22.5ms inference, 0.6ms postprocess per image at shape (1, 3, 640, 640)

0: 640x640 1 ball, 1 rim, 1: 640x640 (no detections), 2: 640x640 1 rim, 67.5ms
Speed: 0.9ms preprocess, 22.5ms inference, 0.6ms postprocess per image at shape (1, 3, 640, 640)

0: 640x640 1 ball, 1 rim, 1: 640x640 (no detections), 2: 640x640 1 rim, 67.9ms
Speed: 1.2ms preprocess, 22.6ms inference, 0.6ms postprocess per image at shape (1, 3, 640, 640)

0: 640x640 1 ball, 1 rim, 1: 640x640 (no detections), 2: 640x640 1 rim, 67.6ms
Speed: 0.9ms preprocess, 22.5ms inference, 0.6ms postprocess per image at shape (1, 3, 640, 640)

0: 640x640 2 balls, 1 rim, 1: 640x640 (no detections), 2: 640x640 1 rim, 67.1ms
Speed: 1.2ms preprocess, 22.4ms inference, 0.6ms postprocess per image at shape (1, 3, 640, 640)

0: 640x640 2 balls, 1 rim, 1: 640x640 (no detections), 2: 640x640 1 rim, 68.0ms
Speed: 0.9ms preprocess, 22.7ms inference, 0.6ms postprocess per image at shape (1, 3, 640, 640)

0: 640x640 2 balls, 1 rim, 1: 640x640 (no detections), 2: 640x640 1 rim, 67.9ms
Speed: 0.9ms preprocess, 22.6ms inference, 0.6ms postprocess per image at shape (1, 3, 640, 640)

0: 640x640 1 ball, 1 rim, 1: 640x640 (no detections), 2: 640x640 1 ball, 1 rim, 67.2ms
Speed: 0.9ms preprocess, 22.4ms inference, 0.6ms postprocess per image at shape (1, 3, 640, 640)

0: 640x640 1 ball, 1 rim, 1: 640x640 (no detections), 2: 640x640 1 ball, 1 rim, 68.2ms
Speed: 1.2ms preprocess, 22.7ms inference, 0.6ms postprocess per image at shape (1, 3, 640, 640)

0: 640x640 1 rim, 1: 640x640 (no detections), 2: 640x640 1 ball, 1 rim, 67.4ms
Speed: 1.2ms preprocess, 22.5ms inference, 0.6ms postprocess per image at shape (1, 3, 640, 640)

0: 640x640 1 rim, 1: 640x640 (no detections), 2: 640x640 1 ball, 1 rim, 66.6ms
Speed: 24.7ms preprocess, 22.2ms inference, 0.6ms postprocess per image at shape (1, 3, 640, 640)

0: 640x640 1 rim, 1: 640x640 (no detections), 2: 640x640 1 ball, 1 rim, 67.4ms
Speed: 1.0ms preprocess, 22.5ms inference, 0.6ms postprocess per image at shape (1, 3, 640, 640)

0: 640x640 1 rim, 1: 640x640 (no detections), 2: 640x640 1 ball, 1 rim, 68.0ms
Speed: 0.9ms preprocess, 22.7ms inference, 0.6ms postprocess per image at shape (1, 3, 640, 640)

0: 640x640 1 rim, 1: 640x640 (no detections), 2: 640x640 1 ball, 1 rim, 67.6ms
Speed: 0.9ms preprocess, 22.5ms inference, 0.6ms postprocess per image at shape (1, 3, 640, 640)

0: 640x640 1 rim, 1: 640x640 (no detections), 2: 640x640 1 ball, 1 rim, 67.2ms
Speed: 1.2ms preprocess, 22.4ms inference, 0.6ms postprocess per image at shape (1, 3, 640, 640)

0: 640x640 1 rim, 1: 640x640 (no detections), 2: 640x640 1 ball, 1 rim, 67.9ms
Speed: 0.9ms preprocess, 22.6ms inference, 0.6ms postprocess per image at shape (1, 3, 640, 640)

0: 640x640 1 rim, 1: 640x640 (no detections), 2: 640x640 1 ball, 1 rim, 68.1ms
Speed: 0.9ms preprocess, 22.7ms inference, 0.6ms postprocess per image at shape (1, 3, 640, 640)

0: 640x640 1 rim, 1: 640x640 (no detections), 2: 640x640 1 ball, 1 rim, 67.4ms
Speed: 0.9ms preprocess, 22.5ms inference, 0.6ms postprocess per image at shape (1, 3, 640, 640)

0: 640x640 1 rim, 1: 640x640 (no detections), 2: 640x640 1 ball, 1 rim, 66.6ms
Speed: 0.9ms preprocess, 22.2ms inference, 0.6ms postprocess per image at shape (1, 3, 640, 640)

0: 640x640 1 rim, 1: 640x640 (no detections), 2: 640x640 1 ball, 1 rim, 68.4ms
Speed: 0.9ms preprocess, 22.8ms inference, 0.6ms postprocess per image at shape (1, 3, 640, 640)

0: 640x640 1 rim, 1: 640x640 (no detections), 2: 640x640 1 rim, 67.4ms
Speed: 1.1ms preprocess, 22.5ms inference, 0.6ms postprocess per image at shape (1, 3, 640, 640)

0: 640x640 1 rim, 1: 640x640 (no detections), 2: 640x640 1 rim, 67.8ms
Speed: 0.9ms preprocess, 22.6ms inference, 0.6ms postprocess per image at shape (1, 3, 640, 640)

0: 640x640 1 rim, 1: 640x640 (no detections), 2: 640x640 1 rim, 68.5ms
Speed: 0.9ms preprocess, 22.8ms inference, 0.6ms postprocess per image at shape (1, 3, 640, 640)

0: 640x640 1 rim, 1: 640x640 (no detections), 2: 640x640 1 rim, 67.1ms
Speed: 0.9ms preprocess, 22.4ms inference, 0.5ms postprocess per image at shape (1, 3, 640, 640)

0: 640x640 1 rim, 1: 640x640 (no detections), 2: 640x640 1 rim, 67.8ms
Speed: 0.9ms preprocess, 22.6ms inference, 0.6ms postprocess per image at shape (1, 3, 640, 640)

0: 640x640 1 rim, 1: 640x640 (no detections), 2: 640x640 1 rim, 68.4ms
Speed: 0.9ms preprocess, 22.8ms inference, 0.6ms postprocess per image at shape (1, 3, 640, 640)

0: 640x640 1 ball, 1 rim, 1: 640x640 (no detections), 2: 640x640 1 rim, 67.2ms
Speed: 1.2ms preprocess, 22.4ms inference, 0.6ms postprocess per image at shape (1, 3, 640, 640)

0: 640x640 1 ball, 1 rim, 1: 640x640 (no detections), 2: 640x640 1 rim, 67.8ms
Speed: 0.9ms preprocess, 22.6ms inference, 0.6ms postprocess per image at shape (1, 3, 640, 640)

0: 640x640 1 rim, 1: 640x640 (no detections), 2: 640x640 1 rim, 68.3ms
Speed: 0.9ms preprocess, 22.8ms inference, 0.6ms postprocess per image at shape (1, 3, 640, 640)

0: 640x640 1 ball, 1 rim, 1: 640x640 (no detections), 2: 640x640 1 rim, 67.7ms
Speed: 0.9ms preprocess, 22.6ms inference, 0.6ms postprocess per image at shape (1, 3, 640, 640)

0: 640x640 1 ball, 1 rim, 1: 640x640 (no detections), 2: 640x640 1 rim, 67.4ms
Speed: 0.9ms preprocess, 22.5ms inference, 0.5ms postprocess per image at shape (1, 3, 640, 640)

0: 640x640 1 ball, 1 rim, 1: 640x640 (no detections), 2: 640x640 1 rim, 68.2ms
Speed: 0.9ms preprocess, 22.7ms inference, 0.6ms postprocess per image at shape (1, 3, 640, 640)

0: 640x640 1 rim, 1: 640x640 (no detections), 2: 640x640 1 ball, 1 rim, 67.2ms
Speed: 1.1ms preprocess, 22.4ms inference, 0.6ms postprocess per image at shape (1, 3, 640, 640)

0: 640x640 1 rim, 1: 640x640 (no detections), 2: 640x640 1 rim, 67.6ms
Speed: 0.9ms preprocess, 22.5ms inference, 0.6ms postprocess per image at shape (1, 3, 640, 640)

0: 640x640 1 rim, 1: 640x640 (no detections), 2: 640x640 1 rim, 68.4ms
Speed: 0.9ms preprocess, 22.8ms inference, 0.6ms postprocess per image at shape (1, 3, 640, 640)

0: 640x640 1 rim, 1: 640x640 (no detections), 2: 640x640 1 rim, 67.3ms
Speed: 0.9ms preprocess, 22.4ms inference, 0.6ms postprocess per image at shape (1, 3, 640, 640)

0: 640x640 1 rim, 1: 640x640 (no detections), 2: 640x640 1 rim, 67.4ms
Speed: 0.9ms preprocess, 22.5ms inference, 0.6ms postprocess per image at shape (1, 3, 640, 640)

0: 640x640 1 ball, 1 rim, 1: 640x640 (no detections), 2: 640x640 1 rim, 68.2ms
Speed: 0.9ms preprocess, 22.7ms inference, 0.6ms postprocess per image at shape (1, 3, 640, 640)

0: 640x640 1 rim, 1: 640x640 (no detections), 2: 640x640 1 rim, 67.9ms
Speed: 1.1ms preprocess, 22.6ms inference, 0.6ms postprocess per image at shape (1, 3, 640, 640)

0: 640x640 1 rim, 1: 640x640 (no detections), 2: 640x640 1 rim, 67.1ms
Speed: 1.0ms preprocess, 22.4ms inference, 1.0ms postprocess per image at shape (1, 3, 640, 640)

0: 640x640 1 rim, 1: 640x640 (no detections), 2: 640x640 1 rim, 68.2ms
Speed: 0.9ms preprocess, 22.7ms inference, 0.6ms postprocess per image at shape (1, 3, 640, 640)

0: 640x640 1 rim, 1: 640x640 (no detections), 2: 640x640 1 rim, 67.7ms
Speed: 0.9ms preprocess, 22.6ms inference, 0.6ms postprocess per image at shape (1, 3, 640, 640)

0: 640x640 1 rim, 1: 640x640 (no detections), 2: 640x640 1 rim, 67.5ms
Speed: 0.9ms preprocess, 22.5ms inference, 0.6ms postprocess per image at shape (1, 3, 640, 640)

0: 640x640 1 ball, 1 rim, 1: 640x640 (no detections), 2: 640x640 1 rim, 68.1ms
Speed: 0.9ms preprocess, 22.7ms inference, 0.5ms postprocess per image at shape (1, 3, 640, 640)

0: 640x640 1 rim, 1: 640x640 (no detections), 2: 640x640 1 ball, 1 rim, 67.4ms
Speed: 1.2ms preprocess, 22.5ms inference, 0.6ms postprocess per image at shape (1, 3, 640, 640)

0: 640x640 1 ball, 1 rim, 1: 640x640 (no detections), 2: 640x640 1 ball, 1 rim, 67.5ms
Speed: 0.9ms preprocess, 22.5ms inference, 0.6ms postprocess per image at shape (1, 3, 640, 640)

0: 640x640 1 rim, 1: 640x640 (no detections), 2: 640x640 1 ball, 1 rim, 68.4ms
Speed: 0.9ms preprocess, 22.8ms inference, 0.6ms postprocess per image at shape (1, 3, 640, 640)

0: 640x640 1 rim, 1: 640x640 (no detections), 2: 640x640 1 ball, 1 rim, 67.3ms
Speed: 0.9ms preprocess, 22.4ms inference, 0.6ms postprocess per image at shape (1, 3, 640, 640)

0: 640x640 1 rim, 1: 640x640 (no detections), 2: 640x640 1 ball, 1 rim, 66.8ms
Speed: 0.9ms preprocess, 22.3ms inference, 0.6ms postprocess per image at shape (1, 3, 640, 640)

0: 640x640 1 rim, 1: 640x640 (no detections), 2: 640x640 1 ball, 1 rim, 68.8ms
Speed: 0.9ms preprocess, 22.9ms inference, 0.5ms postprocess per image at shape (1, 3, 640, 640)

0: 640x640 1 rim, 1: 640x640 (no detections), 2: 640x640 1 rim, 68.4ms
Speed: 1.2ms preprocess, 22.8ms inference, 0.6ms postprocess per image at shape (1, 3, 640, 640)

0: 640x640 1 rim, 1: 640x640 (no detections), 2: 640x640 1 rim, 67.7ms
Speed: 0.9ms preprocess, 22.6ms inference, 0.5ms postprocess per image at shape (1, 3, 640, 640)

0: 640x640 1 rim, 1: 640x640 (no detections), 2: 640x640 1 rim, 68.0ms
Speed: 0.9ms preprocess, 22.7ms inference, 0.5ms postprocess per image at shape (1, 3, 640, 640)

0: 640x640 1 rim, 1: 640x640 (no detections), 2: 640x640 1 rim, 68.4ms
Speed: 0.9ms preprocess, 22.8ms inference, 0.6ms postprocess per image at shape (1, 3, 640, 640)

0: 640x640 1 rim, 1: 640x640 (no detections), 2: 640x640 1 rim, 67.5ms
Speed: 0.9ms preprocess, 22.5ms inference, 0.6ms postprocess per image at shape (1, 3, 640, 640)

0: 640x640 1 rim, 1: 640x640 (no detections), 2: 640x640 1 rim, 67.8ms
Speed: 0.9ms preprocess, 22.6ms inference, 0.6ms postprocess per image at shape (1, 3, 640, 640)

0: 640x640 1 rim, 1: 640x640 (no detections), 2: 640x640 1 rim, 68.1ms
Speed: 1.2ms preprocess, 22.7ms inference, 0.6ms postprocess per image at shape (1, 3, 640, 640)

0: 640x640 1 rim, 1: 640x640 (no detections), 2: 640x640 1 rim, 67.5ms
Speed: 0.9ms preprocess, 22.5ms inference, 0.6ms postprocess per image at shape (1, 3, 640, 640)

0: 640x640 1 rim, 1: 640x640 (no detections), 2: 640x640 1 rim, 68.2ms
Speed: 0.9ms preprocess, 22.7ms inference, 0.6ms postprocess per image at shape (1, 3, 640, 640)

0: 640x640 1 rim, 1: 640x640 (no detections), 2: 640x640 1 rim, 68.5ms
Speed: 0.9ms preprocess, 22.8ms inference, 0.6ms postprocess per image at shape (1, 3, 640, 640)

0: 640x640 1 rim, 1: 640x640 (no detections), 2: 640x640 1 rim, 67.7ms
Speed: 0.9ms preprocess, 22.6ms inference, 0.6ms postprocess per image at shape (1, 3, 640, 640)

0: 640x640 1 rim, 1: 640x640 (no detections), 2: 640x640 1 rim, 68.1ms
Speed: 0.9ms preprocess, 22.7ms inference, 0.6ms postprocess per image at shape (1, 3, 640, 640)

0: 640x640 1 rim, 1: 640x640 (no detections), 2: 640x640 1 rim, 68.5ms
Speed: 1.1ms preprocess, 22.8ms inference, 0.6ms postprocess per image at shape (1, 3, 640, 640)

0: 640x640 1 rim, 1: 640x640 (no detections), 2: 640x640 1 rim, 67.4ms
Speed: 0.9ms preprocess, 22.5ms inference, 0.6ms postprocess per image at shape (1, 3, 640, 640)

0: 640x640 1 rim, 1: 640x640 (no detections), 2: 640x640 1 rim, 67.9ms
Speed: 0.9ms preprocess, 22.6ms inference, 0.6ms postprocess per image at shape (1, 3, 640, 640)

0: 640x640 1 rim, 1: 640x640 (no detections), 2: 640x640 1 rim, 68.4ms
Speed: 0.9ms preprocess, 22.8ms inference, 0.6ms postprocess per image at shape (1, 3, 640, 640)

0: 640x640 1 rim, 1: 640x640 (no detections), 2: 640x640 1 rim, 67.8ms
Speed: 0.9ms preprocess, 22.6ms inference, 0.6ms postprocess per image at shape (1, 3, 640, 640)

0: 640x640 1 rim, 1: 640x640 (no detections), 2: 640x640 1 rim, 67.6ms
Speed: 0.9ms preprocess, 22.5ms inference, 0.6ms postprocess per image at shape (1, 3, 640, 640)

0: 640x640 1 rim, 1: 640x640 (no detections), 2: 640x640 1 rim, 68.5ms
Speed: 1.2ms preprocess, 22.8ms inference, 0.6ms postprocess per image at shape (1, 3, 640, 640)

0: 640x640 1 rim, 1: 640x640 (no detections), 2: 640x640 1 rim, 67.6ms
Speed: 0.9ms preprocess, 22.5ms inference, 0.6ms postprocess per image at shape (1, 3, 640, 640)

0: 640x640 1 rim, 1: 640x640 (no detections), 2: 640x640 1 rim, 68.0ms
Speed: 0.9ms preprocess, 22.7ms inference, 0.6ms postprocess per image at shape (1, 3, 640, 640)

0: 640x640 1 rim, 1: 640x640 (no detections), 2: 640x640 1 rim, 68.6ms
Speed: 0.9ms preprocess, 22.9ms inference, 0.5ms postprocess per image at shape (1, 3, 640, 640)

0: 640x640 1 rim, 1: 640x640 (no detections), 2: 640x640 1 rim, 67.8ms
Speed: 0.9ms preprocess, 22.6ms inference, 0.6ms postprocess per image at shape (1, 3, 640, 640)

0: 640x640 1 rim, 1: 640x640 (no detections), 2: 640x640 1 rim, 68.0ms
Speed: 0.9ms preprocess, 22.7ms inference, 0.5ms postprocess per image at shape (1, 3, 640, 640)

0: 640x640 1 rim, 1: 640x640 (no detections), 2: 640x640 1 rim, 68.4ms
Speed: 1.2ms preprocess, 22.8ms inference, 0.6ms postprocess per image at shape (1, 3, 640, 640)

0: 640x640 1 rim, 1: 640x640 (no detections), 2: 640x640 1 rim, 67.8ms
Speed: 0.9ms preprocess, 22.6ms inference, 0.5ms postprocess per image at shape (1, 3, 640, 640)

0: 640x640 1 rim, 1: 640x640 (no detections), 2: 640x640 1 rim, 67.6ms
Speed: 0.9ms preprocess, 22.5ms inference, 0.6ms postprocess per image at shape (1, 3, 640, 640)

0: 640x640 1 rim, 1: 640x640 (no detections), 2: 640x640 1 rim, 68.3ms
Speed: 0.9ms preprocess, 22.8ms inference, 0.6ms postprocess per image at shape (1, 3, 640, 640)

0: 640x640 1 rim, 1: 640x640 (no detections), 2: 640x640 1 rim, 68.4ms
Speed: 0.9ms preprocess, 22.8ms inference, 0.6ms postprocess per image at shape (1, 3, 640, 640)

0: 640x640 1 rim, 1: 640x640 (no detections), 2: 640x640 1 rim, 67.6ms
Speed: 0.9ms preprocess, 22.5ms inference, 0.6ms postprocess per image at shape (1, 3, 640, 640)

0: 640x640 1 rim, 1: 640x640 (no detections), 2: 640x640 1 rim, 68.3ms
Speed: 1.2ms preprocess, 22.8ms inference, 0.6ms postprocess per image at shape (1, 3, 640, 640)

0: 640x640 1 rim, 1: 640x640 (no detections), 2: 640x640 1 rim, 67.6ms
Speed: 0.9ms preprocess, 22.5ms inference, 0.6ms postprocess per image at shape (1, 3, 640, 640)

0: 640x640 1 rim, 1: 640x640 (no detections), 2: 640x640 1 rim, 68.0ms
Speed: 0.9ms preprocess, 22.7ms inference, 0.6ms postprocess per image at shape (1, 3, 640, 640)

0: 640x640 1 rim, 1: 640x640 (no detections), 2: 640x640 1 rim, 68.3ms
Speed: 0.9ms preprocess, 22.8ms inference, 0.6ms postprocess per image at shape (1, 3, 640, 640)

0: 640x640 1 rim, 1: 640x640 (no detections), 2: 640x640 1 rim, 67.7ms
Speed: 0.9ms preprocess, 22.6ms inference, 0.6ms postprocess per image at shape (1, 3, 640, 640)

0: 640x640 1 rim, 1: 640x640 (no detections), 2: 640x640 1 rim, 67.8ms
Speed: 0.9ms preprocess, 22.6ms inference, 0.6ms postprocess per image at shape (1, 3, 640, 640)

0: 640x640 1 rim, 1: 640x640 (no detections), 2: 640x640 1 rim, 68.4ms
Speed: 1.1ms preprocess, 22.8ms inference, 0.6ms postprocess per image at shape (1, 3, 640, 640)

0: 640x640 1 rim, 1: 640x640 (no detections), 2: 640x640 1 rim, 67.7ms
Speed: 0.9ms preprocess, 22.6ms inference, 0.6ms postprocess per image at shape (1, 3, 640, 640)

0: 640x640 1 rim, 1: 640x640 (no detections), 2: 640x640 1 rim, 67.7ms
Speed: 0.9ms preprocess, 22.6ms inference, 0.5ms postprocess per image at shape (1, 3, 640, 640)

0: 640x640 1 rim, 1: 640x640 (no detections), 2: 640x640 1 rim, 68.5ms
Speed: 0.9ms preprocess, 22.8ms inference, 0.6ms postprocess per image at shape (1, 3, 640, 640)

0: 640x640 1 rim, 1: 640x640 (no detections), 2: 640x640 1 rim, 68.3ms
Speed: 0.9ms preprocess, 22.8ms inference, 0.6ms postprocess per image at shape (1, 3, 640, 640)

0: 640x640 1 rim, 1: 640x640 (no detections), 2: 640x640 1 rim, 67.7ms
Speed: 0.9ms preprocess, 22.6ms inference, 0.6ms postprocess per image at shape (1, 3, 640, 640)

0: 640x640 1 rim, 1: 640x640 (no detections), 2: 640x640 1 rim, 68.2ms
Speed: 1.2ms preprocess, 22.7ms inference, 0.6ms postprocess per image at shape (1, 3, 640, 640)

0: 640x640 1 rim, 1: 640x640 (no detections), 2: 640x640 1 rim, 68.0ms
Speed: 0.9ms preprocess, 22.7ms inference, 0.6ms postprocess per image at shape (1, 3, 640, 640)

0: 640x640 1 rim, 1: 640x640 (no detections), 2: 640x640 1 rim, 67.9ms
Speed: 0.9ms preprocess, 22.6ms inference, 0.5ms postprocess per image at shape (1, 3, 640, 640)

0: 640x640 1 rim, 1: 640x640 (no detections), 2: 640x640 1 rim, 68.6ms
Speed: 0.9ms preprocess, 22.9ms inference, 0.5ms postprocess per image at shape (1, 3, 640, 640)

0: 640x640 1 rim, 1: 640x640 (no detections), 2: 640x640 1 rim, 67.7ms
Speed: 0.9ms preprocess, 22.6ms inference, 0.5ms postprocess per image at shape (1, 3, 640, 640)

0: 640x640 1 rim, 1: 640x640 (no detections), 2: 640x640 1 rim, 68.0ms
Speed: 0.9ms preprocess, 22.7ms inference, 0.6ms postprocess per image at shape (1, 3, 640, 640)

0: 640x640 1 rim, 1: 640x640 (no detections), 2: 640x640 1 rim, 68.4ms
Speed: 1.2ms preprocess, 22.8ms inference, 0.6ms postprocess per image at shape (1, 3, 640, 640)

0: 640x640 1 rim, 1: 640x640 (no detections), 2: 640x640 1 rim, 67.8ms
Speed: 0.9ms preprocess, 22.6ms inference, 0.6ms postprocess per image at shape (1, 3, 640, 640)

0: 640x640 1 rim, 1: 640x640 (no detections), 2: 640x640 1 rim, 67.8ms
Speed: 0.9ms preprocess, 22.6ms inference, 0.6ms postprocess per image at shape (1, 3, 640, 640)

0: 640x640 1 rim, 1: 640x640 (no detections), 2: 640x640 1 rim, 68.4ms
Speed: 0.9ms preprocess, 22.8ms inference, 0.6ms postprocess per image at shape (1, 3, 640, 640)

0: 640x640 1 rim, 1: 640x640 (no detections), 2: 640x640 1 rim, 68.1ms
Speed: 0.9ms preprocess, 22.7ms inference, 0.6ms postprocess per image at shape (1, 3, 640, 640)

0: 640x640 1 rim, 1: 640x640 (no detections), 2: 640x640 1 rim, 67.5ms
Speed: 0.9ms preprocess, 22.5ms inference, 0.6ms postprocess per image at shape (1, 3, 640, 640)

0: 640x640 1 rim, 1: 640x640 (no detections), 2: 640x640 1 rim, 68.7ms
Speed: 1.2ms preprocess, 22.9ms inference, 0.6ms postprocess per image at shape (1, 3, 640, 640)

0: 640x640 1 rim, 1: 640x640 (no detections), 2: 640x640 1 rim, 67.7ms
Speed: 0.9ms preprocess, 22.6ms inference, 0.6ms postprocess per image at shape (1, 3, 640, 640)

0: 640x640 1 rim, 1: 640x640 (no detections), 2: 640x640 1 rim, 68.2ms
Speed: 0.9ms preprocess, 22.7ms inference, 0.6ms postprocess per image at shape (1, 3, 640, 640)

0: 640x640 1 rim, 1: 640x640 (no detections), 2: 640x640 1 rim, 68.7ms
Speed: 0.9ms preprocess, 22.9ms inference, 0.6ms postprocess per image at shape (1, 3, 640, 640)

0: 640x640 1 rim, 1: 640x640 (no detections), 2: 640x640 1 rim, 67.6ms
Speed: 0.9ms preprocess, 22.5ms inference, 0.6ms postprocess per image at shape (1, 3, 640, 640)

0: 640x640 1 rim, 1: 640x640 (no detections), 2: 640x640 1 rim, 68.2ms
Speed: 0.9ms preprocess, 22.7ms inference, 0.5ms postprocess per image at shape (1, 3, 640, 640)

0: 640x640 1 rim, 1: 640x640 (no detections), 2: 640x640 1 rim, 68.7ms
Speed: 1.2ms preprocess, 22.9ms inference, 0.6ms postprocess per image at shape (1, 3, 640, 640)

0: 640x640 1 rim, 1: 640x640 (no detections), 2: 640x640 1 rim, 67.7ms
Speed: 0.9ms preprocess, 22.6ms inference, 0.5ms postprocess per image at shape (1, 3, 640, 640)

0: 640x640 1 rim, 1: 640x640 (no detections), 2: 640x640 1 rim, 68.3ms
Speed: 0.9ms preprocess, 22.8ms inference, 0.6ms postprocess per image at shape (1, 3, 640, 640)

0: 640x640 1 rim, 1: 640x640 (no detections), 2: 640x640 1 rim, 68.9ms
Speed: 0.9ms preprocess, 23.0ms inference, 0.6ms postprocess per image at shape (1, 3, 640, 640)

0: 640x640 1 rim, 1: 640x640 (no detections), 2: 640x640 1 rim, 67.6ms
Speed: 0.9ms preprocess, 22.5ms inference, 0.6ms postprocess per image at shape (1, 3, 640, 640)

0: 640x640 1 rim, 1: 640x640 (no detections), 2: 640x640 1 rim, 68.0ms
Speed: 0.9ms preprocess, 22.7ms inference, 0.6ms postprocess per image at shape (1, 3, 640, 640)

0: 640x640 1 rim, 1: 640x640 (no detections), 2: 640x640 1 rim, 67.8ms
Speed: 1.2ms preprocess, 22.6ms inference, 0.6ms postprocess per image at shape (1, 3, 640, 640)

0: 640x640 1 rim, 1: 640x640 (no detections), 2: 640x640 1 rim, 67.6ms
Speed: 0.9ms preprocess, 22.5ms inference, 0.6ms postprocess per image at shape (1, 3, 640, 640)

0: 640x640 1 rim, 1: 640x640 (no detections), 2: 640x640 1 rim, 68.4ms
Speed: 0.9ms preprocess, 22.8ms inference, 0.6ms postprocess per image at shape (1, 3, 640, 640)

0: 640x640 1 rim, 1: 640x640 (no detections), 2: 640x640 1 rim, 68.1ms
Speed: 0.9ms preprocess, 22.7ms inference, 0.6ms postprocess per image at shape (1, 3, 640, 640)

0: 640x640 1 rim, 1: 640x640 (no detections), 2: 640x640 1 rim, 67.7ms
Speed: 0.9ms preprocess, 22.6ms inference, 0.6ms postprocess per image at shape (1, 3, 640, 640)

0: 640x640 1 rim, 1: 640x640 (no detections), 2: 640x640 1 rim, 68.4ms
Speed: 0.9ms preprocess, 22.8ms inference, 0.6ms postprocess per image at shape (1, 3, 640, 640)

0: 640x640 1 rim, 1: 640x640 (no detections), 2: 640x640 1 rim, 68.2ms
Speed: 1.1ms preprocess, 22.7ms inference, 0.6ms postprocess per image at shape (1, 3, 640, 640)

0: 640x640 1 rim, 1: 640x640 (no detections), 2: 640x640 1 rim, 67.6ms
Speed: 0.9ms preprocess, 22.5ms inference, 0.6ms postprocess per image at shape (1, 3, 640, 640)

0: 640x640 1 rim, 1: 640x640 (no detections), 2: 640x640 1 rim, 68.3ms
Speed: 0.9ms preprocess, 22.8ms inference, 0.6ms postprocess per image at shape (1, 3, 640, 640)

0: 640x640 1 rim, 1: 640x640 (no detections), 2: 640x640 1 rim, 68.8ms
Speed: 0.9ms preprocess, 22.9ms inference, 0.5ms postprocess per image at shape (1, 3, 640, 640)

0: 640x640 1 rim, 1: 640x640 (no detections), 2: 640x640 1 rim, 67.7ms
Speed: 0.9ms preprocess, 22.6ms inference, 0.5ms postprocess per image at shape (1, 3, 640, 640)

0: 640x640 1 rim, 1: 640x640 (no detections), 2: 640x640 1 rim, 68.2ms
Speed: 0.9ms preprocess, 22.7ms inference, 0.6ms postprocess per image at shape (1, 3, 640, 640)

0: 640x640 1 rim, 1: 640x640 (no detections), 2: 640x640 1 rim, 68.0ms
Speed: 1.1ms preprocess, 22.7ms inference, 0.5ms postprocess per image at shape (1, 3, 640, 640)

0: 640x640 1 rim, 1: 640x640 (no detections), 2: 640x640 1 rim, 67.9ms
Speed: 0.9ms preprocess, 22.6ms inference, 0.6ms postprocess per image at shape (1, 3, 640, 640)

0: 640x640 1 rim, 1: 640x640 (no detections), 2: 640x640 1 rim, 68.6ms
Speed: 0.9ms preprocess, 22.9ms inference, 0.6ms postprocess per image at shape (1, 3, 640, 640)

0: 640x640 1 rim, 1: 640x640 (no detections), 2: 640x640 1 rim, 68.6ms
Speed: 0.9ms preprocess, 22.9ms inference, 0.5ms postprocess per image at shape (1, 3, 640, 640)

0: 640x640 1 rim, 1: 640x640 (no detections), 2: 640x640 1 rim, 67.8ms
Speed: 0.9ms preprocess, 22.6ms inference, 0.6ms postprocess per image at shape (1, 3, 640, 640)

0: 640x640 1 rim, 1: 640x640 (no detections), 2: 640x640 1 rim, 68.4ms
Speed: 0.9ms preprocess, 22.8ms inference, 0.5ms postprocess per image at shape (1, 3, 640, 640)

0: 640x640 1 rim, 1: 640x640 (no detections), 2: 640x640 1 rim, 68.7ms
Speed: 1.2ms preprocess, 22.9ms inference, 0.6ms postprocess per image at shape (1, 3, 640, 640)

0: 640x640 1 rim, 1: 640x640 (no detections), 2: 640x640 1 rim, 67.7ms
Speed: 0.9ms preprocess, 22.6ms inference, 0.5ms postprocess per image at shape (1, 3, 640, 640)

0: 640x640 1 rim, 1: 640x640 (no detections), 2: 640x640 1 rim, 68.5ms
Speed: 0.9ms preprocess, 22.8ms inference, 0.6ms postprocess per image at shape (1, 3, 640, 640)

0: 640x640 1 rim, 1: 640x640 (no detections), 2: 640x640 1 rim, 68.8ms
Speed: 0.9ms preprocess, 22.9ms inference, 0.6ms postprocess per image at shape (1, 3, 640, 640)

0: 640x640 1 rim, 1: 640x640 (no detections), 2: 640x640 1 rim, 67.7ms
Speed: 0.9ms preprocess, 22.6ms inference, 0.6ms postprocess per image at shape (1, 3, 640, 640)

0: 640x640 1 rim, 1: 640x640 (no detections), 2: 640x640 1 rim, 68.2ms
Speed: 0.9ms preprocess, 22.7ms inference, 0.6ms postprocess per image at shape (1, 3, 640, 640)

0: 640x640 1 rim, 1: 640x640 (no detections), 2: 640x640 1 rim, 67.8ms
Speed: 1.2ms preprocess, 22.6ms inference, 0.6ms postprocess per image at shape (1, 3, 640, 640)

0: 640x640 1 rim, 1: 640x640 (no detections), 2: 640x640 1 rim, 67.9ms
Speed: 0.9ms preprocess, 22.6ms inference, 0.6ms postprocess per image at shape (1, 3, 640, 640)

0: 640x640 1 rim, 1: 640x640 (no detections), 2: 640x640 1 rim, 68.3ms
Speed: 0.9ms preprocess, 22.8ms inference, 0.6ms postprocess per image at shape (1, 3, 640, 640)

0: 640x640 1 rim, 1: 640x640 (no detections), 2: 640x640 1 rim, 68.2ms
Speed: 0.9ms preprocess, 22.7ms inference, 0.6ms postprocess per image at shape (1, 3, 640, 640)

0: 640x640 1 rim, 1: 640x640 (no detections), 2: 640x640 1 rim, 67.7ms
Speed: 0.9ms preprocess, 22.6ms inference, 0.6ms postprocess per image at shape (1, 3, 640, 640)

0: 640x640 1 rim, 1: 640x640 (no detections), 2: 640x640 1 rim, 68.4ms
Speed: 0.9ms preprocess, 22.8ms inference, 0.5ms postprocess per image at shape (1, 3, 640, 640)

0: 640x640 1 rim, 1: 640x640 (no detections), 2: 640x640 1 rim, 68.6ms
Speed: 1.2ms preprocess, 22.9ms inference, 0.5ms postprocess per image at shape (1, 3, 640, 640)

0: 640x640 1 rim, 1: 640x640 (no detections), 2: 640x640 1 rim, 67.9ms
Speed: 0.9ms preprocess, 22.6ms inference, 0.6ms postprocess per image at shape (1, 3, 640, 640)

0: 640x640 1 rim, 1: 640x640 1 ball, 2: 640x640 1 rim, 68.4ms
Speed: 0.9ms preprocess, 22.8ms inference, 0.7ms postprocess per image at shape (1, 3, 640, 640)

0: 640x640 1 rim, 1: 640x640 1 ball, 2: 640x640 1 rim, 68.8ms
Speed: 0.9ms preprocess, 22.9ms inference, 0.7ms postprocess per image at shape (1, 3, 640, 640)

0: 640x640 1 rim, 1: 640x640 1 ball, 2: 640x640 1 rim, 67.8ms
Speed: 0.9ms preprocess, 22.6ms inference, 0.7ms postprocess per image at shape (1, 3, 640, 640)

0: 640x640 1 rim, 1: 640x640 1 ball, 2: 640x640 1 rim, 68.3ms
Speed: 0.9ms preprocess, 22.8ms inference, 0.7ms postprocess per image at shape (1, 3, 640, 640)

0: 640x640 1 rim, 1: 640x640 1 ball, 2: 640x640 1 rim, 68.1ms
Speed: 0.9ms preprocess, 22.7ms inference, 0.7ms postprocess per image at shape (1, 3, 640, 640)

0: 640x640 1 rim, 1: 640x640 1 ball, 2: 640x640 1 rim, 68.0ms
Speed: 0.9ms preprocess, 22.7ms inference, 0.7ms postprocess per image at shape (1, 3, 640, 640)

0: 640x640 1 rim, 1: 640x640 1 ball, 2: 640x640 1 rim, 68.4ms
Speed: 0.9ms preprocess, 22.8ms inference, 0.7ms postprocess per image at shape (1, 3, 640, 640)

0: 640x640 1 rim, 1: 640x640 1 ball, 2: 640x640 1 rim, 68.2ms
Speed: 0.9ms preprocess, 22.7ms inference, 0.7ms postprocess per image at shape (1, 3, 640, 640)

0: 640x640 1 rim, 1: 640x640 1 ball, 2: 640x640 1 rim, 67.7ms
Speed: 0.9ms preprocess, 22.6ms inference, 0.7ms postprocess per image at shape (1, 3, 640, 640)
