
WARNING ⚠️ NMS time limit 0.650s exceeded
0: 640x640 1 rim, 1: 640x640 (no detections), 2: 640x640 (no detections), 99.5ms
Speed: 1.3ms preprocess, 33.2ms inference, 1455.7ms postprocess per image at shape (1, 3, 640, 640)

0: 640x640 1 rim, 1: 640x640 (no detections), 2: 640x640 1 rim, 86.5ms
Speed: 1.1ms preprocess, 28.8ms inference, 0.8ms postprocess per image at shape (1, 3, 640, 640)

0: 640x640 1 rim, 1: 640x640 (no detections), 2: 640x640 1 rim, 86.6ms
Speed: 0.9ms preprocess, 28.9ms inference, 0.7ms postprocess per image at shape (1, 3, 640, 640)

0: 640x640 1 rim, 1: 640x640 (no detections), 2: 640x640 1 rim, 83.9ms
Speed: 0.9ms preprocess, 28.0ms inference, 0.8ms postprocess per image at shape (1, 3, 640, 640)

0: 640x640 1 rim, 1: 640x640 (no detections), 2: 640x640 1 rim, 85.3ms
Speed: 0.9ms preprocess, 28.4ms inference, 0.8ms postprocess per image at shape (1, 3, 640, 640)

0: 640x640 1 ball, 1 rim, 1: 640x640 (no detections), 2: 640x640 1 ball, 1 rim, 84.1ms
Speed: 0.9ms preprocess, 28.0ms inference, 0.8ms postprocess per image at shape (1, 3, 640, 640)

0: 640x640 1 rim, 1: 640x640 (no detections), 2: 640x640 1 ball, 1 rim, 83.7ms
Speed: 1.0ms preprocess, 27.9ms inference, 0.8ms postprocess per image at shape (1, 3, 640, 640)

0: 640x640 1 rim, 1: 640x640 (no detections), 2: 640x640 1 ball, 1 rim, 84.0ms
Speed: 0.9ms preprocess, 28.0ms inference, 0.8ms postprocess per image at shape (1, 3, 640, 640)

0: 640x640 1 rim, 1: 640x640 (no detections), 2: 640x640 1 ball, 1 rim, 84.0ms
Speed: 0.9ms preprocess, 28.0ms inference, 0.8ms postprocess per image at shape (1, 3, 640, 640)

0: 640x640 1 rim, 1: 640x640 (no detections), 2: 640x640 1 ball, 1 rim, 85.1ms
Speed: 0.9ms preprocess, 28.4ms inference, 0.7ms postprocess per image at shape (1, 3, 640, 640)

0: 640x640 1 rim, 1: 640x640 (no detections), 2: 640x640 1 rim, 82.8ms
Speed: 0.9ms preprocess, 27.6ms inference, 0.7ms postprocess per image at shape (1, 3, 640, 640)

0: 640x640 1 rim, 1: 640x640 (no detections), 2: 640x640 1 rim, 86.9ms
Speed: 0.9ms preprocess, 29.0ms inference, 0.8ms postprocess per image at shape (1, 3, 640, 640)

0: 640x640 1 rim, 1: 640x640 (no detections), 2: 640x640 1 rim, 85.0ms
Speed: 0.9ms preprocess, 28.3ms inference, 0.7ms postprocess per image at shape (1, 3, 640, 640)

0: 640x640 1 ball, 1 rim, 1: 640x640 (no detections), 2: 640x640 1 rim, 84.8ms
Speed: 0.9ms preprocess, 28.3ms inference, 0.8ms postprocess per image at shape (1, 3, 640, 640)

0: 640x640 1 ball, 1 rim, 1: 640x640 (no detections), 2: 640x640 1 rim, 85.0ms
Speed: 0.9ms preprocess, 28.3ms inference, 0.8ms postprocess per image at shape (1, 3, 640, 640)

0: 640x640 1 ball, 1 rim, 1: 640x640 (no detections), 2: 640x640 1 rim, 83.7ms
Speed: 0.9ms preprocess, 27.9ms inference, 0.8ms postprocess per image at shape (1, 3, 640, 640)

0: 640x640 1 ball, 1 rim, 1: 640x640 (no detections), 2: 640x640 1 rim, 84.9ms
Speed: 0.9ms preprocess, 28.3ms inference, 0.7ms postprocess per image at shape (1, 3, 640, 640)

0: 640x640 1 rim, 1: 640x640 (no detections), 2: 640x640 1 rim, 83.2ms
Speed: 0.9ms preprocess, 27.7ms inference, 0.7ms postprocess per image at shape (1, 3, 640, 640)

0: 640x640 1 ball, 1 rim, 1: 640x640 (no detections), 2: 640x640 1 rim, 84.9ms
Speed: 0.9ms preprocess, 28.3ms inference, 0.8ms postprocess per image at shape (1, 3, 640, 640)

0: 640x640 1 rim, 1: 640x640 (no detections), 2: 640x640 1 ball, 1 rim, 85.0ms
Speed: 0.9ms preprocess, 28.3ms inference, 0.7ms postprocess per image at shape (1, 3, 640, 640)

0: 640x640 1 ball, 1 rim, 1: 640x640 (no detections), 2: 640x640 1 ball, 1 rim, 84.9ms
Speed: 0.9ms preprocess, 28.3ms inference, 0.7ms postprocess per image at shape (1, 3, 640, 640)

0: 640x640 1 rim, 1: 640x640 (no detections), 2: 640x640 1 ball, 1 rim, 84.8ms
Speed: 0.9ms preprocess, 28.3ms inference, 0.8ms postprocess per image at shape (1, 3, 640, 640)

0: 640x640 1 ball, 1 rim, 1: 640x640 (no detections), 2: 640x640 1 rim, 84.9ms
Speed: 0.9ms preprocess, 28.3ms inference, 0.8ms postprocess per image at shape (1, 3, 640, 640)

0: 640x640 1 rim, 1: 640x640 (no detections), 2: 640x640 1 rim, 84.9ms
Speed: 0.9ms preprocess, 28.3ms inference, 0.8ms postprocess per image at shape (1, 3, 640, 640)

0: 640x640 1 ball, 1 rim, 1: 640x640 (no detections), 2: 640x640 1 rim, 83.6ms
Speed: 0.9ms preprocess, 27.9ms inference, 0.7ms postprocess per image at shape (1, 3, 640, 640)

0: 640x640 1 ball, 1 rim, 1: 640x640 (no detections), 2: 640x640 1 rim, 86.2ms
Speed: 0.9ms preprocess, 28.7ms inference, 0.7ms postprocess per image at shape (1, 3, 640, 640)

0: 640x640 1 ball, 1 rim, 1: 640x640 (no detections), 2: 640x640 1 rim, 85.1ms
Speed: 0.9ms preprocess, 28.4ms inference, 0.7ms postprocess per image at shape (1, 3, 640, 640)

0: 640x640 1 ball, 1 rim, 1: 640x640 (no detections), 2: 640x640 1 rim, 85.0ms
Speed: 0.9ms preprocess, 28.3ms inference, 0.8ms postprocess per image at shape (1, 3, 640, 640)

0: 640x640 1 ball, 1 rim, 1: 640x640 (no detections), 2: 640x640 1 rim, 85.0ms
Speed: 0.9ms preprocess, 28.3ms inference, 0.8ms postprocess per image at shape (1, 3, 640, 640)

0: 640x640 1 rim, 1: 640x640 (no detections), 2: 640x640 1 rim, 84.9ms
Speed: 0.9ms preprocess, 28.3ms inference, 0.7ms postprocess per image at shape (1, 3, 640, 640)

0: 640x640 1 rim, 1: 640x640 (no detections), 2: 640x640 1 rim, 85.4ms
Speed: 0.9ms preprocess, 28.5ms inference, 0.7ms postprocess per image at shape (1, 3, 640, 640)

0: 640x640 1 rim, 1: 640x640 (no detections), 2: 640x640 1 rim, 83.8ms
Speed: 0.9ms preprocess, 27.9ms inference, 0.8ms postprocess per image at shape (1, 3, 640, 640)

0: 640x640 1 rim, 1: 640x640 (no detections), 2: 640x640 1 rim, 85.0ms
Speed: 0.9ms preprocess, 28.3ms inference, 0.7ms postprocess per image at shape (1, 3, 640, 640)

0: 640x640 1 rim, 1: 640x640 (no detections), 2: 640x640 1 rim, 85.0ms
Speed: 0.9ms preprocess, 28.3ms inference, 0.7ms postprocess per image at shape (1, 3, 640, 640)

0: 640x640 1 rim, 1: 640x640 (no detections), 2: 640x640 1 rim, 84.9ms
Speed: 0.9ms preprocess, 28.3ms inference, 0.7ms postprocess per image at shape (1, 3, 640, 640)

0: 640x640 1 rim, 1: 640x640 (no detections), 2: 640x640 1 rim, 85.1ms
Speed: 0.9ms preprocess, 28.4ms inference, 0.7ms postprocess per image at shape (1, 3, 640, 640)

0: 640x640 1 rim, 1: 640x640 (no detections), 2: 640x640 1 rim, 85.1ms
Speed: 0.9ms preprocess, 28.4ms inference, 0.7ms postprocess per image at shape (1, 3, 640, 640)

0: 640x640 1 rim, 1: 640x640 (no detections), 2: 640x640 1 rim, 85.0ms
Speed: 0.9ms preprocess, 28.3ms inference, 0.7ms postprocess per image at shape (1, 3, 640, 640)

0: 640x640 1 rim, 1: 640x640 (no detections), 2: 640x640 1 rim, 83.6ms
Speed: 0.9ms preprocess, 27.9ms inference, 0.8ms postprocess per image at shape (1, 3, 640, 640)

0: 640x640 1 rim, 1: 640x640 (no detections), 2: 640x640 1 rim, 85.1ms
Speed: 0.9ms preprocess, 28.4ms inference, 0.8ms postprocess per image at shape (1, 3, 640, 640)

0: 640x640 1 ball, 1 rim, 1: 640x640 1 ball, 2: 640x640 1 rim, 82.9ms
Speed: 0.9ms preprocess, 27.6ms inference, 0.9ms postprocess per image at shape (1, 3, 640, 640)

0: 640x640 1 ball, 1 rim, 1: 640x640 1 ball, 2: 640x640 1 rim, 86.3ms
Speed: 0.9ms preprocess, 28.8ms inference, 0.9ms postprocess per image at shape (1, 3, 640, 640)

0: 640x640 1 rim, 1: 640x640 1 ball, 2: 640x640 1 rim, 85.0ms
Speed: 0.9ms preprocess, 28.3ms inference, 0.9ms postprocess per image at shape (1, 3, 640, 640)

0: 640x640 1 rim, 1: 640x640 1 ball, 2: 640x640 1 rim, 84.7ms
Speed: 0.9ms preprocess, 28.2ms inference, 0.9ms postprocess per image at shape (1, 3, 640, 640)

0: 640x640 1 rim, 1: 640x640 1 ball, 2: 640x640 1 rim, 84.9ms
Speed: 0.9ms preprocess, 28.3ms inference, 0.9ms postprocess per image at shape (1, 3, 640, 640)

0: 640x640 1 rim, 1: 640x640 1 ball, 2: 640x640 1 rim, 84.1ms
Speed: 0.9ms preprocess, 28.0ms inference, 0.9ms postprocess per image at shape (1, 3, 640, 640)

0: 640x640 1 rim, 1: 640x640 (no detections), 2: 640x640 1 rim, 84.9ms
Speed: 0.9ms preprocess, 28.3ms inference, 0.7ms postprocess per image at shape (1, 3, 640, 640)

0: 640x640 1 rim, 1: 640x640 (no detections), 2: 640x640 1 rim, 83.4ms
Speed: 0.9ms preprocess, 27.8ms inference, 0.8ms postprocess per image at shape (1, 3, 640, 640)

0: 640x640 1 rim, 1: 640x640 (no detections), 2: 640x640 1 rim, 85.0ms
Speed: 0.9ms preprocess, 28.3ms inference, 0.8ms postprocess per image at shape (1, 3, 640, 640)

0: 640x640 1 rim, 1: 640x640 (no detections), 2: 640x640 1 rim, 85.5ms
Speed: 0.9ms preprocess, 28.5ms inference, 0.8ms postprocess per image at shape (1, 3, 640, 640)

0: 640x640 1 rim, 1: 640x640 (no detections), 2: 640x640 1 rim, 85.1ms
Speed: 0.9ms preprocess, 28.4ms inference, 0.8ms postprocess per image at shape (1, 3, 640, 640)

0: 640x640 1 rim, 1: 640x640 (no detections), 2: 640x640 1 rim, 84.3ms
Speed: 1.0ms preprocess, 28.1ms inference, 0.8ms postprocess per image at shape (1, 3, 640, 640)

0: 640x640 1 rim, 1: 640x640 (no detections), 2: 640x640 1 rim, 83.5ms
Speed: 0.9ms preprocess, 27.8ms inference, 0.7ms postprocess per image at shape (1, 3, 640, 640)

0: 640x640 1 rim, 1: 640x640 (no detections), 2: 640x640 1 rim, 86.4ms
Speed: 0.9ms preprocess, 28.8ms inference, 0.8ms postprocess per image at shape (1, 3, 640, 640)

0: 640x640 1 rim, 1: 640x640 (no detections), 2: 640x640 1 rim, 85.6ms
Speed: 0.9ms preprocess, 28.5ms inference, 0.7ms postprocess per image at shape (1, 3, 640, 640)

0: 640x640 1 rim, 1: 640x640 (no detections), 2: 640x640 1 rim, 85.4ms
Speed: 0.9ms preprocess, 28.5ms inference, 0.7ms postprocess per image at shape (1, 3, 640, 640)

0: 640x640 1 rim, 1: 640x640 (no detections), 2: 640x640 1 rim, 85.1ms
Speed: 0.9ms preprocess, 28.4ms inference, 0.8ms postprocess per image at shape (1, 3, 640, 640)

0: 640x640 1 rim, 1: 640x640 (no detections), 2: 640x640 1 rim, 84.8ms
Speed: 0.9ms preprocess, 28.3ms inference, 0.8ms postprocess per image at shape (1, 3, 640, 640)

0: 640x640 1 rim, 1: 640x640 (no detections), 2: 640x640 1 rim, 85.0ms
Speed: 0.9ms preprocess, 28.3ms inference, 0.7ms postprocess per image at shape (1, 3, 640, 640)

0: 640x640 1 rim, 1: 640x640 (no detections), 2: 640x640 1 rim, 84.5ms
Speed: 0.9ms preprocess, 28.2ms inference, 0.8ms postprocess per image at shape (1, 3, 640, 640)

0: 640x640 1 rim, 1: 640x640 (no detections), 2: 640x640 1 rim, 85.0ms
Speed: 0.9ms preprocess, 28.3ms inference, 0.7ms postprocess per image at shape (1, 3, 640, 640)

0: 640x640 1 rim, 1: 640x640 (no detections), 2: 640x640 1 rim, 84.3ms
Speed: 0.9ms preprocess, 28.1ms inference, 0.7ms postprocess per image at shape (1, 3, 640, 640)

0: 640x640 1 rim, 1: 640x640 (no detections), 2: 640x640 1 rim, 85.0ms
Speed: 0.9ms preprocess, 28.3ms inference, 0.7ms postprocess per image at shape (1, 3, 640, 640)

0: 640x640 1 rim, 1: 640x640 (no detections), 2: 640x640 1 rim, 84.9ms
Speed: 0.9ms preprocess, 28.3ms inference, 0.8ms postprocess per image at shape (1, 3, 640, 640)

0: 640x640 1 rim, 1: 640x640 (no detections), 2: 640x640 1 rim, 85.0ms
Speed: 0.9ms preprocess, 28.3ms inference, 0.7ms postprocess per image at shape (1, 3, 640, 640)

0: 640x640 1 rim, 1: 640x640 (no detections), 2: 640x640 1 rim, 85.3ms
Speed: 0.9ms preprocess, 28.4ms inference, 0.7ms postprocess per image at shape (1, 3, 640, 640)

0: 640x640 1 rim, 1: 640x640 (no detections), 2: 640x640 1 rim, 84.9ms
Speed: 0.9ms preprocess, 28.3ms inference, 0.7ms postprocess per image at shape (1, 3, 640, 640)

0: 640x640 1 rim, 1: 640x640 (no detections), 2: 640x640 1 rim, 85.0ms
Speed: 0.9ms preprocess, 28.3ms inference, 0.8ms postprocess per image at shape (1, 3, 640, 640)

0: 640x640 1 rim, 1: 640x640 (no detections), 2: 640x640 1 rim, 83.9ms
Speed: 0.9ms preprocess, 28.0ms inference, 0.8ms postprocess per image at shape (1, 3, 640, 640)

0: 640x640 1 rim, 1: 640x640 (no detections), 2: 640x640 1 rim, 84.9ms
Speed: 0.9ms preprocess, 28.3ms inference, 0.7ms postprocess per image at shape (1, 3, 640, 640)

0: 640x640 1 rim, 1: 640x640 (no detections), 2: 640x640 1 rim, 85.4ms
Speed: 0.9ms preprocess, 28.5ms inference, 0.8ms postprocess per image at shape (1, 3, 640, 640)

0: 640x640 1 rim, 1: 640x640 (no detections), 2: 640x640 1 rim, 85.4ms
Speed: 0.9ms preprocess, 28.5ms inference, 0.7ms postprocess per image at shape (1, 3, 640, 640)

0: 640x640 1 rim, 1: 640x640 (no detections), 2: 640x640 1 rim, 85.6ms
Speed: 0.9ms preprocess, 28.5ms inference, 0.8ms postprocess per image at shape (1, 3, 640, 640)

0: 640x640 1 rim, 1: 640x640 (no detections), 2: 640x640 1 rim, 84.9ms
Speed: 0.9ms preprocess, 28.3ms inference, 0.8ms postprocess per image at shape (1, 3, 640, 640)

0: 640x640 1 rim, 1: 640x640 (no detections), 2: 640x640 1 rim, 85.1ms
Speed: 0.9ms preprocess, 28.4ms inference, 0.7ms postprocess per image at shape (1, 3, 640, 640)

0: 640x640 1 rim, 1: 640x640 (no detections), 2: 640x640 1 rim, 84.0ms
Speed: 0.9ms preprocess, 28.0ms inference, 0.7ms postprocess per image at shape (1, 3, 640, 640)

0: 640x640 1 rim, 1: 640x640 (no detections), 2: 640x640 1 rim, 86.5ms
Speed: 0.9ms preprocess, 28.8ms inference, 0.7ms postprocess per image at shape (1, 3, 640, 640)

0: 640x640 1 rim, 1: 640x640 (no detections), 2: 640x640 1 rim, 85.1ms
Speed: 0.9ms preprocess, 28.4ms inference, 0.7ms postprocess per image at shape (1, 3, 640, 640)

0: 640x640 1 rim, 1: 640x640 (no detections), 2: 640x640 1 rim, 85.1ms
Speed: 0.9ms preprocess, 28.4ms inference, 0.7ms postprocess per image at shape (1, 3, 640, 640)

0: 640x640 1 rim, 1: 640x640 (no detections), 2: 640x640 1 rim, 85.1ms
Speed: 0.9ms preprocess, 28.4ms inference, 0.7ms postprocess per image at shape (1, 3, 640, 640)

0: 640x640 1 rim, 1: 640x640 (no detections), 2: 640x640 1 rim, 84.8ms
Speed: 0.9ms preprocess, 28.3ms inference, 0.7ms postprocess per image at shape (1, 3, 640, 640)

0: 640x640 1 rim, 1: 640x640 (no detections), 2: 640x640 1 rim, 86.3ms
Speed: 0.9ms preprocess, 28.8ms inference, 0.8ms postprocess per image at shape (1, 3, 640, 640)

0: 640x640 1 rim, 1: 640x640 (no detections), 2: 640x640 1 rim, 83.6ms
Speed: 0.9ms preprocess, 27.9ms inference, 0.8ms postprocess per image at shape (1, 3, 640, 640)

0: 640x640 1 rim, 1: 640x640 (no detections), 2: 640x640 1 rim, 85.5ms
Speed: 0.9ms preprocess, 28.5ms inference, 0.8ms postprocess per image at shape (1, 3, 640, 640)

0: 640x640 1 rim, 1: 640x640 (no detections), 2: 640x640 1 rim, 85.1ms
Speed: 0.9ms preprocess, 28.4ms inference, 0.8ms postprocess per image at shape (1, 3, 640, 640)

0: 640x640 1 rim, 1: 640x640 (no detections), 2: 640x640 1 rim, 85.4ms
Speed: 0.9ms preprocess, 28.5ms inference, 0.7ms postprocess per image at shape (1, 3, 640, 640)

0: 640x640 1 rim, 1: 640x640 (no detections), 2: 640x640 1 rim, 85.1ms
Speed: 0.9ms preprocess, 28.4ms inference, 0.7ms postprocess per image at shape (1, 3, 640, 640)

0: 640x640 1 rim, 1: 640x640 (no detections), 2: 640x640 1 rim, 84.8ms
Speed: 0.9ms preprocess, 28.3ms inference, 0.8ms postprocess per image at shape (1, 3, 640, 640)

0: 640x640 1 rim, 1: 640x640 (no detections), 2: 640x640 1 rim, 85.1ms
Speed: 0.9ms preprocess, 28.4ms inference, 0.7ms postprocess per image at shape (1, 3, 640, 640)

0: 640x640 1 rim, 1: 640x640 (no detections), 2: 640x640 1 rim, 84.5ms
Speed: 0.9ms preprocess, 28.2ms inference, 0.7ms postprocess per image at shape (1, 3, 640, 640)

0: 640x640 1 rim, 1: 640x640 (no detections), 2: 640x640 1 rim, 85.0ms
Speed: 0.9ms preprocess, 28.3ms inference, 0.7ms postprocess per image at shape (1, 3, 640, 640)

0: 640x640 1 rim, 1: 640x640 (no detections), 2: 640x640 1 rim, 83.2ms
Speed: 0.9ms preprocess, 27.7ms inference, 0.8ms postprocess per image at shape (1, 3, 640, 640)

0: 640x640 1 rim, 1: 640x640 (no detections), 2: 640x640 1 rim, 86.4ms
Speed: 0.9ms preprocess, 28.8ms inference, 0.7ms postprocess per image at shape (1, 3, 640, 640)

0: 640x640 1 rim, 1: 640x640 (no detections), 2: 640x640 1 rim, 85.1ms
Speed: 0.9ms preprocess, 28.4ms inference, 0.7ms postprocess per image at shape (1, 3, 640, 640)

0: 640x640 1 rim, 1: 640x640 (no detections), 2: 640x640 1 rim, 84.9ms
Speed: 0.9ms preprocess, 28.3ms inference, 0.7ms postprocess per image at shape (1, 3, 640, 640)

0: 640x640 1 rim, 1: 640x640 (no detections), 2: 640x640 1 rim, 84.5ms
Speed: 0.9ms preprocess, 28.2ms inference, 0.7ms postprocess per image at shape (1, 3, 640, 640)

0: 640x640 1 rim, 1: 640x640 (no detections), 2: 640x640 1 rim, 84.7ms
Speed: 0.9ms preprocess, 28.2ms inference, 0.7ms postprocess per image at shape (1, 3, 640, 640)

0: 640x640 1 rim, 1: 640x640 (no detections), 2: 640x640 1 rim, 85.5ms
Speed: 0.9ms preprocess, 28.5ms inference, 0.7ms postprocess per image at shape (1, 3, 640, 640)

0: 640x640 1 rim, 1: 640x640 (no detections), 2: 640x640 1 rim, 83.7ms
Speed: 0.9ms preprocess, 27.9ms inference, 0.8ms postprocess per image at shape (1, 3, 640, 640)

0: 640x640 1 rim, 1: 640x640 (no detections), 2: 640x640 1 rim, 85.0ms
Speed: 0.9ms preprocess, 28.3ms inference, 0.8ms postprocess per image at shape (1, 3, 640, 640)

0: 640x640 1 rim, 1: 640x640 (no detections), 2: 640x640 1 rim, 85.3ms
Speed: 0.9ms preprocess, 28.4ms inference, 0.7ms postprocess per image at shape (1, 3, 640, 640)

0: 640x640 1 rim, 1: 640x640 (no detections), 2: 640x640 1 rim, 85.2ms
Speed: 0.9ms preprocess, 28.4ms inference, 0.8ms postprocess per image at shape (1, 3, 640, 640)

0: 640x640 1 rim, 1: 640x640 (no detections), 2: 640x640 1 rim, 85.1ms
Speed: 0.9ms preprocess, 28.4ms inference, 0.7ms postprocess per image at shape (1, 3, 640, 640)

0: 640x640 1 rim, 1: 640x640 (no detections), 2: 640x640 1 rim, 84.6ms
Speed: 0.9ms preprocess, 28.2ms inference, 0.7ms postprocess per image at shape (1, 3, 640, 640)

0: 640x640 1 rim, 1: 640x640 (no detections), 2: 640x640 1 rim, 85.4ms
Speed: 0.9ms preprocess, 28.5ms inference, 0.7ms postprocess per image at shape (1, 3, 640, 640)

0: 640x640 1 rim, 1: 640x640 (no detections), 2: 640x640 1 rim, 83.8ms
Speed: 0.9ms preprocess, 27.9ms inference, 0.8ms postprocess per image at shape (1, 3, 640, 640)

0: 640x640 1 rim, 1: 640x640 (no detections), 2: 640x640 1 rim, 85.4ms
Speed: 0.9ms preprocess, 28.5ms inference, 0.7ms postprocess per image at shape (1, 3, 640, 640)

0: 640x640 1 rim, 1: 640x640 (no detections), 2: 640x640 1 rim, 85.4ms
Speed: 0.9ms preprocess, 28.5ms inference, 0.7ms postprocess per image at shape (1, 3, 640, 640)

0: 640x640 1 rim, 1: 640x640 (no detections), 2: 640x640 1 rim, 85.4ms
Speed: 0.9ms preprocess, 28.5ms inference, 0.7ms postprocess per image at shape (1, 3, 640, 640)

0: 640x640 1 rim, 1: 640x640 (no detections), 2: 640x640 1 rim, 85.1ms
Speed: 0.9ms preprocess, 28.4ms inference, 0.7ms postprocess per image at shape (1, 3, 640, 640)

0: 640x640 1 rim, 1: 640x640 (no detections), 2: 640x640 1 rim, 85.3ms
Speed: 0.9ms preprocess, 28.4ms inference, 0.7ms postprocess per image at shape (1, 3, 640, 640)

0: 640x640 1 rim, 1: 640x640 (no detections), 2: 640x640 1 rim, 85.0ms
Speed: 0.9ms preprocess, 28.3ms inference, 0.7ms postprocess per image at shape (1, 3, 640, 640)

0: 640x640 1 rim, 1: 640x640 (no detections), 2: 640x640 1 rim, 83.4ms
Speed: 0.9ms preprocess, 27.8ms inference, 0.8ms postprocess per image at shape (1, 3, 640, 640)

0: 640x640 1 rim, 1: 640x640 (no detections), 2: 640x640 1 rim, 85.3ms
Speed: 0.9ms preprocess, 28.4ms inference, 0.7ms postprocess per image at shape (1, 3, 640, 640)

0: 640x640 1 rim, 1: 640x640 (no detections), 2: 640x640 1 rim, 86.4ms
Speed: 0.9ms preprocess, 28.8ms inference, 0.7ms postprocess per image at shape (1, 3, 640, 640)

0: 640x640 1 rim, 1: 640x640 (no detections), 2: 640x640 1 rim, 86.3ms
Speed: 0.9ms preprocess, 28.8ms inference, 0.7ms postprocess per image at shape (1, 3, 640, 640)

0: 640x640 1 rim, 1: 640x640 (no detections), 2: 640x640 1 rim, 85.0ms
Speed: 0.9ms preprocess, 28.3ms inference, 0.7ms postprocess per image at shape (1, 3, 640, 640)

0: 640x640 1 rim, 1: 640x640 (no detections), 2: 640x640 1 rim, 85.3ms
Speed: 0.9ms preprocess, 28.4ms inference, 0.7ms postprocess per image at shape (1, 3, 640, 640)

0: 640x640 1 rim, 1: 640x640 (no detections), 2: 640x640 1 rim, 85.1ms
Speed: 0.9ms preprocess, 28.4ms inference, 0.8ms postprocess per image at shape (1, 3, 640, 640)

0: 640x640 1 rim, 1: 640x640 (no detections), 2: 640x640 1 rim, 84.2ms
Speed: 0.9ms preprocess, 28.1ms inference, 0.7ms postprocess per image at shape (1, 3, 640, 640)

0: 640x640 1 rim, 1: 640x640 (no detections), 2: 640x640 1 rim, 85.7ms
Speed: 0.9ms preprocess, 28.6ms inference, 0.7ms postprocess per image at shape (1, 3, 640, 640)

0: 640x640 1 rim, 1: 640x640 (no detections), 2: 640x640 1 rim, 83.1ms
Speed: 0.9ms preprocess, 27.7ms inference, 0.8ms postprocess per image at shape (1, 3, 640, 640)

0: 640x640 1 rim, 1: 640x640 (no detections), 2: 640x640 1 rim, 86.2ms
Speed: 0.9ms preprocess, 28.7ms inference, 0.7ms postprocess per image at shape (1, 3, 640, 640)

0: 640x640 1 rim, 1: 640x640 (no detections), 2: 640x640 1 rim, 84.9ms
Speed: 0.9ms preprocess, 28.3ms inference, 0.7ms postprocess per image at shape (1, 3, 640, 640)

0: 640x640 1 rim, 1: 640x640 (no detections), 2: 640x640 1 rim, 84.8ms
Speed: 0.9ms preprocess, 28.3ms inference, 0.8ms postprocess per image at shape (1, 3, 640, 640)

0: 640x640 1 rim, 1: 640x640 (no detections), 2: 640x640 1 rim, 84.9ms
Speed: 0.9ms preprocess, 28.3ms inference, 0.7ms postprocess per image at shape (1, 3, 640, 640)

0: 640x640 1 rim, 1: 640x640 (no detections), 2: 640x640 1 rim, 84.2ms
Speed: 0.9ms preprocess, 28.1ms inference, 0.7ms postprocess per image at shape (1, 3, 640, 640)

0: 640x640 1 rim, 1: 640x640 (no detections), 2: 640x640 1 rim, 86.3ms
Speed: 0.9ms preprocess, 28.8ms inference, 0.7ms postprocess per image at shape (1, 3, 640, 640)

0: 640x640 1 rim, 1: 640x640 (no detections), 2: 640x640 1 rim, 84.4ms
Speed: 0.9ms preprocess, 28.1ms inference, 0.8ms postprocess per image at shape (1, 3, 640, 640)

0: 640x640 1 rim, 1: 640x640 (no detections), 2: 640x640 1 rim, 86.3ms
Speed: 0.9ms preprocess, 28.8ms inference, 0.8ms postprocess per image at shape (1, 3, 640, 640)

0: 640x640 1 rim, 1: 640x640 (no detections), 2: 640x640 1 rim, 84.9ms
Speed: 0.9ms preprocess, 28.3ms inference, 0.7ms postprocess per image at shape (1, 3, 640, 640)

0: 640x640 1 rim, 1: 640x640 (no detections), 2: 640x640 1 rim, 85.1ms
Speed: 0.9ms preprocess, 28.4ms inference, 0.7ms postprocess per image at shape (1, 3, 640, 640)

0: 640x640 1 rim, 1: 640x640 (no detections), 2: 640x640 1 rim, 84.1ms
Speed: 0.9ms preprocess, 28.0ms inference, 0.8ms postprocess per image at shape (1, 3, 640, 640)

0: 640x640 1 rim, 1: 640x640 (no detections), 2: 640x640 1 rim, 83.8ms
Speed: 0.9ms preprocess, 27.9ms inference, 0.7ms postprocess per image at shape (1, 3, 640, 640)

0: 640x640 1 rim, 1: 640x640 (no detections), 2: 640x640 1 rim, 86.1ms
Speed: 0.9ms preprocess, 28.7ms inference, 0.7ms postprocess per image at shape (1, 3, 640, 640)

0: 640x640 1 rim, 1: 640x640 (no detections), 2: 640x640 1 rim, 86.2ms
Speed: 0.9ms preprocess, 28.7ms inference, 0.8ms postprocess per image at shape (1, 3, 640, 640)

0: 640x640 1 rim, 1: 640x640 (no detections), 2: 640x640 1 rim, 86.2ms
Speed: 0.9ms preprocess, 28.7ms inference, 0.7ms postprocess per image at shape (1, 3, 640, 640)

0: 640x640 1 rim, 1: 640x640 (no detections), 2: 640x640 1 rim, 84.9ms
Speed: 0.9ms preprocess, 28.3ms inference, 0.8ms postprocess per image at shape (1, 3, 640, 640)

0: 640x640 1 rim, 1: 640x640 (no detections), 2: 640x640 1 rim, 84.8ms
Speed: 0.9ms preprocess, 28.3ms inference, 0.8ms postprocess per image at shape (1, 3, 640, 640)

0: 640x640 1 rim, 1: 640x640 (no detections), 2: 640x640 1 rim, 85.0ms
Speed: 0.9ms preprocess, 28.3ms inference, 0.8ms postprocess per image at shape (1, 3, 640, 640)

0: 640x640 1 rim, 1: 640x640 (no detections), 2: 640x640 1 rim, 84.5ms
Speed: 0.9ms preprocess, 28.2ms inference, 0.7ms postprocess per image at shape (1, 3, 640, 640)

0: 640x640 1 rim, 1: 640x640 (no detections), 2: 640x640 1 rim, 85.0ms
Speed: 0.9ms preprocess, 28.3ms inference, 0.8ms postprocess per image at shape (1, 3, 640, 640)

0: 640x640 1 rim, 1: 640x640 (no detections), 2: 640x640 1 rim, 83.4ms
Speed: 0.9ms preprocess, 27.8ms inference, 0.7ms postprocess per image at shape (1, 3, 640, 640)

0: 640x640 1 rim, 1: 640x640 (no detections), 2: 640x640 1 rim, 87.1ms
Speed: 0.9ms preprocess, 29.0ms inference, 0.8ms postprocess per image at shape (1, 3, 640, 640)

0: 640x640 1 rim, 1: 640x640 (no detections), 2: 640x640 1 rim, 85.0ms
Speed: 0.9ms preprocess, 28.3ms inference, 0.7ms postprocess per image at shape (1, 3, 640, 640)

0: 640x640 1 rim, 1: 640x640 (no detections), 2: 640x640 1 rim, 85.1ms
Speed: 0.9ms preprocess, 28.4ms inference, 0.8ms postprocess per image at shape (1, 3, 640, 640)

0: 640x640 1 rim, 1: 640x640 (no detections), 2: 640x640 1 rim, 85.3ms
Speed: 0.9ms preprocess, 28.4ms inference, 0.7ms postprocess per image at shape (1, 3, 640, 640)

0: 640x640 1 rim, 1: 640x640 (no detections), 2: 640x640 1 rim, 84.8ms
Speed: 0.9ms preprocess, 28.3ms inference, 0.8ms postprocess per image at shape (1, 3, 640, 640)

0: 640x640 1 rim, 1: 640x640 (no detections), 2: 640x640 1 rim, 85.0ms
Speed: 0.9ms preprocess, 28.3ms inference, 0.7ms postprocess per image at shape (1, 3, 640, 640)

0: 640x640 1 rim, 1: 640x640 (no detections), 2: 640x640 1 rim, 83.7ms
Speed: 0.9ms preprocess, 27.9ms inference, 0.7ms postprocess per image at shape (1, 3, 640, 640)

0: 640x640 1 rim, 1: 640x640 (no detections), 2: 640x640 1 rim, 86.8ms
Speed: 0.9ms preprocess, 28.9ms inference, 0.7ms postprocess per image at shape (1, 3, 640, 640)

0: 640x640 1 rim, 1: 640x640 (no detections), 2: 640x640 1 rim, 85.3ms
Speed: 0.9ms preprocess, 28.4ms inference, 0.8ms postprocess per image at shape (1, 3, 640, 640)

0: 640x640 1 rim, 1: 640x640 (no detections), 2: 640x640 1 ball, 1 rim, 85.3ms
Speed: 0.9ms preprocess, 28.4ms inference, 0.7ms postprocess per image at shape (1, 3, 640, 640)

0: 640x640 1 rim, 1: 640x640 (no detections), 2: 640x640 1 ball, 1 rim, 84.8ms
Speed: 0.9ms preprocess, 28.3ms inference, 0.8ms postprocess per image at shape (1, 3, 640, 640)

0: 640x640 1 rim, 1: 640x640 (no detections), 2: 640x640 1 ball, 1 rim, 85.6ms
Speed: 0.9ms preprocess, 28.5ms inference, 0.7ms postprocess per image at shape (1, 3, 640, 640)

0: 640x640 1 rim, 1: 640x640 (no detections), 2: 640x640 1 ball, 1 rim, 85.4ms
Speed: 0.9ms preprocess, 28.5ms inference, 0.7ms postprocess per image at shape (1, 3, 640, 640)

0: 640x640 1 rim, 1: 640x640 (no detections), 2: 640x640 1 rim, 84.0ms
Speed: 0.9ms preprocess, 28.0ms inference, 0.7ms postprocess per image at shape (1, 3, 640, 640)

0: 640x640 1 ball, 1 rim, 1: 640x640 (no detections), 2: 640x640 1 rim, 86.3ms
Speed: 0.9ms preprocess, 28.8ms inference, 0.7ms postprocess per image at shape (1, 3, 640, 640)

0: 640x640 1 rim, 1: 640x640 (no detections), 2: 640x640 1 ball, 1 rim, 85.6ms
Speed: 0.9ms preprocess, 28.5ms inference, 0.8ms postprocess per image at shape (1, 3, 640, 640)

0: 640x640 1 rim, 1: 640x640 (no detections), 2: 640x640 1 ball, 1 rim, 85.4ms
Speed: 0.9ms preprocess, 28.5ms inference, 0.8ms postprocess per image at shape (1, 3, 640, 640)

0: 640x640 1 rim, 1: 640x640 (no detections), 2: 640x640 1 ball, 1 rim, 85.3ms
Speed: 0.9ms preprocess, 28.4ms inference, 0.8ms postprocess per image at shape (1, 3, 640, 640)

0: 640x640 1 rim, 1: 640x640 (no detections), 2: 640x640 1 rim, 85.3ms
Speed: 0.9ms preprocess, 28.4ms inference, 0.7ms postprocess per image at shape (1, 3, 640, 640)

0: 640x640 1 rim, 1: 640x640 (no detections), 2: 640x640 1 rim, 86.3ms
Speed: 0.9ms preprocess, 28.8ms inference, 0.8ms postprocess per image at shape (1, 3, 640, 640)

0: 640x640 1 rim, 1: 640x640 (no detections), 2: 640x640 1 rim, 84.1ms
Speed: 0.9ms preprocess, 28.0ms inference, 0.8ms postprocess per image at shape (1, 3, 640, 640)

0: 640x640 1 rim, 1: 640x640 (no detections), 2: 640x640 1 rim, 85.1ms
Speed: 0.9ms preprocess, 28.4ms inference, 0.7ms postprocess per image at shape (1, 3, 640, 640)

0: 640x640 1 rim, 1: 640x640 (no detections), 2: 640x640 1 ball, 1 rim, 85.0ms
Speed: 0.9ms preprocess, 28.3ms inference, 0.8ms postprocess per image at shape (1, 3, 640, 640)

0: 640x640 1 rim, 1: 640x640 (no detections), 2: 640x640 1 ball, 1 rim, 85.5ms
Speed: 0.9ms preprocess, 28.5ms inference, 0.7ms postprocess per image at shape (1, 3, 640, 640)

0: 640x640 1 rim, 1: 640x640 (no detections), 2: 640x640 1 rim, 85.1ms
Speed: 0.9ms preprocess, 28.4ms inference, 0.7ms postprocess per image at shape (1, 3, 640, 640)

0: 640x640 1 rim, 1: 640x640 (no detections), 2: 640x640 1 rim, 84.8ms
Speed: 0.9ms preprocess, 28.3ms inference, 0.8ms postprocess per image at shape (1, 3, 640, 640)

0: 640x640 1 rim, 1: 640x640 (no detections), 2: 640x640 1 rim, 85.1ms
Speed: 0.9ms preprocess, 28.4ms inference, 0.7ms postprocess per image at shape (1, 3, 640, 640)

0: 640x640 1 rim, 1: 640x640 (no detections), 2: 640x640 1 rim, 84.0ms
Speed: 0.9ms preprocess, 28.0ms inference, 0.7ms postprocess per image at shape (1, 3, 640, 640)

0: 640x640 1 rim, 1: 640x640 (no detections), 2: 640x640 1 rim, 85.4ms
Speed: 0.9ms preprocess, 28.5ms inference, 0.7ms postprocess per image at shape (1, 3, 640, 640)

0: 640x640 1 rim, 1: 640x640 (no detections), 2: 640x640 1 rim, 85.5ms
Speed: 0.9ms preprocess, 28.5ms inference, 0.8ms postprocess per image at shape (1, 3, 640, 640)

0: 640x640 1 rim, 1: 640x640 (no detections), 2: 640x640 1 rim, 85.5ms
Speed: 0.9ms preprocess, 28.5ms inference, 0.7ms postprocess per image at shape (1, 3, 640, 640)

0: 640x640 1 rim, 1: 640x640 (no detections), 2: 640x640 1 ball, 1 rim, 85.2ms
Speed: 0.9ms preprocess, 28.4ms inference, 1.1ms postprocess per image at shape (1, 3, 640, 640)

0: 640x640 1 rim, 1: 640x640 (no detections), 2: 640x640 1 rim, 85.7ms
Speed: 1.1ms preprocess, 28.6ms inference, 1.2ms postprocess per image at shape (1, 3, 640, 640)

0: 640x640 1 rim, 1: 640x640 (no detections), 2: 640x640 1 ball, 1 rim, 85.0ms
Speed: 1.6ms preprocess, 28.3ms inference, 0.8ms postprocess per image at shape (1, 3, 640, 640)

0: 640x640 1 rim, 1: 640x640 (no detections), 2: 640x640 1 rim, 86.4ms
Speed: 0.9ms preprocess, 28.8ms inference, 0.7ms postprocess per image at shape (1, 3, 640, 640)

0: 640x640 1 rim, 1: 640x640 (no detections), 2: 640x640 1 rim, 86.7ms
Speed: 0.9ms preprocess, 28.9ms inference, 0.8ms postprocess per image at shape (1, 3, 640, 640)

0: 640x640 1 rim, 1: 640x640 (no detections), 2: 640x640 1 rim, 84.9ms
Speed: 0.9ms preprocess, 28.3ms inference, 0.7ms postprocess per image at shape (1, 3, 640, 640)

0: 640x640 1 rim, 1: 640x640 (no detections), 2: 640x640 1 rim, 85.3ms
Speed: 0.9ms preprocess, 28.4ms inference, 0.7ms postprocess per image at shape (1, 3, 640, 640)

0: 640x640 1 rim, 1: 640x640 (no detections), 2: 640x640 1 rim, 85.4ms
Speed: 0.9ms preprocess, 28.5ms inference, 0.8ms postprocess per image at shape (1, 3, 640, 640)

0: 640x640 1 rim, 1: 640x640 (no detections), 2: 640x640 1 rim, 85.1ms
Speed: 0.9ms preprocess, 28.4ms inference, 0.8ms postprocess per image at shape (1, 3, 640, 640)

0: 640x640 1 rim, 1: 640x640 (no detections), 2: 640x640 1 rim, 85.2ms
Speed: 0.9ms preprocess, 28.4ms inference, 0.7ms postprocess per image at shape (1, 3, 640, 640)

0: 640x640 1 rim, 1: 640x640 (no detections), 2: 640x640 1 rim, 83.8ms
Speed: 0.9ms preprocess, 27.9ms inference, 0.7ms postprocess per image at shape (1, 3, 640, 640)

0: 640x640 1 rim, 1: 640x640 (no detections), 2: 640x640 1 rim, 85.2ms
Speed: 0.9ms preprocess, 28.4ms inference, 0.8ms postprocess per image at shape (1, 3, 640, 640)

0: 640x640 1 rim, 1: 640x640 (no detections), 2: 640x640 1 ball, 1 rim, 86.4ms
Speed: 0.9ms preprocess, 28.8ms inference, 0.8ms postprocess per image at shape (1, 3, 640, 640)

0: 640x640 1 ball, 1 rim, 1: 640x640 (no detections), 2: 640x640 1 ball, 1 rim, 85.8ms
Speed: 0.9ms preprocess, 28.6ms inference, 0.8ms postprocess per image at shape (1, 3, 640, 640)

0: 640x640 1 rim, 1: 640x640 (no detections), 2: 640x640 1 ball, 1 rim, 84.4ms
Speed: 0.9ms preprocess, 28.1ms inference, 0.8ms postprocess per image at shape (1, 3, 640, 640)

0: 640x640 1 ball, 1 rim, 1: 640x640 (no detections), 2: 640x640 1 ball, 1 rim, 84.3ms
Speed: 0.9ms preprocess, 28.1ms inference, 0.7ms postprocess per image at shape (1, 3, 640, 640)

0: 640x640 1 ball, 1 rim, 1: 640x640 (no detections), 2: 640x640 1 ball, 1 rim, 86.9ms
Speed: 0.9ms preprocess, 29.0ms inference, 0.7ms postprocess per image at shape (1, 3, 640, 640)

0: 640x640 1 rim, 1: 640x640 (no detections), 2: 640x640 1 ball, 1 rim, 86.3ms
Speed: 0.9ms preprocess, 28.8ms inference, 0.7ms postprocess per image at shape (1, 3, 640, 640)

0: 640x640 1 rim, 1: 640x640 (no detections), 2: 640x640 1 ball, 1 rim, 86.1ms
Speed: 0.9ms preprocess, 28.7ms inference, 0.7ms postprocess per image at shape (1, 3, 640, 640)

0: 640x640 1 ball, 1 rim, 1: 640x640 (no detections), 2: 640x640 1 rim, 85.5ms
Speed: 0.9ms preprocess, 28.5ms inference, 0.8ms postprocess per image at shape (1, 3, 640, 640)

0: 640x640 1 rim, 1: 640x640 (no detections), 2: 640x640 1 rim, 85.6ms
Speed: 0.9ms preprocess, 28.5ms inference, 0.8ms postprocess per image at shape (1, 3, 640, 640)

0: 640x640 1 rim, 1: 640x640 (no detections), 2: 640x640 1 rim, 84.9ms
Speed: 0.9ms preprocess, 28.3ms inference, 0.7ms postprocess per image at shape (1, 3, 640, 640)

0: 640x640 1 rim, 1: 640x640 (no detections), 2: 640x640 1 rim, 84.9ms
Speed: 0.9ms preprocess, 28.3ms inference, 0.7ms postprocess per image at shape (1, 3, 640, 640)

0: 640x640 1 rim, 1: 640x640 (no detections), 2: 640x640 1 rim, 85.4ms
Speed: 0.9ms preprocess, 28.5ms inference, 0.8ms postprocess per image at shape (1, 3, 640, 640)

0: 640x640 1 rim, 1: 640x640 (no detections), 2: 640x640 1 rim, 84.4ms
Speed: 0.9ms preprocess, 28.1ms inference, 0.7ms postprocess per image at shape (1, 3, 640, 640)

0: 640x640 1 rim, 1: 640x640 (no detections), 2: 640x640 1 rim, 85.4ms
Speed: 0.9ms preprocess, 28.5ms inference, 0.7ms postprocess per image at shape (1, 3, 640, 640)

0: 640x640 1 rim, 1: 640x640 (no detections), 2: 640x640 1 ball, 1 rim, 85.4ms
Speed: 0.9ms preprocess, 28.5ms inference, 0.7ms postprocess per image at shape (1, 3, 640, 640)

0: 640x640 1 ball, 1 rim, 1: 640x640 (no detections), 2: 640x640 1 rim, 85.3ms
Speed: 0.9ms preprocess, 28.4ms inference, 0.7ms postprocess per image at shape (1, 3, 640, 640)

0: 640x640 1 ball, 1 rim, 1: 640x640 (no detections), 2: 640x640 1 rim, 86.4ms
Speed: 0.9ms preprocess, 28.8ms inference, 0.8ms postprocess per image at shape (1, 3, 640, 640)

0: 640x640 1 ball, 1 rim, 1: 640x640 (no detections), 2: 640x640 1 rim, 85.2ms
Speed: 0.9ms preprocess, 28.4ms inference, 0.8ms postprocess per image at shape (1, 3, 640, 640)

0: 640x640 1 rim, 1: 640x640 (no detections), 2: 640x640 1 rim, 85.1ms
Speed: 0.9ms preprocess, 28.4ms inference, 0.8ms postprocess per image at shape (1, 3, 640, 640)

0: 640x640 1 rim, 1: 640x640 (no detections), 2: 640x640 1 rim, 84.0ms
Speed: 0.9ms preprocess, 28.0ms inference, 0.8ms postprocess per image at shape (1, 3, 640, 640)

0: 640x640 1 rim, 1: 640x640 (no detections), 2: 640x640 1 rim, 88.3ms
Speed: 0.9ms preprocess, 29.4ms inference, 0.8ms postprocess per image at shape (1, 3, 640, 640)

0: 640x640 1 rim, 1: 640x640 (no detections), 2: 640x640 1 rim, 85.6ms
Speed: 0.9ms preprocess, 28.5ms inference, 0.7ms postprocess per image at shape (1, 3, 640, 640)

0: 640x640 1 rim, 1: 640x640 (no detections), 2: 640x640 1 rim, 85.5ms
Speed: 0.9ms preprocess, 28.5ms inference, 0.7ms postprocess per image at shape (1, 3, 640, 640)

0: 640x640 1 rim, 1: 640x640 (no detections), 2: 640x640 1 rim, 85.0ms
Speed: 0.9ms preprocess, 28.3ms inference, 0.7ms postprocess per image at shape (1, 3, 640, 640)

0: 640x640 1 rim, 1: 640x640 (no detections), 2: 640x640 1 rim, 85.1ms
Speed: 0.9ms preprocess, 28.4ms inference, 0.7ms postprocess per image at shape (1, 3, 640, 640)

0: 640x640 1 rim, 1: 640x640 (no detections), 2: 640x640 1 rim, 86.4ms
Speed: 0.9ms preprocess, 28.8ms inference, 0.7ms postprocess per image at shape (1, 3, 640, 640)

0: 640x640 1 rim, 1: 640x640 (no detections), 2: 640x640 1 ball, 1 rim, 84.4ms
Speed: 0.9ms preprocess, 28.1ms inference, 0.8ms postprocess per image at shape (1, 3, 640, 640)

0: 640x640 1 rim, 1: 640x640 (no detections), 2: 640x640 1 ball, 1 rim, 86.7ms
Speed: 0.9ms preprocess, 28.9ms inference, 0.7ms postprocess per image at shape (1, 3, 640, 640)

0: 640x640 1 rim, 1: 640x640 (no detections), 2: 640x640 1 ball, 1 rim, 85.1ms
Speed: 0.9ms preprocess, 28.4ms inference, 0.8ms postprocess per image at shape (1, 3, 640, 640)

0: 640x640 1 rim, 1: 640x640 (no detections), 2: 640x640 1 ball, 1 rim, 86.5ms
Speed: 0.9ms preprocess, 28.8ms inference, 0.7ms postprocess per image at shape (1, 3, 640, 640)

0: 640x640 1 rim, 1: 640x640 (no detections), 2: 640x640 1 ball, 1 rim, 85.5ms
Speed: 0.9ms preprocess, 28.5ms inference, 0.7ms postprocess per image at shape (1, 3, 640, 640)

0: 640x640 1 rim, 1: 640x640 (no detections), 2: 640x640 1 rim, 85.2ms
Speed: 0.9ms preprocess, 28.4ms inference, 0.7ms postprocess per image at shape (1, 3, 640, 640)

0: 640x640 1 rim, 1: 640x640 (no detections), 2: 640x640 1 rim, 85.0ms
Speed: 0.9ms preprocess, 28.3ms inference, 0.7ms postprocess per image at shape (1, 3, 640, 640)

0: 640x640 1 rim, 1: 640x640 (no detections), 2: 640x640 1 ball, 1 rim, 84.1ms
Speed: 0.9ms preprocess, 28.0ms inference, 0.8ms postprocess per image at shape (1, 3, 640, 640)

0: 640x640 1 rim, 1: 640x640 (no detections), 2: 640x640 1 rim, 86.9ms
Speed: 0.9ms preprocess, 29.0ms inference, 0.8ms postprocess per image at shape (1, 3, 640, 640)

0: 640x640 1 rim, 1: 640x640 (no detections), 2: 640x640 1 rim, 85.0ms
Speed: 0.9ms preprocess, 28.3ms inference, 0.8ms postprocess per image at shape (1, 3, 640, 640)

0: 640x640 1 rim, 1: 640x640 (no detections), 2: 640x640 1 rim, 85.0ms
Speed: 0.9ms preprocess, 28.3ms inference, 0.8ms postprocess per image at shape (1, 3, 640, 640)

0: 640x640 1 rim, 1: 640x640 (no detections), 2: 640x640 1 rim, 85.5ms
Speed: 0.9ms preprocess, 28.5ms inference, 0.8ms postprocess per image at shape (1, 3, 640, 640)

0: 640x640 1 rim, 1: 640x640 (no detections), 2: 640x640 1 rim, 84.9ms
Speed: 0.9ms preprocess, 28.3ms inference, 0.7ms postprocess per image at shape (1, 3, 640, 640)

0: 640x640 1 rim, 1: 640x640 (no detections), 2: 640x640 1 rim, 85.1ms
Speed: 0.9ms preprocess, 28.4ms inference, 0.8ms postprocess per image at shape (1, 3, 640, 640)

0: 640x640 1 rim, 1: 640x640 (no detections), 2: 640x640 1 rim, 84.2ms
Speed: 0.9ms preprocess, 28.1ms inference, 0.7ms postprocess per image at shape (1, 3, 640, 640)

0: 640x640 1 rim, 1: 640x640 (no detections), 2: 640x640 1 rim, 86.5ms
Speed: 0.9ms preprocess, 28.8ms inference, 0.7ms postprocess per image at shape (1, 3, 640, 640)

0: 640x640 1 rim, 1: 640x640 (no detections), 2: 640x640 1 rim, 86.3ms
Speed: 0.9ms preprocess, 28.8ms inference, 0.7ms postprocess per image at shape (1, 3, 640, 640)

0: 640x640 1 rim, 1: 640x640 (no detections), 2: 640x640 1 rim, 85.8ms
Speed: 0.9ms preprocess, 28.6ms inference, 0.7ms postprocess per image at shape (1, 3, 640, 640)

0: 640x640 1 rim, 1: 640x640 (no detections), 2: 640x640 1 rim, 85.1ms
Speed: 0.9ms preprocess, 28.4ms inference, 0.8ms postprocess per image at shape (1, 3, 640, 640)

0: 640x640 1 ball, 1 rim, 1: 640x640 (no detections), 2: 640x640 1 rim, 85.3ms
Speed: 0.9ms preprocess, 28.4ms inference, 0.7ms postprocess per image at shape (1, 3, 640, 640)

0: 640x640 1 ball, 1 rim, 1: 640x640 (no detections), 2: 640x640 1 ball, 1 rim, 86.3ms
Speed: 0.9ms preprocess, 28.8ms inference, 0.7ms postprocess per image at shape (1, 3, 640, 640)

0: 640x640 1 ball, 1 rim, 1: 640x640 (no detections), 2: 640x640 1 ball, 1 rim, 83.9ms
Speed: 1.1ms preprocess, 28.0ms inference, 0.7ms postprocess per image at shape (1, 3, 640, 640)

0: 640x640 1 ball, 1 rim, 1: 640x640 (no detections), 2: 640x640 1 rim, 87.0ms
Speed: 0.9ms preprocess, 29.0ms inference, 0.8ms postprocess per image at shape (1, 3, 640, 640)

0: 640x640 1 rim, 1: 640x640 (no detections), 2: 640x640 1 rim, 85.2ms
Speed: 0.9ms preprocess, 28.4ms inference, 0.7ms postprocess per image at shape (1, 3, 640, 640)

0: 640x640 1 rim, 1: 640x640 (no detections), 2: 640x640 1 rim, 85.5ms
Speed: 0.9ms preprocess, 28.5ms inference, 0.7ms postprocess per image at shape (1, 3, 640, 640)

0: 640x640 1 rim, 1: 640x640 (no detections), 2: 640x640 1 rim, 86.4ms
Speed: 0.9ms preprocess, 28.8ms inference, 0.7ms postprocess per image at shape (1, 3, 640, 640)

0: 640x640 1 rim, 1: 640x640 (no detections), 2: 640x640 1 rim, 84.8ms
Speed: 0.9ms preprocess, 28.3ms inference, 0.8ms postprocess per image at shape (1, 3, 640, 640)

0: 640x640 1 rim, 1: 640x640 (no detections), 2: 640x640 1 ball, 1 rim, 85.1ms
Speed: 0.9ms preprocess, 28.4ms inference, 0.7ms postprocess per image at shape (1, 3, 640, 640)

0: 640x640 1 rim, 1: 640x640 (no detections), 2: 640x640 1 ball, 1 rim, 84.2ms
Speed: 0.9ms preprocess, 28.1ms inference, 0.7ms postprocess per image at shape (1, 3, 640, 640)

0: 640x640 1 rim, 1: 640x640 (no detections), 2: 640x640 1 ball, 1 rim, 85.7ms
Speed: 0.9ms preprocess, 28.6ms inference, 0.8ms postprocess per image at shape (1, 3, 640, 640)

0: 640x640 1 ball, 1 rim, 1: 640x640 (no detections), 2: 640x640 1 ball, 1 rim, 85.0ms
Speed: 0.9ms preprocess, 28.3ms inference, 0.8ms postprocess per image at shape (1, 3, 640, 640)

0: 640x640 1 rim, 1: 640x640 (no detections), 2: 640x640 1 rim, 86.4ms
Speed: 1.3ms preprocess, 28.8ms inference, 0.8ms postprocess per image at shape (1, 3, 640, 640)

0: 640x640 1 rim, 1: 640x640 (no detections), 2: 640x640 1 ball, 1 rim, 85.3ms
Speed: 0.9ms preprocess, 28.4ms inference, 0.8ms postprocess per image at shape (1, 3, 640, 640)

0: 640x640 1 rim, 1: 640x640 (no detections), 2: 640x640 1 ball, 1 rim, 85.8ms
Speed: 0.9ms preprocess, 28.6ms inference, 0.7ms postprocess per image at shape (1, 3, 640, 640)

0: 640x640 1 rim, 1: 640x640 (no detections), 2: 640x640 1 ball, 1 rim, 85.7ms
Speed: 0.9ms preprocess, 28.6ms inference, 0.8ms postprocess per image at shape (1, 3, 640, 640)

0: 640x640 1 rim, 1: 640x640 (no detections), 2: 640x640 1 ball, 1 rim, 84.6ms
Speed: 0.9ms preprocess, 28.2ms inference, 0.8ms postprocess per image at shape (1, 3, 640, 640)

0: 640x640 1 rim, 1: 640x640 (no detections), 2: 640x640 1 rim, 85.7ms
Speed: 0.9ms preprocess, 28.6ms inference, 0.8ms postprocess per image at shape (1, 3, 640, 640)

0: 640x640 1 rim, 1: 640x640 (no detections), 2: 640x640 1 rim, 86.6ms
Speed: 0.9ms preprocess, 28.9ms inference, 0.8ms postprocess per image at shape (1, 3, 640, 640)

0: 640x640 1 rim, 1: 640x640 (no detections), 2: 640x640 1 rim, 86.5ms
Speed: 0.9ms preprocess, 28.8ms inference, 0.8ms postprocess per image at shape (1, 3, 640, 640)

0: 640x640 1 rim, 1: 640x640 (no detections), 2: 640x640 1 rim, 85.7ms
Speed: 0.9ms preprocess, 28.6ms inference, 0.8ms postprocess per image at shape (1, 3, 640, 640)

0: 640x640 1 rim, 1: 640x640 (no detections), 2: 640x640 1 rim, 85.3ms
Speed: 0.9ms preprocess, 28.4ms inference, 0.8ms postprocess per image at shape (1, 3, 640, 640)

0: 640x640 1 rim, 1: 640x640 (no detections), 2: 640x640 1 rim, 85.8ms
Speed: 0.9ms preprocess, 28.6ms inference, 0.8ms postprocess per image at shape (1, 3, 640, 640)

0: 640x640 1 rim, 1: 640x640 (no detections), 2: 640x640 1 ball, 1 rim, 84.7ms
Speed: 0.9ms preprocess, 28.2ms inference, 0.8ms postprocess per image at shape (1, 3, 640, 640)

0: 640x640 1 rim, 1: 640x640 (no detections), 2: 640x640 1 ball, 1 rim, 87.2ms
Speed: 0.9ms preprocess, 29.1ms inference, 0.8ms postprocess per image at shape (1, 3, 640, 640)

0: 640x640 1 rim, 1: 640x640 (no detections), 2: 640x640 1 ball, 1 rim, 85.1ms
Speed: 0.9ms preprocess, 28.4ms inference, 0.8ms postprocess per image at shape (1, 3, 640, 640)

0: 640x640 1 rim, 1: 640x640 (no detections), 2: 640x640 1 ball, 1 rim, 85.2ms
Speed: 0.9ms preprocess, 28.4ms inference, 0.8ms postprocess per image at shape (1, 3, 640, 640)

0: 640x640 1 rim, 1: 640x640 (no detections), 2: 640x640 1 rim, 86.6ms
Speed: 0.9ms preprocess, 28.9ms inference, 0.8ms postprocess per image at shape (1, 3, 640, 640)

0: 640x640 1 rim, 1: 640x640 (no detections), 2: 640x640 1 rim, 85.3ms
Speed: 0.9ms preprocess, 28.4ms inference, 0.8ms postprocess per image at shape (1, 3, 640, 640)

0: 640x640 1 rim, 1: 640x640 (no detections), 2: 640x640 1 rim, 86.5ms
Speed: 0.9ms preprocess, 28.8ms inference, 0.8ms postprocess per image at shape (1, 3, 640, 640)

0: 640x640 1 rim, 1: 640x640 (no detections), 2: 640x640 1 rim, 85.1ms
Speed: 0.9ms preprocess, 28.4ms inference, 0.8ms postprocess per image at shape (1, 3, 640, 640)

0: 640x640 1 rim, 1: 640x640 (no detections), 2: 640x640 1 rim, 85.7ms
Speed: 0.9ms preprocess, 28.6ms inference, 0.8ms postprocess per image at shape (1, 3, 640, 640)

0: 640x640 1 rim, 1: 640x640 (no detections), 2: 640x640 1 ball, 1 rim, 86.7ms
Speed: 0.9ms preprocess, 28.9ms inference, 0.8ms postprocess per image at shape (1, 3, 640, 640)

0: 640x640 1 rim, 1: 640x640 (no detections), 2: 640x640 1 ball, 1 rim, 86.6ms
Speed: 0.9ms preprocess, 28.9ms inference, 0.8ms postprocess per image at shape (1, 3, 640, 640)

0: 640x640 1 rim, 1: 640x640 (no detections), 2: 640x640 1 ball, 1 rim, 86.6ms
Speed: 0.9ms preprocess, 28.9ms inference, 0.7ms postprocess per image at shape (1, 3, 640, 640)

0: 640x640 1 rim, 1: 640x640 (no detections), 2: 640x640 1 rim, 85.7ms
Speed: 0.9ms preprocess, 28.6ms inference, 0.8ms postprocess per image at shape (1, 3, 640, 640)

0: 640x640 1 rim, 1: 640x640 (no detections), 2: 640x640 1 rim, 85.4ms
Speed: 0.9ms preprocess, 28.5ms inference, 0.8ms postprocess per image at shape (1, 3, 640, 640)

0: 640x640 1 rim, 1: 640x640 (no detections), 2: 640x640 1 rim, 83.9ms
Speed: 0.9ms preprocess, 28.0ms inference, 0.7ms postprocess per image at shape (1, 3, 640, 640)

0: 640x640 1 rim, 1: 640x640 (no detections), 2: 640x640 1 rim, 87.2ms
Speed: 0.9ms preprocess, 29.1ms inference, 0.8ms postprocess per image at shape (1, 3, 640, 640)

0: 640x640 1 ball, 1 rim, 1: 640x640 (no detections), 2: 640x640 1 ball, 1 rim, 85.7ms
Speed: 0.9ms preprocess, 28.6ms inference, 0.8ms postprocess per image at shape (1, 3, 640, 640)

0: 640x640 1 rim, 1: 640x640 (no detections), 2: 640x640 1 ball, 1 rim, 85.6ms
Speed: 0.9ms preprocess, 28.5ms inference, 0.8ms postprocess per image at shape (1, 3, 640, 640)

0: 640x640 1 rim, 1: 640x640 (no detections), 2: 640x640 1 ball, 1 rim, 85.4ms
Speed: 0.9ms preprocess, 28.5ms inference, 0.8ms postprocess per image at shape (1, 3, 640, 640)

0: 640x640 1 rim, 1: 640x640 (no detections), 2: 640x640 1 rim, 85.1ms
Speed: 0.9ms preprocess, 28.4ms inference, 0.8ms postprocess per image at shape (1, 3, 640, 640)

0: 640x640 1 rim, 1: 640x640 (no detections), 2: 640x640 1 rim, 87.3ms
Speed: 0.9ms preprocess, 29.1ms inference, 0.8ms postprocess per image at shape (1, 3, 640, 640)

0: 640x640 1 rim, 1: 640x640 (no detections), 2: 640x640 1 rim, 84.7ms
Speed: 0.9ms preprocess, 28.2ms inference, 0.8ms postprocess per image at shape (1, 3, 640, 640)

0: 640x640 1 rim, 1: 640x640 (no detections), 2: 640x640 1 rim, 86.7ms
Speed: 0.9ms preprocess, 28.9ms inference, 0.8ms postprocess per image at shape (1, 3, 640, 640)

0: 640x640 1 rim, 1: 640x640 (no detections), 2: 640x640 1 rim, 85.7ms
Speed: 0.9ms preprocess, 28.6ms inference, 0.7ms postprocess per image at shape (1, 3, 640, 640)

0: 640x640 1 rim, 1: 640x640 (no detections), 2: 640x640 1 rim, 86.3ms
Speed: 0.9ms preprocess, 28.8ms inference, 0.7ms postprocess per image at shape (1, 3, 640, 640)

0: 640x640 1 rim, 1: 640x640 (no detections), 2: 640x640 1 rim, 86.7ms
Speed: 0.9ms preprocess, 28.9ms inference, 0.8ms postprocess per image at shape (1, 3, 640, 640)

0: 640x640 1 rim, 1: 640x640 (no detections), 2: 640x640 1 rim, 84.8ms
Speed: 0.9ms preprocess, 28.3ms inference, 0.8ms postprocess per image at shape (1, 3, 640, 640)

0: 640x640 1 rim, 1: 640x640 (no detections), 2: 640x640 1 rim, 86.5ms
Speed: 0.9ms preprocess, 28.8ms inference, 0.8ms postprocess per image at shape (1, 3, 640, 640)

0: 640x640 1 rim, 1: 640x640 (no detections), 2: 640x640 1 rim, 85.9ms
Speed: 0.9ms preprocess, 28.6ms inference, 0.8ms postprocess per image at shape (1, 3, 640, 640)

0: 640x640 1 rim, 1: 640x640 (no detections), 2: 640x640 1 rim, 85.7ms
Speed: 0.9ms preprocess, 28.6ms inference, 0.8ms postprocess per image at shape (1, 3, 640, 640)

0: 640x640 1 rim, 1: 640x640 (no detections), 2: 640x640 1 rim, 86.8ms
Speed: 1.0ms preprocess, 28.9ms inference, 0.8ms postprocess per image at shape (1, 3, 640, 640)

0: 640x640 1 rim, 1: 640x640 (no detections), 2: 640x640 1 rim, 86.0ms
Speed: 0.9ms preprocess, 28.7ms inference, 0.7ms postprocess per image at shape (1, 3, 640, 640)

0: 640x640 1 rim, 1: 640x640 (no detections), 2: 640x640 1 rim, 85.6ms
Speed: 0.9ms preprocess, 28.5ms inference, 0.7ms postprocess per image at shape (1, 3, 640, 640)

0: 640x640 1 rim, 1: 640x640 (no detections), 2: 640x640 1 rim, 84.3ms
Speed: 0.9ms preprocess, 28.1ms inference, 0.7ms postprocess per image at shape (1, 3, 640, 640)

0: 640x640 1 rim, 1: 640x640 (no detections), 2: 640x640 1 rim, 88.3ms
Speed: 0.9ms preprocess, 29.4ms inference, 0.7ms postprocess per image at shape (1, 3, 640, 640)

0: 640x640 1 ball, 1 rim, 1: 640x640 (no detections), 2: 640x640 1 rim, 86.8ms
Speed: 0.9ms preprocess, 28.9ms inference, 0.7ms postprocess per image at shape (1, 3, 640, 640)

0: 640x640 1 ball, 1 rim, 1: 640x640 (no detections), 2: 640x640 1 rim, 86.7ms
Speed: 0.9ms preprocess, 28.9ms inference, 0.8ms postprocess per image at shape (1, 3, 640, 640)

0: 640x640 1 ball, 1 rim, 1: 640x640 (no detections), 2: 640x640 1 rim, 85.7ms
Speed: 0.9ms preprocess, 28.6ms inference, 0.7ms postprocess per image at shape (1, 3, 640, 640)

0: 640x640 1 ball, 1 rim, 1: 640x640 (no detections), 2: 640x640 1 rim, 85.3ms
Speed: 0.9ms preprocess, 28.4ms inference, 0.8ms postprocess per image at shape (1, 3, 640, 640)

0: 640x640 1 ball, 1 rim, 1: 640x640 (no detections), 2: 640x640 1 rim, 86.7ms
Speed: 0.9ms preprocess, 28.9ms inference, 0.8ms postprocess per image at shape (1, 3, 640, 640)

0: 640x640 1 ball, 1 rim, 1: 640x640 (no detections), 2: 640x640 1 rim, 84.8ms
Speed: 0.9ms preprocess, 28.3ms inference, 0.7ms postprocess per image at shape (1, 3, 640, 640)

0: 640x640 1 ball, 1 rim, 1: 640x640 (no detections), 2: 640x640 1 rim, 85.6ms
Speed: 0.9ms preprocess, 28.5ms inference, 0.7ms postprocess per image at shape (1, 3, 640, 640)

0: 640x640 1 ball, 1 rim, 1: 640x640 (no detections), 2: 640x640 1 rim, 85.6ms
Speed: 0.9ms preprocess, 28.5ms inference, 0.7ms postprocess per image at shape (1, 3, 640, 640)

0: 640x640 2 balls, 1 rim, 1: 640x640 (no detections), 2: 640x640 1 rim, 85.5ms
Speed: 0.9ms preprocess, 28.5ms inference, 0.8ms postprocess per image at shape (1, 3, 640, 640)

0: 640x640 2 balls, 1 rim, 1: 640x640 (no detections), 2: 640x640 1 rim, 85.7ms
Speed: 0.9ms preprocess, 28.6ms inference, 0.7ms postprocess per image at shape (1, 3, 640, 640)

0: 640x640 2 balls, 1 rim, 1: 640x640 (no detections), 2: 640x640 1 rim, 85.5ms
Speed: 0.9ms preprocess, 28.5ms inference, 0.7ms postprocess per image at shape (1, 3, 640, 640)

0: 640x640 1 ball, 1 rim, 1: 640x640 (no detections), 2: 640x640 1 ball, 1 rim, 86.6ms
Speed: 0.9ms preprocess, 28.9ms inference, 0.8ms postprocess per image at shape (1, 3, 640, 640)

0: 640x640 1 ball, 1 rim, 1: 640x640 (no detections), 2: 640x640 1 ball, 1 rim, 85.3ms
Speed: 0.9ms preprocess, 28.4ms inference, 0.8ms postprocess per image at shape (1, 3, 640, 640)

0: 640x640 1 rim, 1: 640x640 (no detections), 2: 640x640 1 ball, 1 rim, 85.7ms
Speed: 0.9ms preprocess, 28.6ms inference, 0.8ms postprocess per image at shape (1, 3, 640, 640)

0: 640x640 1 rim, 1: 640x640 (no detections), 2: 640x640 1 ball, 1 rim, 85.6ms
Speed: 0.9ms preprocess, 28.5ms inference, 0.7ms postprocess per image at shape (1, 3, 640, 640)

0: 640x640 1 rim, 1: 640x640 (no detections), 2: 640x640 1 ball, 1 rim, 86.5ms
Speed: 0.9ms preprocess, 28.8ms inference, 0.8ms postprocess per image at shape (1, 3, 640, 640)

0: 640x640 1 rim, 1: 640x640 (no detections), 2: 640x640 1 ball, 1 rim, 86.6ms
Speed: 0.9ms preprocess, 28.9ms inference, 0.7ms postprocess per image at shape (1, 3, 640, 640)

0: 640x640 1 rim, 1: 640x640 (no detections), 2: 640x640 1 ball, 1 rim, 85.3ms
Speed: 0.9ms preprocess, 28.4ms inference, 0.8ms postprocess per image at shape (1, 3, 640, 640)

0: 640x640 1 rim, 1: 640x640 (no detections), 2: 640x640 1 ball, 1 rim, 87.2ms
Speed: 0.9ms preprocess, 29.1ms inference, 0.8ms postprocess per image at shape (1, 3, 640, 640)

0: 640x640 1 rim, 1: 640x640 (no detections), 2: 640x640 1 ball, 1 rim, 84.0ms
Speed: 0.9ms preprocess, 28.0ms inference, 0.8ms postprocess per image at shape (1, 3, 640, 640)

0: 640x640 1 rim, 1: 640x640 (no detections), 2: 640x640 1 ball, 1 rim, 88.5ms
Speed: 0.9ms preprocess, 29.5ms inference, 0.7ms postprocess per image at shape (1, 3, 640, 640)

0: 640x640 1 rim, 1: 640x640 (no detections), 2: 640x640 1 ball, 1 rim, 85.7ms
Speed: 0.9ms preprocess, 28.6ms inference, 0.7ms postprocess per image at shape (1, 3, 640, 640)

0: 640x640 1 rim, 1: 640x640 (no detections), 2: 640x640 1 ball, 1 rim, 86.4ms
Speed: 0.9ms preprocess, 28.8ms inference, 0.7ms postprocess per image at shape (1, 3, 640, 640)

0: 640x640 1 rim, 1: 640x640 (no detections), 2: 640x640 1 ball, 1 rim, 86.7ms
Speed: 0.9ms preprocess, 28.9ms inference, 0.7ms postprocess per image at shape (1, 3, 640, 640)

0: 640x640 1 rim, 1: 640x640 (no detections), 2: 640x640 1 rim, 84.9ms
Speed: 0.9ms preprocess, 28.3ms inference, 0.7ms postprocess per image at shape (1, 3, 640, 640)

0: 640x640 1 rim, 1: 640x640 (no detections), 2: 640x640 1 rim, 86.6ms
Speed: 0.9ms preprocess, 28.9ms inference, 0.8ms postprocess per image at shape (1, 3, 640, 640)

0: 640x640 1 rim, 1: 640x640 (no detections), 2: 640x640 1 rim, 86.7ms
Speed: 0.9ms preprocess, 28.9ms inference, 0.8ms postprocess per image at shape (1, 3, 640, 640)

0: 640x640 1 rim, 1: 640x640 (no detections), 2: 640x640 1 rim, 86.6ms
Speed: 0.9ms preprocess, 28.9ms inference, 0.7ms postprocess per image at shape (1, 3, 640, 640)

0: 640x640 1 rim, 1: 640x640 (no detections), 2: 640x640 1 rim, 85.5ms
Speed: 0.9ms preprocess, 28.5ms inference, 0.7ms postprocess per image at shape (1, 3, 640, 640)

0: 640x640 1 rim, 1: 640x640 (no detections), 2: 640x640 1 rim, 85.7ms
Speed: 0.9ms preprocess, 28.6ms inference, 0.7ms postprocess per image at shape (1, 3, 640, 640)

0: 640x640 1 ball, 1 rim, 1: 640x640 (no detections), 2: 640x640 1 rim, 86.7ms
Speed: 0.9ms preprocess, 28.9ms inference, 0.7ms postprocess per image at shape (1, 3, 640, 640)

0: 640x640 1 ball, 1 rim, 1: 640x640 (no detections), 2: 640x640 1 rim, 85.1ms
Speed: 0.9ms preprocess, 28.4ms inference, 0.8ms postprocess per image at shape (1, 3, 640, 640)

0: 640x640 1 rim, 1: 640x640 (no detections), 2: 640x640 1 rim, 86.8ms
Speed: 0.9ms preprocess, 28.9ms inference, 0.8ms postprocess per image at shape (1, 3, 640, 640)

0: 640x640 1 ball, 1 rim, 1: 640x640 (no detections), 2: 640x640 1 rim, 85.6ms
Speed: 0.9ms preprocess, 28.5ms inference, 0.7ms postprocess per image at shape (1, 3, 640, 640)

0: 640x640 1 ball, 1 rim, 1: 640x640 (no detections), 2: 640x640 1 rim, 85.8ms
Speed: 0.9ms preprocess, 28.6ms inference, 0.8ms postprocess per image at shape (1, 3, 640, 640)

0: 640x640 1 ball, 1 rim, 1: 640x640 (no detections), 2: 640x640 1 rim, 86.5ms
Speed: 0.9ms preprocess, 28.8ms inference, 0.7ms postprocess per image at shape (1, 3, 640, 640)

0: 640x640 1 rim, 1: 640x640 (no detections), 2: 640x640 1 ball, 1 rim, 85.4ms
Speed: 0.9ms preprocess, 28.5ms inference, 0.7ms postprocess per image at shape (1, 3, 640, 640)

0: 640x640 1 rim, 1: 640x640 (no detections), 2: 640x640 1 rim, 85.3ms
Speed: 0.9ms preprocess, 28.4ms inference, 0.7ms postprocess per image at shape (1, 3, 640, 640)

0: 640x640 1 rim, 1: 640x640 (no detections), 2: 640x640 1 rim, 84.9ms
Speed: 0.9ms preprocess, 28.3ms inference, 0.8ms postprocess per image at shape (1, 3, 640, 640)

0: 640x640 1 rim, 1: 640x640 (no detections), 2: 640x640 1 rim, 86.6ms
Speed: 0.9ms preprocess, 28.9ms inference, 0.8ms postprocess per image at shape (1, 3, 640, 640)

0: 640x640 1 rim, 1: 640x640 (no detections), 2: 640x640 1 rim, 86.8ms
Speed: 0.9ms preprocess, 28.9ms inference, 0.7ms postprocess per image at shape (1, 3, 640, 640)

0: 640x640 1 ball, 1 rim, 1: 640x640 (no detections), 2: 640x640 1 rim, 86.6ms
Speed: 0.9ms preprocess, 28.9ms inference, 0.8ms postprocess per image at shape (1, 3, 640, 640)

0: 640x640 1 rim, 1: 640x640 (no detections), 2: 640x640 1 rim, 85.7ms
Speed: 0.9ms preprocess, 28.6ms inference, 0.7ms postprocess per image at shape (1, 3, 640, 640)

0: 640x640 1 rim, 1: 640x640 (no detections), 2: 640x640 1 rim, 85.4ms
Speed: 1.0ms preprocess, 28.5ms inference, 0.7ms postprocess per image at shape (1, 3, 640, 640)

0: 640x640 1 rim, 1: 640x640 (no detections), 2: 640x640 1 rim, 87.1ms
Speed: 0.9ms preprocess, 29.0ms inference, 0.8ms postprocess per image at shape (1, 3, 640, 640)

0: 640x640 1 rim, 1: 640x640 (no detections), 2: 640x640 1 rim, 85.5ms
Speed: 0.9ms preprocess, 28.5ms inference, 0.7ms postprocess per image at shape (1, 3, 640, 640)

0: 640x640 1 rim, 1: 640x640 (no detections), 2: 640x640 1 rim, 86.6ms
Speed: 0.9ms preprocess, 28.9ms inference, 0.7ms postprocess per image at shape (1, 3, 640, 640)

0: 640x640 1 ball, 1 rim, 1: 640x640 (no detections), 2: 640x640 1 rim, 86.5ms
Speed: 0.9ms preprocess, 28.8ms inference, 0.7ms postprocess per image at shape (1, 3, 640, 640)

0: 640x640 1 rim, 1: 640x640 (no detections), 2: 640x640 1 ball, 1 rim, 86.5ms
Speed: 0.9ms preprocess, 28.8ms inference, 0.8ms postprocess per image at shape (1, 3, 640, 640)

0: 640x640 1 ball, 1 rim, 1: 640x640 (no detections), 2: 640x640 1 ball, 1 rim, 86.0ms
Speed: 0.9ms preprocess, 28.7ms inference, 0.7ms postprocess per image at shape (1, 3, 640, 640)

0: 640x640 1 rim, 1: 640x640 (no detections), 2: 640x640 1 ball, 1 rim, 85.2ms
Speed: 0.9ms preprocess, 28.4ms inference, 0.7ms postprocess per image at shape (1, 3, 640, 640)

0: 640x640 1 rim, 1: 640x640 (no detections), 2: 640x640 1 ball, 1 rim, 86.6ms
Speed: 0.9ms preprocess, 28.9ms inference, 0.7ms postprocess per image at shape (1, 3, 640, 640)

0: 640x640 1 rim, 1: 640x640 (no detections), 2: 640x640 1 ball, 1 rim, 85.2ms
Speed: 0.9ms preprocess, 28.4ms inference, 0.7ms postprocess per image at shape (1, 3, 640, 640)

0: 640x640 1 rim, 1: 640x640 (no detections), 2: 640x640 1 ball, 1 rim, 85.5ms
Speed: 0.9ms preprocess, 28.5ms inference, 0.8ms postprocess per image at shape (1, 3, 640, 640)

0: 640x640 1 rim, 1: 640x640 (no detections), 2: 640x640 1 rim, 86.6ms
Speed: 0.9ms preprocess, 28.9ms inference, 0.8ms postprocess per image at shape (1, 3, 640, 640)

0: 640x640 1 rim, 1: 640x640 (no detections), 2: 640x640 1 rim, 86.3ms
Speed: 0.9ms preprocess, 28.8ms inference, 0.7ms postprocess per image at shape (1, 3, 640, 640)

0: 640x640 1 rim, 1: 640x640 (no detections), 2: 640x640 1 rim, 85.2ms
Speed: 0.9ms preprocess, 28.4ms inference, 0.7ms postprocess per image at shape (1, 3, 640, 640)

0: 640x640 1 rim, 1: 640x640 (no detections), 2: 640x640 1 rim, 85.8ms
Speed: 0.9ms preprocess, 28.6ms inference, 0.7ms postprocess per image at shape (1, 3, 640, 640)

0: 640x640 1 rim, 1: 640x640 (no detections), 2: 640x640 1 rim, 86.6ms
Speed: 0.9ms preprocess, 28.9ms inference, 0.7ms postprocess per image at shape (1, 3, 640, 640)

0: 640x640 1 rim, 1: 640x640 (no detections), 2: 640x640 1 rim, 87.3ms
Speed: 0.9ms preprocess, 29.1ms inference, 0.7ms postprocess per image at shape (1, 3, 640, 640)

0: 640x640 1 rim, 1: 640x640 (no detections), 2: 640x640 1 rim, 87.2ms
Speed: 0.9ms preprocess, 29.1ms inference, 0.7ms postprocess per image at shape (1, 3, 640, 640)

0: 640x640 1 rim, 1: 640x640 (no detections), 2: 640x640 1 rim, 85.8ms
Speed: 0.9ms preprocess, 28.6ms inference, 0.7ms postprocess per image at shape (1, 3, 640, 640)

0: 640x640 1 rim, 1: 640x640 (no detections), 2: 640x640 1 rim, 85.6ms
Speed: 0.9ms preprocess, 28.5ms inference, 0.7ms postprocess per image at shape (1, 3, 640, 640)

0: 640x640 1 rim, 1: 640x640 (no detections), 2: 640x640 1 rim, 85.6ms
Speed: 0.9ms preprocess, 28.5ms inference, 0.8ms postprocess per image at shape (1, 3, 640, 640)

0: 640x640 1 rim, 1: 640x640 (no detections), 2: 640x640 1 rim, 85.4ms
Speed: 0.9ms preprocess, 28.5ms inference, 0.7ms postprocess per image at shape (1, 3, 640, 640)

0: 640x640 1 rim, 1: 640x640 (no detections), 2: 640x640 1 rim, 87.2ms
Speed: 0.9ms preprocess, 29.1ms inference, 0.7ms postprocess per image at shape (1, 3, 640, 640)

0: 640x640 1 rim, 1: 640x640 (no detections), 2: 640x640 1 rim, 85.8ms
Speed: 0.9ms preprocess, 28.6ms inference, 0.7ms postprocess per image at shape (1, 3, 640, 640)

0: 640x640 1 rim, 1: 640x640 (no detections), 2: 640x640 1 rim, 86.6ms
Speed: 0.9ms preprocess, 28.9ms inference, 0.8ms postprocess per image at shape (1, 3, 640, 640)

0: 640x640 1 rim, 1: 640x640 (no detections), 2: 640x640 1 rim, 86.6ms
Speed: 0.9ms preprocess, 28.9ms inference, 0.7ms postprocess per image at shape (1, 3, 640, 640)

0: 640x640 1 rim, 1: 640x640 (no detections), 2: 640x640 1 rim, 86.2ms
Speed: 0.9ms preprocess, 28.7ms inference, 0.8ms postprocess per image at shape (1, 3, 640, 640)

0: 640x640 1 rim, 1: 640x640 (no detections), 2: 640x640 1 rim, 86.9ms
Speed: 0.9ms preprocess, 29.0ms inference, 0.7ms postprocess per image at shape (1, 3, 640, 640)

0: 640x640 1 rim, 1: 640x640 (no detections), 2: 640x640 1 rim, 84.8ms
Speed: 0.9ms preprocess, 28.3ms inference, 0.7ms postprocess per image at shape (1, 3, 640, 640)

0: 640x640 1 rim, 1: 640x640 (no detections), 2: 640x640 1 rim, 86.7ms
Speed: 0.9ms preprocess, 28.9ms inference, 0.7ms postprocess per image at shape (1, 3, 640, 640)

0: 640x640 1 rim, 1: 640x640 (no detections), 2: 640x640 1 rim, 86.8ms
Speed: 0.9ms preprocess, 28.9ms inference, 0.7ms postprocess per image at shape (1, 3, 640, 640)

0: 640x640 1 rim, 1: 640x640 (no detections), 2: 640x640 1 rim, 86.5ms
Speed: 0.9ms preprocess, 28.8ms inference, 0.7ms postprocess per image at shape (1, 3, 640, 640)

0: 640x640 1 rim, 1: 640x640 (no detections), 2: 640x640 1 rim, 86.1ms
Speed: 0.9ms preprocess, 28.7ms inference, 0.8ms postprocess per image at shape (1, 3, 640, 640)

0: 640x640 1 rim, 1: 640x640 (no detections), 2: 640x640 1 rim, 85.5ms
Speed: 0.9ms preprocess, 28.5ms inference, 0.8ms postprocess per image at shape (1, 3, 640, 640)

0: 640x640 1 rim, 1: 640x640 (no detections), 2: 640x640 1 rim, 87.2ms
Speed: 0.9ms preprocess, 29.1ms inference, 0.7ms postprocess per image at shape (1, 3, 640, 640)

0: 640x640 1 rim, 1: 640x640 (no detections), 2: 640x640 1 rim, 85.4ms
Speed: 0.9ms preprocess, 28.5ms inference, 0.8ms postprocess per image at shape (1, 3, 640, 640)

0: 640x640 1 rim, 1: 640x640 (no detections), 2: 640x640 1 rim, 86.7ms
Speed: 0.9ms preprocess, 28.9ms inference, 0.8ms postprocess per image at shape (1, 3, 640, 640)

0: 640x640 1 rim, 1: 640x640 (no detections), 2: 640x640 1 rim, 85.7ms
Speed: 0.9ms preprocess, 28.6ms inference, 0.7ms postprocess per image at shape (1, 3, 640, 640)

0: 640x640 1 rim, 1: 640x640 (no detections), 2: 640x640 1 rim, 86.7ms
Speed: 0.9ms preprocess, 28.9ms inference, 0.8ms postprocess per image at shape (1, 3, 640, 640)

0: 640x640 1 rim, 1: 640x640 (no detections), 2: 640x640 1 rim, 87.2ms
Speed: 0.9ms preprocess, 29.1ms inference, 0.8ms postprocess per image at shape (1, 3, 640, 640)

0: 640x640 1 rim, 1: 640x640 (no detections), 2: 640x640 1 rim, 86.1ms
Speed: 0.9ms preprocess, 28.7ms inference, 0.8ms postprocess per image at shape (1, 3, 640, 640)

0: 640x640 1 rim, 1: 640x640 (no detections), 2: 640x640 1 rim, 86.6ms
Speed: 0.9ms preprocess, 28.9ms inference, 0.8ms postprocess per image at shape (1, 3, 640, 640)

0: 640x640 1 rim, 1: 640x640 (no detections), 2: 640x640 1 rim, 84.1ms
Speed: 0.9ms preprocess, 28.0ms inference, 0.7ms postprocess per image at shape (1, 3, 640, 640)

0: 640x640 1 rim, 1: 640x640 (no detections), 2: 640x640 1 rim, 88.4ms
Speed: 0.9ms preprocess, 29.5ms inference, 0.8ms postprocess per image at shape (1, 3, 640, 640)

0: 640x640 1 rim, 1: 640x640 (no detections), 2: 640x640 1 rim, 86.5ms
Speed: 0.9ms preprocess, 28.8ms inference, 0.7ms postprocess per image at shape (1, 3, 640, 640)

0: 640x640 1 rim, 1: 640x640 (no detections), 2: 640x640 1 rim, 86.4ms
Speed: 0.9ms preprocess, 28.8ms inference, 0.7ms postprocess per image at shape (1, 3, 640, 640)

0: 640x640 1 rim, 1: 640x640 (no detections), 2: 640x640 1 rim, 85.9ms
Speed: 0.9ms preprocess, 28.6ms inference, 0.7ms postprocess per image at shape (1, 3, 640, 640)

0: 640x640 1 rim, 1: 640x640 (no detections), 2: 640x640 1 rim, 85.5ms
Speed: 0.9ms preprocess, 28.5ms inference, 0.7ms postprocess per image at shape (1, 3, 640, 640)

0: 640x640 1 rim, 1: 640x640 (no detections), 2: 640x640 1 rim, 87.2ms
Speed: 0.9ms preprocess, 29.1ms inference, 0.7ms postprocess per image at shape (1, 3, 640, 640)

0: 640x640 1 rim, 1: 640x640 (no detections), 2: 640x640 1 rim, 86.1ms
Speed: 0.9ms preprocess, 28.7ms inference, 0.8ms postprocess per image at shape (1, 3, 640, 640)

0: 640x640 1 rim, 1: 640x640 (no detections), 2: 640x640 1 rim, 86.7ms
Speed: 0.9ms preprocess, 28.9ms inference, 0.8ms postprocess per image at shape (1, 3, 640, 640)

0: 640x640 1 rim, 1: 640x640 (no detections), 2: 640x640 1 rim, 86.8ms
Speed: 0.9ms preprocess, 28.9ms inference, 0.7ms postprocess per image at shape (1, 3, 640, 640)

0: 640x640 1 rim, 1: 640x640 (no detections), 2: 640x640 1 rim, 86.5ms
Speed: 0.9ms preprocess, 28.8ms inference, 0.8ms postprocess per image at shape (1, 3, 640, 640)

0: 640x640 1 rim, 1: 640x640 (no detections), 2: 640x640 1 rim, 85.8ms
Speed: 0.9ms preprocess, 28.6ms inference, 0.8ms postprocess per image at shape (1, 3, 640, 640)

0: 640x640 1 rim, 1: 640x640 (no detections), 2: 640x640 1 rim, 85.6ms
Speed: 0.9ms preprocess, 28.5ms inference, 0.8ms postprocess per image at shape (1, 3, 640, 640)

0: 640x640 1 rim, 1: 640x640 (no detections), 2: 640x640 1 rim, 86.8ms
Speed: 0.9ms preprocess, 28.9ms inference, 0.7ms postprocess per image at shape (1, 3, 640, 640)

0: 640x640 1 rim, 1: 640x640 (no detections), 2: 640x640 1 rim, 86.8ms
Speed: 0.9ms preprocess, 28.9ms inference, 0.7ms postprocess per image at shape (1, 3, 640, 640)

0: 640x640 1 rim, 1: 640x640 (no detections), 2: 640x640 1 rim, 87.3ms
Speed: 0.9ms preprocess, 29.1ms inference, 0.7ms postprocess per image at shape (1, 3, 640, 640)

0: 640x640 1 rim, 1: 640x640 (no detections), 2: 640x640 1 rim, 86.8ms
Speed: 0.9ms preprocess, 28.9ms inference, 0.7ms postprocess per image at shape (1, 3, 640, 640)

0: 640x640 1 rim, 1: 640x640 (no detections), 2: 640x640 1 rim, 86.1ms
Speed: 0.9ms preprocess, 28.7ms inference, 0.8ms postprocess per image at shape (1, 3, 640, 640)

0: 640x640 1 rim, 1: 640x640 (no detections), 2: 640x640 1 rim, 86.8ms
Speed: 0.9ms preprocess, 28.9ms inference, 0.7ms postprocess per image at shape (1, 3, 640, 640)

0: 640x640 1 rim, 1: 640x640 (no detections), 2: 640x640 1 rim, 85.6ms
Speed: 0.9ms preprocess, 28.5ms inference, 0.8ms postprocess per image at shape (1, 3, 640, 640)

0: 640x640 1 rim, 1: 640x640 (no detections), 2: 640x640 1 rim, 88.3ms
Speed: 0.9ms preprocess, 29.4ms inference, 0.7ms postprocess per image at shape (1, 3, 640, 640)

0: 640x640 1 rim, 1: 640x640 (no detections), 2: 640x640 1 rim, 87.3ms
Speed: 0.9ms preprocess, 29.1ms inference, 0.8ms postprocess per image at shape (1, 3, 640, 640)

0: 640x640 1 rim, 1: 640x640 (no detections), 2: 640x640 1 rim, 87.1ms
Speed: 0.9ms preprocess, 29.0ms inference, 0.7ms postprocess per image at shape (1, 3, 640, 640)

0: 640x640 1 rim, 1: 640x640 (no detections), 2: 640x640 1 rim, 85.6ms
Speed: 0.9ms preprocess, 28.5ms inference, 0.8ms postprocess per image at shape (1, 3, 640, 640)

0: 640x640 1 rim, 1: 640x640 (no detections), 2: 640x640 1 rim, 86.0ms
Speed: 0.9ms preprocess, 28.7ms inference, 0.7ms postprocess per image at shape (1, 3, 640, 640)

0: 640x640 1 rim, 1: 640x640 (no detections), 2: 640x640 1 rim, 85.8ms
Speed: 0.9ms preprocess, 28.6ms inference, 0.7ms postprocess per image at shape (1, 3, 640, 640)

0: 640x640 1 rim, 1: 640x640 (no detections), 2: 640x640 1 rim, 84.7ms
Speed: 0.9ms preprocess, 28.2ms inference, 0.8ms postprocess per image at shape (1, 3, 640, 640)

0: 640x640 1 rim, 1: 640x640 (no detections), 2: 640x640 1 rim, 88.3ms
Speed: 0.9ms preprocess, 29.4ms inference, 0.8ms postprocess per image at shape (1, 3, 640, 640)

0: 640x640 1 rim, 1: 640x640 (no detections), 2: 640x640 1 rim, 86.8ms
Speed: 0.9ms preprocess, 28.9ms inference, 0.8ms postprocess per image at shape (1, 3, 640, 640)

0: 640x640 1 rim, 1: 640x640 (no detections), 2: 640x640 1 rim, 86.5ms
Speed: 0.9ms preprocess, 28.8ms inference, 0.8ms postprocess per image at shape (1, 3, 640, 640)

0: 640x640 1 rim, 1: 640x640 (no detections), 2: 640x640 1 rim, 85.6ms
Speed: 0.9ms preprocess, 28.5ms inference, 0.7ms postprocess per image at shape (1, 3, 640, 640)

0: 640x640 1 rim, 1: 640x640 (no detections), 2: 640x640 1 rim, 85.2ms
Speed: 0.9ms preprocess, 28.4ms inference, 0.7ms postprocess per image at shape (1, 3, 640, 640)

0: 640x640 1 rim, 1: 640x640 (no detections), 2: 640x640 1 rim, 88.3ms
Speed: 0.9ms preprocess, 29.4ms inference, 0.7ms postprocess per image at shape (1, 3, 640, 640)

0: 640x640 1 rim, 1: 640x640 (no detections), 2: 640x640 1 rim, 87.5ms
Speed: 0.9ms preprocess, 29.2ms inference, 0.7ms postprocess per image at shape (1, 3, 640, 640)

0: 640x640 1 rim, 1: 640x640 (no detections), 2: 640x640 1 rim, 87.1ms
Speed: 0.9ms preprocess, 29.0ms inference, 0.8ms postprocess per image at shape (1, 3, 640, 640)

0: 640x640 1 rim, 1: 640x640 (no detections), 2: 640x640 1 rim, 86.8ms
Speed: 0.9ms preprocess, 28.9ms inference, 0.7ms postprocess per image at shape (1, 3, 640, 640)

0: 640x640 1 rim, 1: 640x640 (no detections), 2: 640x640 1 rim, 86.3ms
Speed: 0.9ms preprocess, 28.8ms inference, 0.8ms postprocess per image at shape (1, 3, 640, 640)

0: 640x640 1 rim, 1: 640x640 (no detections), 2: 640x640 1 rim, 86.0ms
Speed: 0.9ms preprocess, 28.7ms inference, 0.8ms postprocess per image at shape (1, 3, 640, 640)

0: 640x640 1 rim, 1: 640x640 (no detections), 2: 640x640 1 rim, 85.4ms
Speed: 0.9ms preprocess, 28.5ms inference, 0.7ms postprocess per image at shape (1, 3, 640, 640)

0: 640x640 1 rim, 1: 640x640 (no detections), 2: 640x640 1 rim, 86.7ms
Speed: 0.9ms preprocess, 28.9ms inference, 0.7ms postprocess per image at shape (1, 3, 640, 640)

0: 640x640 1 rim, 1: 640x640 (no detections), 2: 640x640 1 rim, 84.8ms
Speed: 0.9ms preprocess, 28.3ms inference, 0.7ms postprocess per image at shape (1, 3, 640, 640)

0: 640x640 1 rim, 1: 640x640 (no detections), 2: 640x640 1 rim, 87.4ms
Speed: 0.9ms preprocess, 29.1ms inference, 0.8ms postprocess per image at shape (1, 3, 640, 640)

0: 640x640 1 rim, 1: 640x640 (no detections), 2: 640x640 1 rim, 86.7ms
Speed: 0.9ms preprocess, 28.9ms inference, 0.8ms postprocess per image at shape (1, 3, 640, 640)

0: 640x640 1 rim, 1: 640x640 (no detections), 2: 640x640 1 rim, 86.5ms
Speed: 0.9ms preprocess, 28.8ms inference, 0.8ms postprocess per image at shape (1, 3, 640, 640)

0: 640x640 1 rim, 1: 640x640 (no detections), 2: 640x640 1 rim, 86.3ms
Speed: 0.9ms preprocess, 28.8ms inference, 0.7ms postprocess per image at shape (1, 3, 640, 640)

0: 640x640 1 rim, 1: 640x640 (no detections), 2: 640x640 1 rim, 85.9ms
Speed: 0.9ms preprocess, 28.6ms inference, 0.7ms postprocess per image at shape (1, 3, 640, 640)

0: 640x640 1 rim, 1: 640x640 (no detections), 2: 640x640 1 rim, 88.1ms
Speed: 0.9ms preprocess, 29.4ms inference, 0.7ms postprocess per image at shape (1, 3, 640, 640)

0: 640x640 1 rim, 1: 640x640 (no detections), 2: 640x640 1 rim, 87.7ms
Speed: 0.9ms preprocess, 29.2ms inference, 0.7ms postprocess per image at shape (1, 3, 640, 640)

0: 640x640 1 rim, 1: 640x640 (no detections), 2: 640x640 1 rim, 87.3ms
Speed: 0.9ms preprocess, 29.1ms inference, 0.8ms postprocess per image at shape (1, 3, 640, 640)

0: 640x640 1 rim, 1: 640x640 (no detections), 2: 640x640 1 rim, 85.9ms
Speed: 0.9ms preprocess, 28.6ms inference, 0.8ms postprocess per image at shape (1, 3, 640, 640)

0: 640x640 1 rim, 1: 640x640 (no detections), 2: 640x640 1 rim, 86.9ms
Speed: 0.9ms preprocess, 29.0ms inference, 0.7ms postprocess per image at shape (1, 3, 640, 640)

0: 640x640 1 rim, 1: 640x640 (no detections), 2: 640x640 1 rim, 86.9ms
Speed: 0.9ms preprocess, 29.0ms inference, 0.7ms postprocess per image at shape (1, 3, 640, 640)

0: 640x640 1 rim, 1: 640x640 (no detections), 2: 640x640 1 rim, 86.1ms
Speed: 0.9ms preprocess, 28.7ms inference, 0.7ms postprocess per image at shape (1, 3, 640, 640)

0: 640x640 1 rim, 1: 640x640 (no detections), 2: 640x640 1 rim, 86.8ms
Speed: 0.9ms preprocess, 28.9ms inference, 0.8ms postprocess per image at shape (1, 3, 640, 640)

0: 640x640 1 rim, 1: 640x640 (no detections), 2: 640x640 1 rim, 86.8ms
Speed: 0.9ms preprocess, 28.9ms inference, 0.7ms postprocess per image at shape (1, 3, 640, 640)

0: 640x640 1 rim, 1: 640x640 (no detections), 2: 640x640 1 rim, 87.3ms
Speed: 0.9ms preprocess, 29.1ms inference, 0.7ms postprocess per image at shape (1, 3, 640, 640)

0: 640x640 1 rim, 1: 640x640 (no detections), 2: 640x640 1 rim, 86.9ms
Speed: 0.9ms preprocess, 29.0ms inference, 0.8ms postprocess per image at shape (1, 3, 640, 640)

0: 640x640 1 rim, 1: 640x640 (no detections), 2: 640x640 1 rim, 86.3ms
Speed: 0.9ms preprocess, 28.8ms inference, 0.8ms postprocess per image at shape (1, 3, 640, 640)

0: 640x640 1 rim, 1: 640x640 (no detections), 2: 640x640 1 rim, 86.8ms
Speed: 0.9ms preprocess, 28.9ms inference, 0.7ms postprocess per image at shape (1, 3, 640, 640)

0: 640x640 1 rim, 1: 640x640 (no detections), 2: 640x640 1 rim, 85.2ms
Speed: 0.9ms preprocess, 28.4ms inference, 0.7ms postprocess per image at shape (1, 3, 640, 640)

0: 640x640 1 rim, 1: 640x640 (no detections), 2: 640x640 1 rim, 87.4ms
Speed: 0.9ms preprocess, 29.1ms inference, 0.7ms postprocess per image at shape (1, 3, 640, 640)

0: 640x640 1 rim, 1: 640x640 (no detections), 2: 640x640 1 rim, 87.3ms
Speed: 0.9ms preprocess, 29.1ms inference, 0.7ms postprocess per image at shape (1, 3, 640, 640)

0: 640x640 1 rim, 1: 640x640 (no detections), 2: 640x640 1 rim, 87.2ms
Speed: 0.9ms preprocess, 29.1ms inference, 0.7ms postprocess per image at shape (1, 3, 640, 640)

0: 640x640 1 rim, 1: 640x640 (no detections), 2: 640x640 1 rim, 86.7ms
Speed: 0.9ms preprocess, 28.9ms inference, 0.7ms postprocess per image at shape (1, 3, 640, 640)

0: 640x640 1 rim, 1: 640x640 (no detections), 2: 640x640 1 rim, 86.0ms
Speed: 0.9ms preprocess, 28.7ms inference, 0.8ms postprocess per image at shape (1, 3, 640, 640)

0: 640x640 1 rim, 1: 640x640 (no detections), 2: 640x640 1 rim, 86.8ms
Speed: 0.9ms preprocess, 28.9ms inference, 0.8ms postprocess per image at shape (1, 3, 640, 640)

0: 640x640 1 rim, 1: 640x640 (no detections), 2: 640x640 1 rim, 84.6ms
Speed: 0.9ms preprocess, 28.2ms inference, 0.7ms postprocess per image at shape (1, 3, 640, 640)

0: 640x640 1 rim, 1: 640x640 1 ball, 2: 640x640 1 rim, 88.3ms
Speed: 0.9ms preprocess, 29.4ms inference, 0.9ms postprocess per image at shape (1, 3, 640, 640)

0: 640x640 1 rim, 1: 640x640 1 ball, 2: 640x640 1 rim, 86.8ms
Speed: 0.9ms preprocess, 28.9ms inference, 0.9ms postprocess per image at shape (1, 3, 640, 640)

0: 640x640 1 rim, 1: 640x640 1 ball, 2: 640x640 1 rim, 86.6ms
Speed: 0.9ms preprocess, 28.9ms inference, 0.9ms postprocess per image at shape (1, 3, 640, 640)

0: 640x640 1 rim, 1: 640x640 1 ball, 2: 640x640 1 rim, 86.8ms
Speed: 0.9ms preprocess, 28.9ms inference, 0.9ms postprocess per image at shape (1, 3, 640, 640)

0: 640x640 1 rim, 1: 640x640 1 ball, 2: 640x640 1 rim, 85.3ms
Speed: 0.9ms preprocess, 28.4ms inference, 0.9ms postprocess per image at shape (1, 3, 640, 640)

0: 640x640 1 rim, 1: 640x640 1 ball, 2: 640x640 1 rim, 86.8ms
Speed: 0.9ms preprocess, 28.9ms inference, 0.9ms postprocess per image at shape (1, 3, 640, 640)

0: 640x640 1 rim, 1: 640x640 1 ball, 2: 640x640 1 rim, 87.0ms
Speed: 0.9ms preprocess, 29.0ms inference, 0.9ms postprocess per image at shape (1, 3, 640, 640)

0: 640x640 1 rim, 1: 640x640 1 ball, 2: 640x640 1 rim, 87.3ms
Speed: 0.9ms preprocess, 29.1ms inference, 0.9ms postprocess per image at shape (1, 3, 640, 640)

0: 640x640 1 rim, 1: 640x640 1 ball, 2: 640x640 1 rim, 87.3ms
Speed: 0.9ms preprocess, 29.1ms inference, 0.9ms postprocess per image at shape (1, 3, 640, 640)
Traceback (most recent call last):
  File "/work/cvcs2024/Basketball_Video_Analysis/repo/Basketball_Video_Analysis/utils/rim_ball_detection.py", line 256, in <module>
    main()
  File "/work/cvcs2024/Basketball_Video_Analysis/repo/Basketball_Video_Analysis/utils/rim_ball_detection.py", line 252, in main
    model.predict(input_video_path, output_video_path, save=True, save_txt=True, label_file_path=label_file_path)
  File "/work/cvcs2024/Basketball_Video_Analysis/repo/Basketball_Video_Analysis/utils/rim_ball_detection.py", line 112, in predict
    with open(label_file_path, 'w') as f:
FileNotFoundError: [Errno 2] No such file or directory: '/work/cvcs2024/Basketball_Video_Analysis/repo/Basketball_Video_Analysis/utils/debug/ball_rim_labels/video_camera_fissa_20240904_150610.txt'
