
0: 480x640 (no detections), 1249.7ms
Speed: 178.4ms preprocess, 1249.7ms inference, 1265.2ms postprocess per image at shape (1, 3, 480, 640)

WARNING ⚠️ NMS time limit 0.550s exceeded
0: 480x640 1 rim, 10.4ms
Speed: 5.6ms preprocess, 10.4ms inference, 1096.7ms postprocess per image at shape (1, 3, 480, 640)

0: 480x640 1 rim, 10.2ms
Speed: 6.0ms preprocess, 10.2ms inference, 1.9ms postprocess per image at shape (1, 3, 480, 640)

0: 480x640 1 rim, 11.9ms
Speed: 3.7ms preprocess, 11.9ms inference, 2.0ms postprocess per image at shape (1, 3, 480, 640)

0: 480x640 (no detections), 10.9ms
Speed: 3.8ms preprocess, 10.9ms inference, 0.9ms postprocess per image at shape (1, 3, 480, 640)

0: 480x640 (no detections), 7.2ms
Speed: 2.5ms preprocess, 7.2ms inference, 0.7ms postprocess per image at shape (1, 3, 480, 640)

0: 480x640 (no detections), 5.4ms
Speed: 1.9ms preprocess, 5.4ms inference, 0.5ms postprocess per image at shape (1, 3, 480, 640)

0: 480x640 (no detections), 4.4ms
Speed: 1.7ms preprocess, 4.4ms inference, 0.5ms postprocess per image at shape (1, 3, 480, 640)

0: 480x640 (no detections), 4.4ms
Speed: 1.5ms preprocess, 4.4ms inference, 0.5ms postprocess per image at shape (1, 3, 480, 640)

0: 480x640 (no detections), 4.2ms
Speed: 1.5ms preprocess, 4.2ms inference, 0.5ms postprocess per image at shape (1, 3, 480, 640)

0: 480x640 (no detections), 4.1ms
Speed: 1.4ms preprocess, 4.1ms inference, 0.5ms postprocess per image at shape (1, 3, 480, 640)

0: 480x640 (no detections), 4.0ms
Speed: 1.4ms preprocess, 4.0ms inference, 0.5ms postprocess per image at shape (1, 3, 480, 640)

0: 480x640 (no detections), 4.0ms
Speed: 1.4ms preprocess, 4.0ms inference, 0.5ms postprocess per image at shape (1, 3, 480, 640)

0: 480x640 (no detections), 4.0ms
Speed: 1.3ms preprocess, 4.0ms inference, 0.5ms postprocess per image at shape (1, 3, 480, 640)

0: 480x640 (no detections), 4.1ms
Speed: 1.4ms preprocess, 4.1ms inference, 0.5ms postprocess per image at shape (1, 3, 480, 640)

0: 480x640 (no detections), 3.9ms
Speed: 1.3ms preprocess, 3.9ms inference, 0.4ms postprocess per image at shape (1, 3, 480, 640)

0: 480x640 (no detections), 3.8ms
Speed: 1.3ms preprocess, 3.8ms inference, 0.5ms postprocess per image at shape (1, 3, 480, 640)

0: 480x640 (no detections), 3.8ms
Speed: 1.3ms preprocess, 3.8ms inference, 0.4ms postprocess per image at shape (1, 3, 480, 640)

0: 480x640 (no detections), 3.9ms
Speed: 1.3ms preprocess, 3.9ms inference, 0.5ms postprocess per image at shape (1, 3, 480, 640)

0: 480x640 (no detections), 3.9ms
Speed: 1.3ms preprocess, 3.9ms inference, 0.5ms postprocess per image at shape (1, 3, 480, 640)

0: 480x640 (no detections), 3.8ms
Speed: 1.3ms preprocess, 3.8ms inference, 0.4ms postprocess per image at shape (1, 3, 480, 640)

0: 480x640 (no detections), 3.9ms
Speed: 1.2ms preprocess, 3.9ms inference, 0.5ms postprocess per image at shape (1, 3, 480, 640)

0: 480x640 (no detections), 3.8ms
Speed: 1.3ms preprocess, 3.8ms inference, 0.5ms postprocess per image at shape (1, 3, 480, 640)

0: 480x640 (no detections), 3.8ms
Speed: 1.3ms preprocess, 3.8ms inference, 0.5ms postprocess per image at shape (1, 3, 480, 640)

0: 480x640 (no detections), 3.7ms
Speed: 1.2ms preprocess, 3.7ms inference, 0.4ms postprocess per image at shape (1, 3, 480, 640)

0: 480x640 (no detections), 3.7ms
Speed: 1.2ms preprocess, 3.7ms inference, 0.4ms postprocess per image at shape (1, 3, 480, 640)

0: 480x640 (no detections), 3.5ms
Speed: 1.2ms preprocess, 3.5ms inference, 0.4ms postprocess per image at shape (1, 3, 480, 640)

0: 480x640 (no detections), 3.5ms
Speed: 1.2ms preprocess, 3.5ms inference, 0.4ms postprocess per image at shape (1, 3, 480, 640)

0: 480x640 (no detections), 3.5ms
Speed: 1.2ms preprocess, 3.5ms inference, 0.4ms postprocess per image at shape (1, 3, 480, 640)

0: 480x640 (no detections), 3.5ms
Speed: 1.2ms preprocess, 3.5ms inference, 0.4ms postprocess per image at shape (1, 3, 480, 640)

0: 480x640 (no detections), 3.4ms
Speed: 1.1ms preprocess, 3.4ms inference, 0.4ms postprocess per image at shape (1, 3, 480, 640)

0: 480x640 (no detections), 3.4ms
Speed: 1.2ms preprocess, 3.4ms inference, 0.4ms postprocess per image at shape (1, 3, 480, 640)

0: 480x640 (no detections), 3.4ms
Speed: 1.1ms preprocess, 3.4ms inference, 0.4ms postprocess per image at shape (1, 3, 480, 640)

0: 480x640 (no detections), 3.4ms
Speed: 1.2ms preprocess, 3.4ms inference, 0.4ms postprocess per image at shape (1, 3, 480, 640)

0: 480x640 (no detections), 3.4ms
Speed: 1.2ms preprocess, 3.4ms inference, 0.4ms postprocess per image at shape (1, 3, 480, 640)

0: 480x640 (no detections), 3.4ms
Speed: 1.1ms preprocess, 3.4ms inference, 0.4ms postprocess per image at shape (1, 3, 480, 640)

0: 480x640 (no detections), 3.4ms
Speed: 1.2ms preprocess, 3.4ms inference, 0.5ms postprocess per image at shape (1, 3, 480, 640)

0: 480x640 (no detections), 3.5ms
Speed: 1.2ms preprocess, 3.5ms inference, 0.4ms postprocess per image at shape (1, 3, 480, 640)

0: 480x640 (no detections), 3.4ms
Speed: 1.1ms preprocess, 3.4ms inference, 0.4ms postprocess per image at shape (1, 3, 480, 640)

0: 480x640 (no detections), 3.4ms
Speed: 1.2ms preprocess, 3.4ms inference, 0.4ms postprocess per image at shape (1, 3, 480, 640)

0: 480x640 (no detections), 3.4ms
Speed: 1.1ms preprocess, 3.4ms inference, 0.4ms postprocess per image at shape (1, 3, 480, 640)

0: 480x640 (no detections), 3.4ms
Speed: 1.1ms preprocess, 3.4ms inference, 0.4ms postprocess per image at shape (1, 3, 480, 640)

0: 480x640 (no detections), 3.4ms
Speed: 1.2ms preprocess, 3.4ms inference, 0.4ms postprocess per image at shape (1, 3, 480, 640)

0: 480x640 1 rim, 3.4ms
Speed: 1.2ms preprocess, 3.4ms inference, 0.8ms postprocess per image at shape (1, 3, 480, 640)

0: 480x640 1 rim, 9.2ms
Speed: 3.3ms preprocess, 9.2ms inference, 1.5ms postprocess per image at shape (1, 3, 480, 640)

0: 480x640 1 rim, 8.5ms
Speed: 3.1ms preprocess, 8.5ms inference, 1.7ms postprocess per image at shape (1, 3, 480, 640)

0: 480x640 (no detections), 9.4ms
Speed: 3.5ms preprocess, 9.4ms inference, 1.0ms postprocess per image at shape (1, 3, 480, 640)

0: 480x640 (no detections), 6.2ms
Speed: 2.7ms preprocess, 6.2ms inference, 0.7ms postprocess per image at shape (1, 3, 480, 640)

0: 480x640 (no detections), 4.6ms
Speed: 2.0ms preprocess, 4.6ms inference, 0.5ms postprocess per image at shape (1, 3, 480, 640)
Traceback (most recent call last):
  File "/work/cvcs2024/Basketball_Video_Analysis/repo/Basketball_Video_Analysis/main.py", line 21, in <module>
    detector.run()
  File "/work/cvcs2024/Basketball_Video_Analysis/repo/Basketball_Video_Analysis/utils/scoring.py", line 278, in run
    self.process_frame(frame)
  File "/work/cvcs2024/Basketball_Video_Analysis/repo/Basketball_Video_Analysis/utils/scoring.py", line 194, in process_frame
    _, binary_diff = cv2.threshold(frame_diff, self.threshold, 255, cv2.THRESH_BINARY)
cv2.error: OpenCV(4.10.0) :-1: error: (-5:Bad argument) in function 'threshold'
> Overload resolution failed:
>  - Argument 'thresh' can not be treated as a double
>  - Argument 'thresh' can not be treated as a double

