
0: 480x640 (no detections), 94.2ms
Speed: 348.5ms preprocess, 94.2ms inference, 3688.1ms postprocess per image at shape (1, 3, 480, 640)

WARNING ⚠️ NMS time limit 0.550s exceeded
0: 480x640 1 rim, 11.4ms
Speed: 5.0ms preprocess, 11.4ms inference, 2414.9ms postprocess per image at shape (1, 3, 480, 640)

0: 480x640 1 rim, 11.4ms
Speed: 5.0ms preprocess, 11.4ms inference, 2.4ms postprocess per image at shape (1, 3, 480, 640)

0: 480x640 1 rim, 8.9ms
Speed: 3.6ms preprocess, 8.9ms inference, 1.2ms postprocess per image at shape (1, 3, 480, 640)

0: 480x640 (no detections), 7.3ms
Speed: 3.7ms preprocess, 7.3ms inference, 0.7ms postprocess per image at shape (1, 3, 480, 640)

0: 480x640 (no detections), 5.1ms
Speed: 1.6ms preprocess, 5.1ms inference, 0.6ms postprocess per image at shape (1, 3, 480, 640)

0: 480x640 (no detections), 5.0ms
Speed: 1.6ms preprocess, 5.0ms inference, 0.6ms postprocess per image at shape (1, 3, 480, 640)

0: 480x640 (no detections), 5.0ms
Speed: 1.6ms preprocess, 5.0ms inference, 0.6ms postprocess per image at shape (1, 3, 480, 640)

0: 480x640 (no detections), 5.2ms
Speed: 1.7ms preprocess, 5.2ms inference, 0.6ms postprocess per image at shape (1, 3, 480, 640)

0: 480x640 (no detections), 5.2ms
Speed: 1.7ms preprocess, 5.2ms inference, 0.6ms postprocess per image at shape (1, 3, 480, 640)

0: 480x640 (no detections), 4.9ms
Speed: 1.6ms preprocess, 4.9ms inference, 0.6ms postprocess per image at shape (1, 3, 480, 640)

0: 480x640 (no detections), 4.9ms
Speed: 1.6ms preprocess, 4.9ms inference, 0.6ms postprocess per image at shape (1, 3, 480, 640)

0: 480x640 (no detections), 4.8ms
Speed: 1.6ms preprocess, 4.8ms inference, 0.5ms postprocess per image at shape (1, 3, 480, 640)

0: 480x640 (no detections), 4.8ms
Speed: 1.6ms preprocess, 4.8ms inference, 0.5ms postprocess per image at shape (1, 3, 480, 640)

0: 480x640 (no detections), 4.8ms
Speed: 1.6ms preprocess, 4.8ms inference, 0.5ms postprocess per image at shape (1, 3, 480, 640)

0: 480x640 (no detections), 4.8ms
Speed: 1.6ms preprocess, 4.8ms inference, 0.6ms postprocess per image at shape (1, 3, 480, 640)

0: 480x640 (no detections), 4.8ms
Speed: 1.6ms preprocess, 4.8ms inference, 0.6ms postprocess per image at shape (1, 3, 480, 640)

0: 480x640 (no detections), 4.8ms
Speed: 1.7ms preprocess, 4.8ms inference, 0.5ms postprocess per image at shape (1, 3, 480, 640)

0: 480x640 (no detections), 4.8ms
Speed: 1.6ms preprocess, 4.8ms inference, 0.5ms postprocess per image at shape (1, 3, 480, 640)

0: 480x640 (no detections), 4.8ms
Speed: 1.6ms preprocess, 4.8ms inference, 0.5ms postprocess per image at shape (1, 3, 480, 640)

0: 480x640 (no detections), 4.8ms
Speed: 1.6ms preprocess, 4.8ms inference, 0.5ms postprocess per image at shape (1, 3, 480, 640)

0: 480x640 (no detections), 4.8ms
Speed: 1.6ms preprocess, 4.8ms inference, 0.5ms postprocess per image at shape (1, 3, 480, 640)

0: 480x640 (no detections), 4.8ms
Speed: 1.6ms preprocess, 4.8ms inference, 0.5ms postprocess per image at shape (1, 3, 480, 640)

0: 480x640 (no detections), 4.8ms
Speed: 1.6ms preprocess, 4.8ms inference, 0.5ms postprocess per image at shape (1, 3, 480, 640)

0: 480x640 (no detections), 4.8ms
Speed: 1.6ms preprocess, 4.8ms inference, 0.6ms postprocess per image at shape (1, 3, 480, 640)

0: 480x640 (no detections), 4.8ms
Speed: 1.6ms preprocess, 4.8ms inference, 0.5ms postprocess per image at shape (1, 3, 480, 640)

0: 480x640 (no detections), 4.8ms
Speed: 1.6ms preprocess, 4.8ms inference, 0.5ms postprocess per image at shape (1, 3, 480, 640)

0: 480x640 (no detections), 4.8ms
Speed: 1.6ms preprocess, 4.8ms inference, 0.5ms postprocess per image at shape (1, 3, 480, 640)

0: 480x640 (no detections), 4.9ms
Speed: 1.7ms preprocess, 4.9ms inference, 0.6ms postprocess per image at shape (1, 3, 480, 640)

0: 480x640 (no detections), 4.9ms
Speed: 1.6ms preprocess, 4.9ms inference, 0.5ms postprocess per image at shape (1, 3, 480, 640)

0: 480x640 (no detections), 4.8ms
Speed: 1.6ms preprocess, 4.8ms inference, 0.6ms postprocess per image at shape (1, 3, 480, 640)

0: 480x640 (no detections), 4.8ms
Speed: 1.6ms preprocess, 4.8ms inference, 0.6ms postprocess per image at shape (1, 3, 480, 640)

0: 480x640 (no detections), 4.2ms
Speed: 1.7ms preprocess, 4.2ms inference, 0.5ms postprocess per image at shape (1, 3, 480, 640)

0: 480x640 (no detections), 4.3ms
Speed: 1.4ms preprocess, 4.3ms inference, 0.5ms postprocess per image at shape (1, 3, 480, 640)

0: 480x640 (no detections), 4.3ms
Speed: 1.5ms preprocess, 4.3ms inference, 0.5ms postprocess per image at shape (1, 3, 480, 640)

0: 480x640 (no detections), 4.3ms
Speed: 1.5ms preprocess, 4.3ms inference, 0.5ms postprocess per image at shape (1, 3, 480, 640)

0: 480x640 (no detections), 4.3ms
Speed: 1.6ms preprocess, 4.3ms inference, 0.5ms postprocess per image at shape (1, 3, 480, 640)

0: 480x640 (no detections), 4.2ms
Speed: 1.4ms preprocess, 4.2ms inference, 0.5ms postprocess per image at shape (1, 3, 480, 640)

0: 480x640 (no detections), 4.2ms
Speed: 1.4ms preprocess, 4.2ms inference, 0.5ms postprocess per image at shape (1, 3, 480, 640)

0: 480x640 (no detections), 4.2ms
Speed: 1.4ms preprocess, 4.2ms inference, 0.5ms postprocess per image at shape (1, 3, 480, 640)

0: 480x640 (no detections), 4.0ms
Speed: 1.4ms preprocess, 4.0ms inference, 0.5ms postprocess per image at shape (1, 3, 480, 640)

0: 480x640 (no detections), 4.0ms
Speed: 1.4ms preprocess, 4.0ms inference, 0.5ms postprocess per image at shape (1, 3, 480, 640)

0: 480x640 (no detections), 4.0ms
Speed: 1.4ms preprocess, 4.0ms inference, 0.5ms postprocess per image at shape (1, 3, 480, 640)

0: 480x640 1 rim, 4.0ms
Speed: 1.4ms preprocess, 4.0ms inference, 0.9ms postprocess per image at shape (1, 3, 480, 640)

0: 480x640 1 rim, 4.1ms
Speed: 1.4ms preprocess, 4.1ms inference, 0.9ms postprocess per image at shape (1, 3, 480, 640)

0: 480x640 1 rim, 4.1ms
Speed: 1.4ms preprocess, 4.1ms inference, 0.9ms postprocess per image at shape (1, 3, 480, 640)

0: 480x640 (no detections), 9.8ms
Speed: 3.1ms preprocess, 9.8ms inference, 1.1ms postprocess per image at shape (1, 3, 480, 640)

0: 480x640 (no detections), 8.9ms
Speed: 3.1ms preprocess, 8.9ms inference, 1.0ms postprocess per image at shape (1, 3, 480, 640)

0: 480x640 (no detections), 7.3ms
Speed: 2.5ms preprocess, 7.3ms inference, 0.8ms postprocess per image at shape (1, 3, 480, 640)
Traceback (most recent call last):
  File "/work/cvcs2024/Basketball_Video_Analysis/repo/Basketball_Video_Analysis/main.py", line 13, in <module>
    detector = BasketballScoreDetector(
  File "/work/cvcs2024/Basketball_Video_Analysis/repo/Basketball_Video_Analysis/utils/scoring.py", line 113, in __init__
    self._init_full_detector(kwargs['video_path'], kwargs['output_path_color'], kwargs.get('hoop_regions', []), kwargs.get('output_path_gray', None), kwargs.get('verbose', False), kwargs.get('threshold', 25),kwargs.get('output_txt', None))
  File "/work/cvcs2024/Basketball_Video_Analysis/repo/Basketball_Video_Analysis/utils/scoring.py", line 142, in _init_full_detector
    self.output_file = open(self.output_txt, 'w')  # Apre il file in modalità scrittura
AttributeError: 'BasketballScoreDetector' object has no attribute 'output_txt'
