
0: 480x640 (no detections), 90.5ms
Speed: 30.8ms preprocess, 90.5ms inference, 1541.7ms postprocess per image at shape (1, 3, 480, 640)

WARNING ⚠️ NMS time limit 0.550s exceeded
0: 480x640 1 rim, 11.7ms
Speed: 5.1ms preprocess, 11.7ms inference, 2940.3ms postprocess per image at shape (1, 3, 480, 640)

0: 480x640 1 rim, 11.3ms
Speed: 5.2ms preprocess, 11.3ms inference, 2.4ms postprocess per image at shape (1, 3, 480, 640)

0: 480x640 1 rim, 11.3ms
Speed: 3.8ms preprocess, 11.3ms inference, 2.4ms postprocess per image at shape (1, 3, 480, 640)

0: 480x640 (no detections), 11.2ms
Speed: 3.6ms preprocess, 11.2ms inference, 1.3ms postprocess per image at shape (1, 3, 480, 640)

0: 480x640 (no detections), 10.9ms
Speed: 3.5ms preprocess, 10.9ms inference, 1.3ms postprocess per image at shape (1, 3, 480, 640)

0: 480x640 (no detections), 9.2ms
Speed: 3.3ms preprocess, 9.2ms inference, 1.0ms postprocess per image at shape (1, 3, 480, 640)

0: 480x640 (no detections), 7.2ms
Speed: 2.6ms preprocess, 7.2ms inference, 0.8ms postprocess per image at shape (1, 3, 480, 640)

0: 480x640 (no detections), 6.2ms
Speed: 2.2ms preprocess, 6.2ms inference, 0.7ms postprocess per image at shape (1, 3, 480, 640)

0: 480x640 (no detections), 5.7ms
Speed: 1.9ms preprocess, 5.7ms inference, 0.6ms postprocess per image at shape (1, 3, 480, 640)

0: 480x640 (no detections), 5.1ms
Speed: 1.8ms preprocess, 5.1ms inference, 0.6ms postprocess per image at shape (1, 3, 480, 640)

0: 480x640 (no detections), 4.8ms
Speed: 1.6ms preprocess, 4.8ms inference, 0.6ms postprocess per image at shape (1, 3, 480, 640)

0: 480x640 (no detections), 4.8ms
Speed: 1.6ms preprocess, 4.8ms inference, 0.6ms postprocess per image at shape (1, 3, 480, 640)

0: 480x640 (no detections), 4.8ms
Speed: 1.6ms preprocess, 4.8ms inference, 0.6ms postprocess per image at shape (1, 3, 480, 640)

0: 480x640 (no detections), 4.8ms
Speed: 1.6ms preprocess, 4.8ms inference, 0.6ms postprocess per image at shape (1, 3, 480, 640)

0: 480x640 (no detections), 4.9ms
Speed: 1.6ms preprocess, 4.9ms inference, 0.6ms postprocess per image at shape (1, 3, 480, 640)

0: 480x640 (no detections), 4.8ms
Speed: 1.6ms preprocess, 4.8ms inference, 0.6ms postprocess per image at shape (1, 3, 480, 640)

0: 480x640 (no detections), 4.8ms
Speed: 1.6ms preprocess, 4.8ms inference, 0.6ms postprocess per image at shape (1, 3, 480, 640)

0: 480x640 (no detections), 4.8ms
Speed: 1.6ms preprocess, 4.8ms inference, 0.5ms postprocess per image at shape (1, 3, 480, 640)

0: 480x640 (no detections), 4.8ms
Speed: 1.6ms preprocess, 4.8ms inference, 0.6ms postprocess per image at shape (1, 3, 480, 640)

0: 480x640 (no detections), 4.8ms
Speed: 1.7ms preprocess, 4.8ms inference, 0.6ms postprocess per image at shape (1, 3, 480, 640)

0: 480x640 (no detections), 4.8ms
Speed: 1.6ms preprocess, 4.8ms inference, 0.6ms postprocess per image at shape (1, 3, 480, 640)

0: 480x640 (no detections), 4.8ms
Speed: 1.6ms preprocess, 4.8ms inference, 0.5ms postprocess per image at shape (1, 3, 480, 640)

0: 480x640 (no detections), 4.8ms
Speed: 1.6ms preprocess, 4.8ms inference, 0.6ms postprocess per image at shape (1, 3, 480, 640)

0: 480x640 (no detections), 4.9ms
Speed: 1.7ms preprocess, 4.9ms inference, 0.6ms postprocess per image at shape (1, 3, 480, 640)

0: 480x640 (no detections), 4.8ms
Speed: 1.6ms preprocess, 4.8ms inference, 0.6ms postprocess per image at shape (1, 3, 480, 640)

0: 480x640 (no detections), 4.8ms
Speed: 1.6ms preprocess, 4.8ms inference, 0.5ms postprocess per image at shape (1, 3, 480, 640)

0: 480x640 (no detections), 4.8ms
Speed: 1.6ms preprocess, 4.8ms inference, 0.5ms postprocess per image at shape (1, 3, 480, 640)

0: 480x640 (no detections), 4.8ms
Speed: 1.6ms preprocess, 4.8ms inference, 0.6ms postprocess per image at shape (1, 3, 480, 640)

0: 480x640 (no detections), 4.8ms
Speed: 1.6ms preprocess, 4.8ms inference, 0.6ms postprocess per image at shape (1, 3, 480, 640)

0: 480x640 (no detections), 4.8ms
Speed: 1.6ms preprocess, 4.8ms inference, 0.6ms postprocess per image at shape (1, 3, 480, 640)

0: 480x640 (no detections), 4.8ms
Speed: 1.6ms preprocess, 4.8ms inference, 0.5ms postprocess per image at shape (1, 3, 480, 640)

0: 480x640 (no detections), 4.8ms
Speed: 1.6ms preprocess, 4.8ms inference, 0.5ms postprocess per image at shape (1, 3, 480, 640)

0: 480x640 (no detections), 4.8ms
Speed: 1.6ms preprocess, 4.8ms inference, 0.6ms postprocess per image at shape (1, 3, 480, 640)

0: 480x640 (no detections), 4.8ms
Speed: 1.6ms preprocess, 4.8ms inference, 0.6ms postprocess per image at shape (1, 3, 480, 640)

0: 480x640 (no detections), 4.8ms
Speed: 1.6ms preprocess, 4.8ms inference, 0.6ms postprocess per image at shape (1, 3, 480, 640)

0: 480x640 (no detections), 4.8ms
Speed: 1.6ms preprocess, 4.8ms inference, 0.6ms postprocess per image at shape (1, 3, 480, 640)

0: 480x640 (no detections), 4.8ms
Speed: 1.6ms preprocess, 4.8ms inference, 0.5ms postprocess per image at shape (1, 3, 480, 640)

0: 480x640 (no detections), 4.9ms
Speed: 1.7ms preprocess, 4.9ms inference, 0.6ms postprocess per image at shape (1, 3, 480, 640)

0: 480x640 (no detections), 4.8ms
Speed: 1.7ms preprocess, 4.8ms inference, 0.6ms postprocess per image at shape (1, 3, 480, 640)

0: 480x640 (no detections), 4.8ms
Speed: 1.6ms preprocess, 4.8ms inference, 0.5ms postprocess per image at shape (1, 3, 480, 640)

0: 480x640 (no detections), 4.8ms
Speed: 1.6ms preprocess, 4.8ms inference, 0.5ms postprocess per image at shape (1, 3, 480, 640)

0: 480x640 (no detections), 4.8ms
Speed: 1.6ms preprocess, 4.8ms inference, 0.6ms postprocess per image at shape (1, 3, 480, 640)

0: 480x640 1 rim, 4.9ms
Speed: 1.6ms preprocess, 4.9ms inference, 1.1ms postprocess per image at shape (1, 3, 480, 640)

0: 480x640 1 rim, 5.4ms
Speed: 1.9ms preprocess, 5.4ms inference, 1.2ms postprocess per image at shape (1, 3, 480, 640)

0: 480x640 1 rim, 11.2ms
Speed: 3.6ms preprocess, 11.2ms inference, 2.4ms postprocess per image at shape (1, 3, 480, 640)

0: 480x640 (no detections), 11.2ms
Speed: 3.6ms preprocess, 11.2ms inference, 1.3ms postprocess per image at shape (1, 3, 480, 640)

0: 480x640 (no detections), 10.8ms
Speed: 3.4ms preprocess, 10.8ms inference, 1.3ms postprocess per image at shape (1, 3, 480, 640)

0: 480x640 (no detections), 9.7ms
Speed: 3.4ms preprocess, 9.7ms inference, 1.0ms postprocess per image at shape (1, 3, 480, 640)
Traceback (most recent call last):
  File "/work/cvcs2024/Basketball_Video_Analysis/repo/Basketball_Video_Analysis/main.py", line 13, in <module>
    detector = BasketballScoreDetector(
  File "/work/cvcs2024/Basketball_Video_Analysis/repo/Basketball_Video_Analysis/utils/scoring.py", line 113, in __init__
    self._init_full_detector(kwargs['video_path'], kwargs['output_path_color'], kwargs.get('hoop_regions', []), kwargs.get('output_path_gray', None), kwargs.get('verbose', False), kwargs.get('threshold', 25),kwargs.get('output_txt', None))
  File "/work/cvcs2024/Basketball_Video_Analysis/repo/Basketball_Video_Analysis/utils/scoring.py", line 141, in _init_full_detector
    if self.output_txt is not None:
AttributeError: 'BasketballScoreDetector' object has no attribute 'output_txt'
